mode: atomic
github.com/dappledger/AnnChain/chain/app/evm/evm.go:66.54,68.2 1 0
github.com/dappledger/AnnChain/chain/app/evm/evm.go:70.84,73.19 2 0
github.com/dappledger/AnnChain/chain/app/evm/evm.go:76.2,76.15 1 0
github.com/dappledger/AnnChain/chain/app/evm/evm.go:73.19,75.3 1 0
github.com/dappledger/AnnChain/chain/app/evm/evm.go:117.54,133.85 4 0
github.com/dappledger/AnnChain/chain/app/evm/evm.go:138.2,138.107 1 0
github.com/dappledger/AnnChain/chain/app/evm/evm.go:143.2,145.17 2 0
github.com/dappledger/AnnChain/chain/app/evm/evm.go:133.85,136.3 2 0
github.com/dappledger/AnnChain/chain/app/evm/evm.go:138.107,141.3 2 0
github.com/dappledger/AnnChain/chain/app/evm/evm.go:148.96,150.2 1 0
github.com/dappledger/AnnChain/chain/app/evm/evm.go:152.41,153.43 1 0
github.com/dappledger/AnnChain/chain/app/evm/evm.go:157.2,160.12 4 0
github.com/dappledger/AnnChain/chain/app/evm/evm.go:153.43,155.3 1 0
github.com/dappledger/AnnChain/chain/app/evm/evm.go:163.40,164.43 1 0
github.com/dappledger/AnnChain/chain/app/evm/evm.go:170.2,174.72 2 0
github.com/dappledger/AnnChain/chain/app/evm/evm.go:177.2,177.16 1 0
github.com/dappledger/AnnChain/chain/app/evm/evm.go:183.2,184.32 2 0
github.com/dappledger/AnnChain/chain/app/evm/evm.go:187.2,188.88 2 0
github.com/dappledger/AnnChain/chain/app/evm/evm.go:194.2,194.12 1 0
github.com/dappledger/AnnChain/chain/app/evm/evm.go:164.43,168.3 3 0
github.com/dappledger/AnnChain/chain/app/evm/evm.go:174.72,176.3 1 0
github.com/dappledger/AnnChain/chain/app/evm/evm.go:177.16,180.3 2 0
github.com/dappledger/AnnChain/chain/app/evm/evm.go:184.32,186.3 1 0
github.com/dappledger/AnnChain/chain/app/evm/evm.go:188.88,192.3 3 0
github.com/dappledger/AnnChain/chain/app/evm/evm.go:197.49,202.72 2 0
github.com/dappledger/AnnChain/chain/app/evm/evm.go:205.2,205.32 1 0
github.com/dappledger/AnnChain/chain/app/evm/evm.go:208.2,208.22 1 0
github.com/dappledger/AnnChain/chain/app/evm/evm.go:202.72,204.3 1 0
github.com/dappledger/AnnChain/chain/app/evm/evm.go:205.32,207.3 1 0
github.com/dappledger/AnnChain/chain/app/evm/evm.go:211.46,213.2 1 0
github.com/dappledger/AnnChain/chain/app/evm/evm.go:215.27,218.2 2 0
github.com/dappledger/AnnChain/chain/app/evm/evm.go:220.50,222.2 1 0
github.com/dappledger/AnnChain/chain/app/evm/evm.go:224.44,224.45 0 0
github.com/dappledger/AnnChain/chain/app/evm/evm.go:226.36,226.37 0 0
github.com/dappledger/AnnChain/chain/app/evm/evm.go:228.94,230.2 1 0
github.com/dappledger/AnnChain/chain/app/evm/evm.go:232.93,234.2 1 0
github.com/dappledger/AnnChain/chain/app/evm/evm.go:236.93,240.40 3 0
github.com/dappledger/AnnChain/chain/app/evm/evm.go:240.40,245.75 4 0
github.com/dappledger/AnnChain/chain/app/evm/evm.go:274.3,274.47 1 0
github.com/dappledger/AnnChain/chain/app/evm/evm.go:286.3,286.27 1 0
github.com/dappledger/AnnChain/chain/app/evm/evm.go:245.75,249.18 3 0
github.com/dappledger/AnnChain/chain/app/evm/evm.go:252.4,267.18 5 0
github.com/dappledger/AnnChain/chain/app/evm/evm.go:270.4,271.14 2 0
github.com/dappledger/AnnChain/chain/app/evm/evm.go:249.18,251.5 1 0
github.com/dappledger/AnnChain/chain/app/evm/evm.go:267.18,269.5 1 0
github.com/dappledger/AnnChain/chain/app/evm/evm.go:274.47,275.18 1 0
github.com/dappledger/AnnChain/chain/app/evm/evm.go:282.4,284.15 3 0
github.com/dappledger/AnnChain/chain/app/evm/evm.go:275.18,281.5 5 0
github.com/dappledger/AnnChain/chain/app/evm/evm.go:290.83,298.2 1 0
github.com/dappledger/AnnChain/chain/app/evm/evm.go:300.93,306.107 2 0
github.com/dappledger/AnnChain/chain/app/evm/evm.go:309.2,312.36 3 0
github.com/dappledger/AnnChain/chain/app/evm/evm.go:315.2,316.22 2 0
github.com/dappledger/AnnChain/chain/app/evm/evm.go:321.2,321.17 1 0
github.com/dappledger/AnnChain/chain/app/evm/evm.go:306.107,308.3 1 0
github.com/dappledger/AnnChain/chain/app/evm/evm.go:312.36,314.3 1 0
github.com/dappledger/AnnChain/chain/app/evm/evm.go:316.22,317.12 1 0
github.com/dappledger/AnnChain/chain/app/evm/evm.go:317.12,319.4 1 0
github.com/dappledger/AnnChain/chain/app/evm/evm.go:325.92,327.16 2 0
github.com/dappledger/AnnChain/chain/app/evm/evm.go:331.2,331.84 1 0
github.com/dappledger/AnnChain/chain/app/evm/evm.go:335.2,336.87 2 0
github.com/dappledger/AnnChain/chain/app/evm/evm.go:340.2,345.16 4 0
github.com/dappledger/AnnChain/chain/app/evm/evm.go:349.2,356.8 4 0
github.com/dappledger/AnnChain/chain/app/evm/evm.go:327.16,329.3 1 0
github.com/dappledger/AnnChain/chain/app/evm/evm.go:331.84,333.3 1 0
github.com/dappledger/AnnChain/chain/app/evm/evm.go:336.87,339.3 2 0
github.com/dappledger/AnnChain/chain/app/evm/evm.go:345.16,347.3 1 0
github.com/dappledger/AnnChain/chain/app/evm/evm.go:359.45,362.16 3 0
github.com/dappledger/AnnChain/chain/app/evm/evm.go:365.2,372.22 6 0
github.com/dappledger/AnnChain/chain/app/evm/evm.go:378.2,378.51 1 0
github.com/dappledger/AnnChain/chain/app/evm/evm.go:381.2,381.12 1 0
github.com/dappledger/AnnChain/chain/app/evm/evm.go:362.16,364.3 1 0
github.com/dappledger/AnnChain/chain/app/evm/evm.go:372.22,375.3 2 0
github.com/dappledger/AnnChain/chain/app/evm/evm.go:378.51,380.3 1 0
github.com/dappledger/AnnChain/chain/app/evm/evm.go:384.51,388.39 3 0
github.com/dappledger/AnnChain/chain/app/evm/evm.go:401.2,401.45 1 0
github.com/dappledger/AnnChain/chain/app/evm/evm.go:404.2,405.19 2 0
github.com/dappledger/AnnChain/chain/app/evm/evm.go:388.39,391.17 3 0
github.com/dappledger/AnnChain/chain/app/evm/evm.go:395.3,396.68 2 0
github.com/dappledger/AnnChain/chain/app/evm/evm.go:399.3,399.61 1 0
github.com/dappledger/AnnChain/chain/app/evm/evm.go:391.17,393.4 1 0
github.com/dappledger/AnnChain/chain/app/evm/evm.go:396.68,398.4 1 0
github.com/dappledger/AnnChain/chain/app/evm/evm.go:401.45,403.3 1 0
github.com/dappledger/AnnChain/chain/app/evm/evm.go:408.55,413.51 2 0
github.com/dappledger/AnnChain/chain/app/evm/evm.go:417.2,421.8 5 0
github.com/dappledger/AnnChain/chain/app/evm/evm.go:413.51,415.3 1 0
github.com/dappledger/AnnChain/chain/app/evm/evm.go:424.60,427.16 3 0
github.com/dappledger/AnnChain/chain/app/evm/evm.go:451.2,451.12 1 0
github.com/dappledger/AnnChain/chain/app/evm/evm.go:428.33,429.35 1 0
github.com/dappledger/AnnChain/chain/app/evm/evm.go:430.40,431.20 1 0
github.com/dappledger/AnnChain/chain/app/evm/evm.go:434.3,435.49 2 0
github.com/dappledger/AnnChain/chain/app/evm/evm.go:436.30,437.29 1 0
github.com/dappledger/AnnChain/chain/app/evm/evm.go:438.32,439.31 1 0
github.com/dappledger/AnnChain/chain/app/evm/evm.go:440.34,441.41 1 0
github.com/dappledger/AnnChain/chain/app/evm/evm.go:442.32,443.31 1 0
github.com/dappledger/AnnChain/chain/app/evm/evm.go:444.30,445.35 1 0
github.com/dappledger/AnnChain/chain/app/evm/evm.go:446.10,447.81 1 0
github.com/dappledger/AnnChain/chain/app/evm/evm.go:431.20,433.4 1 0
github.com/dappledger/AnnChain/chain/app/evm/evm.go:454.70,457.16 3 0
github.com/dappledger/AnnChain/chain/app/evm/evm.go:460.2,466.39 5 0
github.com/dappledger/AnnChain/chain/app/evm/evm.go:469.2,469.84 1 0
github.com/dappledger/AnnChain/chain/app/evm/evm.go:457.16,459.3 1 0
github.com/dappledger/AnnChain/chain/app/evm/evm.go:466.39,468.3 1 0
github.com/dappledger/AnnChain/chain/app/evm/evm.go:472.76,475.16 3 0
github.com/dappledger/AnnChain/chain/app/evm/evm.go:479.2,480.16 2 0
github.com/dappledger/AnnChain/chain/app/evm/evm.go:483.2,489.17 4 0
github.com/dappledger/AnnChain/chain/app/evm/evm.go:518.2,520.16 3 0
github.com/dappledger/AnnChain/chain/app/evm/evm.go:524.2,524.36 1 0
github.com/dappledger/AnnChain/chain/app/evm/evm.go:475.16,477.3 1 0
github.com/dappledger/AnnChain/chain/app/evm/evm.go:480.16,482.3 1 0
github.com/dappledger/AnnChain/chain/app/evm/evm.go:489.17,496.3 4 0
github.com/dappledger/AnnChain/chain/app/evm/evm.go:496.8,500.17 3 0
github.com/dappledger/AnnChain/chain/app/evm/evm.go:503.3,507.40 4 0
github.com/dappledger/AnnChain/chain/app/evm/evm.go:511.3,512.17 2 0
github.com/dappledger/AnnChain/chain/app/evm/evm.go:515.3,515.63 1 0
github.com/dappledger/AnnChain/chain/app/evm/evm.go:500.17,502.4 1 0
github.com/dappledger/AnnChain/chain/app/evm/evm.go:507.40,509.4 1 0
github.com/dappledger/AnnChain/chain/app/evm/evm.go:512.17,514.4 1 0
github.com/dappledger/AnnChain/chain/app/evm/evm.go:520.16,522.3 1 0
github.com/dappledger/AnnChain/chain/app/evm/evm.go:527.58,535.2 1 0
github.com/dappledger/AnnChain/chain/app/evm/evm.go:537.63,538.26 1 0
github.com/dappledger/AnnChain/chain/app/evm/evm.go:541.2,548.16 6 0
github.com/dappledger/AnnChain/chain/app/evm/evm.go:551.2,551.37 1 0
github.com/dappledger/AnnChain/chain/app/evm/evm.go:538.26,540.3 1 0
github.com/dappledger/AnnChain/chain/app/evm/evm.go:548.16,550.3 1 0
github.com/dappledger/AnnChain/chain/app/evm/evm.go:554.67,557.16 3 0
github.com/dappledger/AnnChain/chain/app/evm/evm.go:560.2,560.37 1 0
github.com/dappledger/AnnChain/chain/app/evm/evm.go:557.16,559.3 1 0
github.com/dappledger/AnnChain/chain/app/evm/evm.go:563.71,564.27 1 0
github.com/dappledger/AnnChain/chain/app/evm/evm.go:568.2,570.16 3 0
github.com/dappledger/AnnChain/chain/app/evm/evm.go:574.2,575.16 2 0
github.com/dappledger/AnnChain/chain/app/evm/evm.go:578.2,580.12 3 0
github.com/dappledger/AnnChain/chain/app/evm/evm.go:564.27,566.3 1 0
github.com/dappledger/AnnChain/chain/app/evm/evm.go:570.16,572.3 1 0
github.com/dappledger/AnnChain/chain/app/evm/evm.go:575.16,577.3 1 0
github.com/dappledger/AnnChain/chain/app/evm/evm.go:583.67,584.27 1 0
github.com/dappledger/AnnChain/chain/app/evm/evm.go:588.2,590.16 3 0
github.com/dappledger/AnnChain/chain/app/evm/evm.go:594.2,594.36 1 0
github.com/dappledger/AnnChain/chain/app/evm/evm.go:598.2,599.12 2 0
github.com/dappledger/AnnChain/chain/app/evm/evm.go:584.27,586.3 1 0
github.com/dappledger/AnnChain/chain/app/evm/evm.go:590.16,592.3 1 0
github.com/dappledger/AnnChain/chain/app/evm/evm.go:594.36,596.3 1 0
github.com/dappledger/AnnChain/chain/app/evm/evm.go:602.46,604.2 1 0
github.com/dappledger/AnnChain/chain/app/evm/tx_pool.go:61.62,74.2 1 0
github.com/dappledger/AnnChain/chain/app/evm/tx_pool.go:76.42,79.2 2 0
github.com/dappledger/AnnChain/chain/app/evm/tx_pool.go:81.29,85.6 3 0
github.com/dappledger/AnnChain/chain/app/evm/tx_pool.go:85.6,86.10 1 0
github.com/dappledger/AnnChain/chain/app/evm/tx_pool.go:87.18,89.38 2 0
github.com/dappledger/AnnChain/chain/app/evm/tx_pool.go:103.4,103.15 1 0
github.com/dappledger/AnnChain/chain/app/evm/tx_pool.go:89.38,90.63 1 0
github.com/dappledger/AnnChain/chain/app/evm/tx_pool.go:90.63,91.60 1 0
github.com/dappledger/AnnChain/chain/app/evm/tx_pool.go:96.6,96.52 1 0
github.com/dappledger/AnnChain/chain/app/evm/tx_pool.go:99.6,100.30 2 0
github.com/dappledger/AnnChain/chain/app/evm/tx_pool.go:91.60,92.15 1 0
github.com/dappledger/AnnChain/chain/app/evm/tx_pool.go:96.52,98.7 1 0
github.com/dappledger/AnnChain/chain/app/evm/tx_pool.go:108.29,110.2 1 0
github.com/dappledger/AnnChain/chain/app/evm/tx_pool.go:112.31,114.2 1 0
github.com/dappledger/AnnChain/chain/app/evm/tx_pool.go:116.46,118.2 1 0
github.com/dappledger/AnnChain/chain/app/evm/tx_pool.go:120.59,122.2 1 0
github.com/dappledger/AnnChain/chain/app/evm/tx_pool.go:125.50,128.17 3 0
github.com/dappledger/AnnChain/chain/app/evm/tx_pool.go:134.2,137.61 2 0
github.com/dappledger/AnnChain/chain/app/evm/tx_pool.go:143.1,144.40 1 0
github.com/dappledger/AnnChain/chain/app/evm/tx_pool.go:157.2,158.15 2 0
github.com/dappledger/AnnChain/chain/app/evm/tx_pool.go:128.17,130.3 1 0
github.com/dappledger/AnnChain/chain/app/evm/tx_pool.go:130.8,130.23 1 0
github.com/dappledger/AnnChain/chain/app/evm/tx_pool.go:130.23,132.3 1 0
github.com/dappledger/AnnChain/chain/app/evm/tx_pool.go:137.61,139.3 1 0
github.com/dappledger/AnnChain/chain/app/evm/tx_pool.go:139.8,141.3 1 0
github.com/dappledger/AnnChain/chain/app/evm/tx_pool.go:144.40,145.43 1 0
github.com/dappledger/AnnChain/chain/app/evm/tx_pool.go:145.43,147.14 2 0
github.com/dappledger/AnnChain/chain/app/evm/tx_pool.go:151.4,152.29 2 0
github.com/dappledger/AnnChain/chain/app/evm/tx_pool.go:147.14,150.5 1 0
github.com/dappledger/AnnChain/chain/app/evm/tx_pool.go:152.29,153.18 1 0
github.com/dappledger/AnnChain/chain/app/evm/tx_pool.go:162.54,163.28 1 0
github.com/dappledger/AnnChain/chain/app/evm/tx_pool.go:167.2,168.51 2 0
github.com/dappledger/AnnChain/chain/app/evm/tx_pool.go:171.2,171.50 1 0
github.com/dappledger/AnnChain/chain/app/evm/tx_pool.go:174.2,177.12 4 0
github.com/dappledger/AnnChain/chain/app/evm/tx_pool.go:163.28,165.3 1 0
github.com/dappledger/AnnChain/chain/app/evm/tx_pool.go:168.51,170.3 1 0
github.com/dappledger/AnnChain/chain/app/evm/tx_pool.go:171.50,173.3 1 0
github.com/dappledger/AnnChain/chain/app/evm/tx_pool.go:181.55,185.53 3 0
github.com/dappledger/AnnChain/chain/app/evm/tx_pool.go:193.2,193.40 1 0
github.com/dappledger/AnnChain/chain/app/evm/tx_pool.go:198.2,200.12 3 0
github.com/dappledger/AnnChain/chain/app/evm/tx_pool.go:185.53,187.29 2 0
github.com/dappledger/AnnChain/chain/app/evm/tx_pool.go:187.29,189.4 1 0
github.com/dappledger/AnnChain/chain/app/evm/tx_pool.go:193.40,197.3 3 0
github.com/dappledger/AnnChain/chain/app/evm/tx_pool.go:204.57,205.26 1 0
github.com/dappledger/AnnChain/chain/app/evm/tx_pool.go:208.2,209.74 2 0
github.com/dappledger/AnnChain/chain/app/evm/tx_pool.go:213.2,213.12 1 0
github.com/dappledger/AnnChain/chain/app/evm/tx_pool.go:205.26,207.3 1 0
github.com/dappledger/AnnChain/chain/app/evm/tx_pool.go:209.74,212.3 2 0
github.com/dappledger/AnnChain/chain/app/evm/tx_pool.go:217.65,218.26 1 0
github.com/dappledger/AnnChain/chain/app/evm/tx_pool.go:221.2,223.71 3 0
github.com/dappledger/AnnChain/chain/app/evm/tx_pool.go:218.26,220.3 1 0
github.com/dappledger/AnnChain/chain/app/evm/tx_pool.go:223.71,227.41 3 0
github.com/dappledger/AnnChain/chain/app/evm/tx_pool.go:227.41,230.4 2 0
github.com/dappledger/AnnChain/chain/app/evm/tx_pool.go:235.63,240.2 4 0
github.com/dappledger/AnnChain/chain/app/evm/tx_pool.go:242.80,245.42 3 0
github.com/dappledger/AnnChain/chain/app/evm/tx_pool.go:249.2,251.31 3 0
github.com/dappledger/AnnChain/chain/app/evm/tx_pool.go:255.2,255.48 1 0
github.com/dappledger/AnnChain/chain/app/evm/tx_pool.go:258.2,259.32 2 0
github.com/dappledger/AnnChain/chain/app/evm/tx_pool.go:262.2,262.12 1 0
github.com/dappledger/AnnChain/chain/app/evm/tx_pool.go:245.42,247.3 1 0
github.com/dappledger/AnnChain/chain/app/evm/tx_pool.go:251.31,253.3 1 0
github.com/dappledger/AnnChain/chain/app/evm/tx_pool.go:255.48,257.3 1 0
github.com/dappledger/AnnChain/chain/app/evm/tx_pool.go:259.32,261.3 1 0
github.com/dappledger/AnnChain/chain/app/evm/tx_pool.go:266.59,271.19 5 0
github.com/dappledger/AnnChain/chain/app/evm/tx_pool.go:275.2,276.25 2 0
github.com/dappledger/AnnChain/chain/app/evm/tx_pool.go:279.2,282.8 3 0
github.com/dappledger/AnnChain/chain/app/evm/tx_pool.go:271.19,273.3 1 0
github.com/dappledger/AnnChain/chain/app/evm/tx_pool.go:276.25,278.3 1 0
github.com/dappledger/AnnChain/chain/app/evm/tx_pool.go:286.38,298.2 5 0
github.com/dappledger/AnnChain/chain/app/evm/tx_pool.go:300.33,304.2 3 0
github.com/dappledger/AnnChain/chain/app/evm/tx_pool.go:307.53,309.2 1 0
github.com/dappledger/AnnChain/chain/app/evm/tx_pool.go:312.30,321.2 8 0
github.com/dappledger/AnnChain/chain/app/evm/tx_pool.go:326.65,329.40 2 0
github.com/dappledger/AnnChain/chain/app/evm/tx_pool.go:333.2,333.39 1 0
github.com/dappledger/AnnChain/chain/app/evm/tx_pool.go:339.2,339.18 1 0
github.com/dappledger/AnnChain/chain/app/evm/tx_pool.go:346.2,346.29 1 0
github.com/dappledger/AnnChain/chain/app/evm/tx_pool.go:329.40,331.3 1 0
github.com/dappledger/AnnChain/chain/app/evm/tx_pool.go:333.39,336.3 1 0
github.com/dappledger/AnnChain/chain/app/evm/tx_pool.go:339.18,341.32 2 0
github.com/dappledger/AnnChain/chain/app/evm/tx_pool.go:341.32,343.4 1 0
github.com/dappledger/AnnChain/chain/app/evm/tx_pool.go:346.29,347.40 1 0
github.com/dappledger/AnnChain/chain/app/evm/tx_pool.go:351.3,356.30 4 0
github.com/dappledger/AnnChain/chain/app/evm/tx_pool.go:361.3,364.25 2 0
github.com/dappledger/AnnChain/chain/app/evm/tx_pool.go:369.3,369.20 1 0
github.com/dappledger/AnnChain/chain/app/evm/tx_pool.go:373.3,373.30 1 0
github.com/dappledger/AnnChain/chain/app/evm/tx_pool.go:376.3,376.26 1 0
github.com/dappledger/AnnChain/chain/app/evm/tx_pool.go:347.40,350.4 1 0
github.com/dappledger/AnnChain/chain/app/evm/tx_pool.go:356.30,358.4 1 0
github.com/dappledger/AnnChain/chain/app/evm/tx_pool.go:364.25,367.4 2 0
github.com/dappledger/AnnChain/chain/app/evm/tx_pool.go:369.20,370.12 1 0
github.com/dappledger/AnnChain/chain/app/evm/tx_pool.go:373.30,375.4 1 0
github.com/dappledger/AnnChain/chain/app/evm/tx_pool.go:376.26,378.51 1 0
github.com/dappledger/AnnChain/chain/app/evm/tx_pool.go:378.51,380.5 1 0
github.com/dappledger/AnnChain/chain/app/evm/tx_pool.go:387.87,389.33 2 0
github.com/dappledger/AnnChain/chain/app/evm/tx_pool.go:392.2,392.39 1 0
github.com/dappledger/AnnChain/chain/app/evm/tx_pool.go:406.2,407.12 2 0
github.com/dappledger/AnnChain/chain/app/evm/tx_pool.go:389.33,391.3 1 0
github.com/dappledger/AnnChain/chain/app/evm/tx_pool.go:392.39,394.72 1 0
github.com/dappledger/AnnChain/chain/app/evm/tx_pool.go:394.72,396.4 1 0
github.com/dappledger/AnnChain/chain/app/evm/tx_pool.go:397.8,398.33 1 0
github.com/dappledger/AnnChain/chain/app/evm/tx_pool.go:401.3,402.17 2 0
github.com/dappledger/AnnChain/chain/app/evm/tx_pool.go:398.33,400.4 1 0
github.com/dappledger/AnnChain/chain/app/evm/tx_pool.go:402.17,404.4 1 0
github.com/dappledger/AnnChain/chain/app/evm/tx_pool.go:413.44,414.43 1 0
github.com/dappledger/AnnChain/chain/app/evm/tx_pool.go:414.43,418.48 2 0
github.com/dappledger/AnnChain/chain/app/evm/tx_pool.go:423.3,423.28 1 0
github.com/dappledger/AnnChain/chain/app/evm/tx_pool.go:418.48,421.4 2 0
github.com/dappledger/AnnChain/chain/app/evm/tx_pool.go:423.28,425.4 1 0
github.com/dappledger/AnnChain/chain/app/evm/tx_pool.go:425.9,425.66 1 0
github.com/dappledger/AnnChain/chain/app/evm/tx_pool.go:425.66,427.40 1 0
github.com/dappledger/AnnChain/chain/app/evm/tx_pool.go:435.4,435.28 1 0
github.com/dappledger/AnnChain/chain/app/evm/tx_pool.go:427.40,429.51 2 0
github.com/dappledger/AnnChain/chain/app/evm/tx_pool.go:429.51,432.6 1 0
github.com/dappledger/AnnChain/chain/app/evm/tx_pool.go:441.50,442.64 1 0
github.com/dappledger/AnnChain/chain/app/evm/tx_pool.go:447.2,451.35 2 0
github.com/dappledger/AnnChain/chain/app/evm/tx_pool.go:442.64,446.3 3 0
github.com/dappledger/AnnChain/chain/app/evm/tx_pool.go:455.71,458.79 3 0
github.com/dappledger/AnnChain/chain/app/evm/tx_pool.go:467.2,467.116 1 0
github.com/dappledger/AnnChain/chain/app/evm/tx_pool.go:458.79,462.44 3 0
github.com/dappledger/AnnChain/chain/app/evm/tx_pool.go:462.44,465.4 2 0
github.com/dappledger/AnnChain/chain/app/evm/tx_pool.go:471.37,478.36 2 0
github.com/dappledger/AnnChain/chain/app/evm/tx_pool.go:483.2,483.36 1 0
github.com/dappledger/AnnChain/chain/app/evm/tx_pool.go:488.2,501.14 2 0
github.com/dappledger/AnnChain/chain/app/evm/tx_pool.go:478.36,481.3 2 0
github.com/dappledger/AnnChain/chain/app/evm/tx_pool.go:483.36,486.3 2 0
github.com/dappledger/AnnChain/chain/app/evm/tx_sort.go:33.40,33.57 1 0
github.com/dappledger/AnnChain/chain/app/evm/tx_sort.go:34.40,34.62 1 0
github.com/dappledger/AnnChain/chain/app/evm/tx_sort.go:35.40,35.67 1 0
github.com/dappledger/AnnChain/chain/app/evm/tx_sort.go:37.41,39.2 1 0
github.com/dappledger/AnnChain/chain/app/evm/tx_sort.go:41.39,47.2 5 0
github.com/dappledger/AnnChain/chain/app/evm/tx_sort.go:50.36,55.2 1 0
github.com/dappledger/AnnChain/chain/app/evm/tx_sort.go:57.56,58.44 1 0
github.com/dappledger/AnnChain/chain/app/evm/tx_sort.go:61.2,62.12 2 0
github.com/dappledger/AnnChain/chain/app/evm/tx_sort.go:58.44,60.3 1 0
github.com/dappledger/AnnChain/chain/app/evm/tx_sort.go:66.60,68.2 1 0
github.com/dappledger/AnnChain/chain/app/evm/tx_sort.go:72.50,74.27 2 0
github.com/dappledger/AnnChain/chain/app/evm/tx_sort.go:77.2,77.35 1 0
github.com/dappledger/AnnChain/chain/app/evm/tx_sort.go:74.27,76.3 1 0
github.com/dappledger/AnnChain/chain/app/evm/tx_sort.go:83.68,87.53 2 0
github.com/dappledger/AnnChain/chain/app/evm/tx_sort.go:93.2,93.20 1 0
github.com/dappledger/AnnChain/chain/app/evm/tx_sort.go:96.2,96.16 1 0
github.com/dappledger/AnnChain/chain/app/evm/tx_sort.go:87.53,91.3 3 0
github.com/dappledger/AnnChain/chain/app/evm/tx_sort.go:93.20,95.3 1 0
github.com/dappledger/AnnChain/chain/app/evm/tx_sort.go:100.62,101.24 1 0
github.com/dappledger/AnnChain/chain/app/evm/tx_sort.go:105.2,106.28 2 0
github.com/dappledger/AnnChain/chain/app/evm/tx_sort.go:111.2,112.34 2 0
github.com/dappledger/AnnChain/chain/app/evm/tx_sort.go:115.2,115.13 1 0
github.com/dappledger/AnnChain/chain/app/evm/tx_sort.go:101.24,103.3 1 0
github.com/dappledger/AnnChain/chain/app/evm/tx_sort.go:106.28,108.3 1 0
github.com/dappledger/AnnChain/chain/app/evm/tx_sort.go:112.34,114.3 1 0
github.com/dappledger/AnnChain/chain/app/evm/tx_sort.go:119.41,121.20 2 0
github.com/dappledger/AnnChain/chain/app/evm/tx_sort.go:127.2,128.17 2 0
github.com/dappledger/AnnChain/chain/app/evm/tx_sort.go:121.20,123.3 1 0
github.com/dappledger/AnnChain/chain/app/evm/tx_sort.go:123.8,125.3 1 0
github.com/dappledger/AnnChain/chain/app/evm/tx_sort.go:133.49,136.9 2 0
github.com/dappledger/AnnChain/chain/app/evm/tx_sort.go:140.2,140.37 1 0
github.com/dappledger/AnnChain/chain/app/evm/tx_sort.go:146.2,149.13 3 0
github.com/dappledger/AnnChain/chain/app/evm/tx_sort.go:136.9,138.3 1 0
github.com/dappledger/AnnChain/chain/app/evm/tx_sort.go:140.37,141.29 1 0
github.com/dappledger/AnnChain/chain/app/evm/tx_sort.go:141.29,143.9 2 0
github.com/dappledger/AnnChain/chain/app/evm/tx_sort.go:159.62,161.2 1 0
github.com/dappledger/AnnChain/chain/app/evm/tx_sort.go:164.74,166.63 1 0
github.com/dappledger/AnnChain/chain/app/evm/tx_sort.go:170.2,171.80 2 0
github.com/dappledger/AnnChain/chain/app/evm/tx_sort.go:179.2,181.14 2 0
github.com/dappledger/AnnChain/chain/app/evm/tx_sort.go:166.63,168.3 1 0
github.com/dappledger/AnnChain/chain/app/evm/tx_sort.go:171.80,175.27 4 0
github.com/dappledger/AnnChain/chain/app/evm/tx_sort.go:175.27,176.9 1 0
github.com/dappledger/AnnChain/chain/app/evm/tx_sort.go:185.33,187.2 1 0
github.com/dappledger/AnnChain/chain/app/evm/tx_sort.go:192.52,194.20 1 0
github.com/dappledger/AnnChain/chain/app/evm/tx_sort.go:202.2,204.12 3 0
github.com/dappledger/AnnChain/chain/app/evm/tx_sort.go:194.20,196.30 2 0
github.com/dappledger/AnnChain/chain/app/evm/tx_sort.go:199.3,199.38 1 0
github.com/dappledger/AnnChain/chain/app/evm/tx_sort.go:196.30,198.4 1 0
github.com/dappledger/AnnChain/chain/app/evm/tx_sort.go:207.39,209.2 1 0
github.com/dappledger/AnnChain/chain/app/evm/verifycpuparallel.go:57.53,59.12 2 2
github.com/dappledger/AnnChain/chain/app/evm/verifycpuparallel.go:71.2,74.59 3 2
github.com/dappledger/AnnChain/chain/app/evm/verifycpuparallel.go:77.2,77.44 1 2
github.com/dappledger/AnnChain/chain/app/evm/verifycpuparallel.go:81.2,82.28 2 2
github.com/dappledger/AnnChain/chain/app/evm/verifycpuparallel.go:122.2,122.12 1 2
github.com/dappledger/AnnChain/chain/app/evm/verifycpuparallel.go:59.12,60.18 1 2
github.com/dappledger/AnnChain/chain/app/evm/verifycpuparallel.go:63.3,63.10 1 0
github.com/dappledger/AnnChain/chain/app/evm/verifycpuparallel.go:60.18,62.4 1 2
github.com/dappledger/AnnChain/chain/app/evm/verifycpuparallel.go:64.15,65.31 1 0
github.com/dappledger/AnnChain/chain/app/evm/verifycpuparallel.go:66.44,67.10 1 0
github.com/dappledger/AnnChain/chain/app/evm/verifycpuparallel.go:74.59,76.3 1 0
github.com/dappledger/AnnChain/chain/app/evm/verifycpuparallel.go:77.44,79.3 1 16
github.com/dappledger/AnnChain/chain/app/evm/verifycpuparallel.go:82.28,87.30 5 20
github.com/dappledger/AnnChain/chain/app/evm/verifycpuparallel.go:114.3,114.16 1 20
github.com/dappledger/AnnChain/chain/app/evm/verifycpuparallel.go:117.3,117.26 1 20
github.com/dappledger/AnnChain/chain/app/evm/verifycpuparallel.go:87.30,90.8 2 20
github.com/dappledger/AnnChain/chain/app/evm/verifycpuparallel.go:109.4,109.23 1 20
github.com/dappledger/AnnChain/chain/app/evm/verifycpuparallel.go:90.8,92.15 2 2608
github.com/dappledger/AnnChain/chain/app/evm/verifycpuparallel.go:96.5,97.19 2 2608
github.com/dappledger/AnnChain/chain/app/evm/verifycpuparallel.go:92.15,94.6 1 0
github.com/dappledger/AnnChain/chain/app/evm/verifycpuparallel.go:98.29,101.20 2 20
github.com/dappledger/AnnChain/chain/app/evm/verifycpuparallel.go:102.28,104.20 1 0
github.com/dappledger/AnnChain/chain/app/evm/verifycpuparallel.go:105.13,106.23 1 2588
github.com/dappledger/AnnChain/chain/app/evm/verifycpuparallel.go:109.23,111.10 2 0
github.com/dappledger/AnnChain/chain/app/evm/verifycpuparallel.go:114.16,116.4 1 20
github.com/dappledger/AnnChain/chain/app/evm/verifycpuparallel.go:117.26,118.9 1 0
github.com/dappledger/AnnChain/chain/app/evm/verifycpuparallel.go:125.44,127.21 2 2
github.com/dappledger/AnnChain/chain/app/evm/verifycpuparallel.go:132.2,132.10 1 2
github.com/dappledger/AnnChain/chain/app/evm/verifycpuparallel.go:127.21,131.3 3 20
github.com/dappledger/AnnChain/chain/app/evm/verifycpuparallel.go:135.65,137.24 2 2
github.com/dappledger/AnnChain/chain/app/evm/verifycpuparallel.go:137.24,139.13 2 20
github.com/dappledger/AnnChain/chain/app/evm/verifycpuparallel.go:142.3,144.51 3 20
github.com/dappledger/AnnChain/chain/app/evm/verifycpuparallel.go:139.13,141.4 1 0
github.com/dappledger/AnnChain/chain/app/evm/verifycpuparallel.go:144.51,147.4 1 0
github.com/dappledger/AnnChain/chain/app/evm/verifycpuparallel.go:151.64,157.19 4 20
github.com/dappledger/AnnChain/chain/app/evm/verifycpuparallel.go:164.2,165.12 2 20
github.com/dappledger/AnnChain/chain/app/evm/verifycpuparallel.go:168.2,169.12 2 20
github.com/dappledger/AnnChain/chain/app/evm/verifycpuparallel.go:157.19,159.55 2 20
github.com/dappledger/AnnChain/chain/app/evm/verifycpuparallel.go:159.55,161.4 1 0
github.com/dappledger/AnnChain/chain/app/evm/verifycpuparallel.go:165.12,167.3 1 20
github.com/dappledger/AnnChain/chain/app/evm/verifycpuparallel.go:172.75,174.28 2 16
github.com/dappledger/AnnChain/chain/app/evm/verifycpuparallel.go:174.28,177.30 2 151
github.com/dappledger/AnnChain/chain/app/evm/verifycpuparallel.go:177.30,180.8 2 151
github.com/dappledger/AnnChain/chain/app/evm/verifycpuparallel.go:180.8,182.15 2 181
github.com/dappledger/AnnChain/chain/app/evm/verifycpuparallel.go:186.5,187.19 2 181
github.com/dappledger/AnnChain/chain/app/evm/verifycpuparallel.go:182.15,184.6 1 0
github.com/dappledger/AnnChain/chain/app/evm/verifycpuparallel.go:188.26,189.34 1 11
github.com/dappledger/AnnChain/chain/app/evm/verifycpuparallel.go:190.26,191.54 1 20
github.com/dappledger/AnnChain/chain/app/evm/verifycpuparallel.go:194.13,195.20 1 150
github.com/dappledger/AnnChain/chain/app/evm/verifycpuparallel.go:191.54,192.21 1 0
github.com/dappledger/AnnChain/chain/app/evm/verifycpuparallel.go:202.57,204.14 2 20
github.com/dappledger/AnnChain/chain/app/evm/verifycpuparallel.go:208.2,211.19 2 20
github.com/dappledger/AnnChain/chain/app/evm/verifycpuparallel.go:217.2,217.18 1 20
github.com/dappledger/AnnChain/chain/app/evm/verifycpuparallel.go:222.2,223.16 2 20
github.com/dappledger/AnnChain/chain/app/evm/verifycpuparallel.go:229.2,230.12 2 20
github.com/dappledger/AnnChain/chain/app/evm/verifycpuparallel.go:204.14,206.3 1 0
github.com/dappledger/AnnChain/chain/app/evm/verifycpuparallel.go:211.19,214.3 2 0
github.com/dappledger/AnnChain/chain/app/evm/verifycpuparallel.go:217.18,220.3 2 0
github.com/dappledger/AnnChain/chain/app/evm/verifycpuparallel.go:223.16,227.3 3 0
github.com/dappledger/AnnChain/chain/app/evm/verifycpuserial.go:22.70,23.26 1 2
github.com/dappledger/AnnChain/chain/app/evm/verifycpuserial.go:23.26,28.3 4 20
github.com/dappledger/AnnChain/chain/app/evm/verifycpuserial.go:31.75,33.18 2 20
github.com/dappledger/AnnChain/chain/app/evm/verifycpuserial.go:42.2,42.12 1 20
github.com/dappledger/AnnChain/chain/app/evm/verifycpuserial.go:33.18,35.50 2 20
github.com/dappledger/AnnChain/chain/app/evm/verifycpuserial.go:38.3,38.46 1 20
github.com/dappledger/AnnChain/chain/app/evm/verifycpuserial.go:35.50,37.4 1 0
github.com/dappledger/AnnChain/chain/app/evm/verifycpuserial.go:38.46,40.4 1 0
github.com/dappledger/AnnChain/eth/accounts/abi/type.go:66.79,68.52 1 956
github.com/dappledger/AnnChain/eth/accounts/abi/type.go:72.2,76.32 2 955
github.com/dappledger/AnnChain/eth/accounts/abi/type.go:117.2,118.23 2 663
github.com/dappledger/AnnChain/eth/accounts/abi/type.go:121.2,125.28 3 663
github.com/dappledger/AnnChain/eth/accounts/abi/type.go:139.2,139.43 1 661
github.com/dappledger/AnnChain/eth/accounts/abi/type.go:215.2,215.8 1 659
github.com/dappledger/AnnChain/eth/accounts/abi/type.go:68.52,70.3 1 1
github.com/dappledger/AnnChain/eth/accounts/abi/type.go:76.32,80.17 3 292
github.com/dappledger/AnnChain/eth/accounts/abi/type.go:84.3,89.21 4 291
github.com/dappledger/AnnChain/eth/accounts/abi/type.go:114.3,114.18 1 291
github.com/dappledger/AnnChain/eth/accounts/abi/type.go:80.17,82.4 1 1
github.com/dappledger/AnnChain/eth/accounts/abi/type.go:89.21,95.33 5 158
github.com/dappledger/AnnChain/eth/accounts/abi/type.go:95.33,97.5 1 4
github.com/dappledger/AnnChain/eth/accounts/abi/type.go:98.9,98.28 1 133
github.com/dappledger/AnnChain/eth/accounts/abi/type.go:98.28,104.18 5 133
github.com/dappledger/AnnChain/eth/accounts/abi/type.go:107.4,108.33 2 133
github.com/dappledger/AnnChain/eth/accounts/abi/type.go:104.18,106.5 1 0
github.com/dappledger/AnnChain/eth/accounts/abi/type.go:108.33,110.5 1 4
github.com/dappledger/AnnChain/eth/accounts/abi/type.go:111.9,113.4 1 0
github.com/dappledger/AnnChain/eth/accounts/abi/type.go:118.23,120.3 1 0
github.com/dappledger/AnnChain/eth/accounts/abi/type.go:125.28,128.17 3 471
github.com/dappledger/AnnChain/eth/accounts/abi/type.go:128.17,130.4 1 0
github.com/dappledger/AnnChain/eth/accounts/abi/type.go:131.8,132.56 1 192
github.com/dappledger/AnnChain/eth/accounts/abi/type.go:132.56,136.4 1 2
github.com/dappledger/AnnChain/eth/accounts/abi/type.go:140.13,143.16 3 110
github.com/dappledger/AnnChain/eth/accounts/abi/type.go:144.14,147.17 3 269
github.com/dappledger/AnnChain/eth/accounts/abi/type.go:148.14,151.41 3 27
github.com/dappledger/AnnChain/eth/accounts/abi/type.go:152.17,156.20 4 82
github.com/dappledger/AnnChain/eth/accounts/abi/type.go:157.16,160.19 3 36
github.com/dappledger/AnnChain/eth/accounts/abi/type.go:161.15,162.19 1 112
github.com/dappledger/AnnChain/eth/accounts/abi/type.go:172.15,180.34 3 20
github.com/dappledger/AnnChain/eth/accounts/abi/type.go:199.3,205.30 7 20
github.com/dappledger/AnnChain/eth/accounts/abi/type.go:206.18,210.58 4 3
github.com/dappledger/AnnChain/eth/accounts/abi/type.go:211.10,212.59 1 2
github.com/dappledger/AnnChain/eth/accounts/abi/type.go:162.19,166.4 3 20
github.com/dappledger/AnnChain/eth/accounts/abi/type.go:166.9,171.4 4 92
github.com/dappledger/AnnChain/eth/accounts/abi/type.go:180.34,182.18 2 46
github.com/dappledger/AnnChain/eth/accounts/abi/type.go:185.4,185.33 1 46
github.com/dappledger/AnnChain/eth/accounts/abi/type.go:188.4,195.32 5 46
github.com/dappledger/AnnChain/eth/accounts/abi/type.go:182.18,184.5 1 0
github.com/dappledger/AnnChain/eth/accounts/abi/type.go:185.33,187.5 1 0
github.com/dappledger/AnnChain/eth/accounts/abi/type.go:195.32,197.5 1 26
github.com/dappledger/AnnChain/eth/accounts/abi/type.go:219.37,221.2 1 492
github.com/dappledger/AnnChain/eth/accounts/abi/type.go:223.53,226.40 2 309
github.com/dappledger/AnnChain/eth/accounts/abi/type.go:230.2,230.13 1 308
github.com/dappledger/AnnChain/eth/accounts/abi/type.go:226.40,228.3 1 1
github.com/dappledger/AnnChain/eth/accounts/abi/type.go:231.24,234.31 2 81
github.com/dappledger/AnnChain/eth/accounts/abi/type.go:240.3,242.16 3 81
github.com/dappledger/AnnChain/eth/accounts/abi/type.go:245.3,246.32 2 81
github.com/dappledger/AnnChain/eth/accounts/abi/type.go:259.3,259.35 1 81
github.com/dappledger/AnnChain/eth/accounts/abi/type.go:260.15,271.17 2 10
github.com/dappledger/AnnChain/eth/accounts/abi/type.go:275.3,276.37 2 10
github.com/dappledger/AnnChain/eth/accounts/abi/type.go:279.3,280.37 2 10
github.com/dappledger/AnnChain/eth/accounts/abi/type.go:297.3,297.35 1 10
github.com/dappledger/AnnChain/eth/accounts/abi/type.go:299.10,300.32 1 217
github.com/dappledger/AnnChain/eth/accounts/abi/type.go:234.31,237.4 1 40
github.com/dappledger/AnnChain/eth/accounts/abi/type.go:242.16,244.4 1 9
github.com/dappledger/AnnChain/eth/accounts/abi/type.go:246.32,248.18 2 175
github.com/dappledger/AnnChain/eth/accounts/abi/type.go:251.4,251.18 1 175
github.com/dappledger/AnnChain/eth/accounts/abi/type.go:255.4,257.31 3 18
github.com/dappledger/AnnChain/eth/accounts/abi/type.go:248.18,250.5 1 0
github.com/dappledger/AnnChain/eth/accounts/abi/type.go:251.18,253.13 2 157
github.com/dappledger/AnnChain/eth/accounts/abi/type.go:271.17,273.4 1 0
github.com/dappledger/AnnChain/eth/accounts/abi/type.go:276.37,278.4 1 25
github.com/dappledger/AnnChain/eth/accounts/abi/type.go:280.37,282.24 2 25
github.com/dappledger/AnnChain/eth/accounts/abi/type.go:285.4,286.18 2 25
github.com/dappledger/AnnChain/eth/accounts/abi/type.go:289.4,289.28 1 25
github.com/dappledger/AnnChain/eth/accounts/abi/type.go:282.24,284.5 1 0
github.com/dappledger/AnnChain/eth/accounts/abi/type.go:286.18,288.5 1 0
github.com/dappledger/AnnChain/eth/accounts/abi/type.go:289.28,293.5 3 12
github.com/dappledger/AnnChain/eth/accounts/abi/type.go:293.10,295.5 1 13
github.com/dappledger/AnnChain/eth/accounts/abi/type.go:306.43,308.2 1 452
github.com/dappledger/AnnChain/eth/accounts/abi/type.go:317.33,318.20 1 398
github.com/dappledger/AnnChain/eth/accounts/abi/type.go:326.2,326.106 1 380
github.com/dappledger/AnnChain/eth/accounts/abi/type.go:318.20,319.37 1 18
github.com/dappledger/AnnChain/eth/accounts/abi/type.go:324.3,324.15 1 10
github.com/dappledger/AnnChain/eth/accounts/abi/type.go:319.37,320.28 1 34
github.com/dappledger/AnnChain/eth/accounts/abi/type.go:320.28,322.5 1 8
github.com/dappledger/AnnChain/eth/accounts/abi/type.go:337.30,338.47 1 200
github.com/dappledger/AnnChain/eth/accounts/abi/type.go:351.2,351.11 1 144
github.com/dappledger/AnnChain/eth/accounts/abi/type.go:338.47,340.26 1 53
github.com/dappledger/AnnChain/eth/accounts/abi/type.go:343.3,343.21 1 44
github.com/dappledger/AnnChain/eth/accounts/abi/type.go:340.26,342.4 1 9
github.com/dappledger/AnnChain/eth/accounts/abi/type.go:344.8,344.48 1 147
github.com/dappledger/AnnChain/eth/accounts/abi/type.go:344.48,346.37 2 3
github.com/dappledger/AnnChain/eth/accounts/abi/type.go:349.3,349.15 1 3
github.com/dappledger/AnnChain/eth/accounts/abi/type.go:346.37,348.4 1 6
github.com/dappledger/AnnChain/eth/accounts/abi/unpack.go:38.69,39.14 1 199
github.com/dappledger/AnnChain/eth/accounts/abi/unpack.go:40.21,41.21 1 29
github.com/dappledger/AnnChain/eth/accounts/abi/unpack.go:42.22,43.47 1 4
github.com/dappledger/AnnChain/eth/accounts/abi/unpack.go:44.22,45.47 1 30
github.com/dappledger/AnnChain/eth/accounts/abi/unpack.go:46.22,47.47 1 33
github.com/dappledger/AnnChain/eth/accounts/abi/unpack.go:48.20,49.27 1 4
github.com/dappledger/AnnChain/eth/accounts/abi/unpack.go:50.21,51.54 1 4
github.com/dappledger/AnnChain/eth/accounts/abi/unpack.go:52.21,53.54 1 6
github.com/dappledger/AnnChain/eth/accounts/abi/unpack.go:54.21,55.54 1 4
github.com/dappledger/AnnChain/eth/accounts/abi/unpack.go:56.10,61.20 2 85
github.com/dappledger/AnnChain/eth/accounts/abi/unpack.go:65.3,65.29 1 28
github.com/dappledger/AnnChain/eth/accounts/abi/unpack.go:70.3,70.13 1 28
github.com/dappledger/AnnChain/eth/accounts/abi/unpack.go:61.20,63.4 1 57
github.com/dappledger/AnnChain/eth/accounts/abi/unpack.go:65.29,69.4 3 2
github.com/dappledger/AnnChain/eth/accounts/abi/unpack.go:75.42,76.30 1 6
github.com/dappledger/AnnChain/eth/accounts/abi/unpack.go:81.2,81.18 1 5
github.com/dappledger/AnnChain/eth/accounts/abi/unpack.go:76.30,77.13 1 181
github.com/dappledger/AnnChain/eth/accounts/abi/unpack.go:77.13,79.4 1 1
github.com/dappledger/AnnChain/eth/accounts/abi/unpack.go:82.9,83.20 1 2
github.com/dappledger/AnnChain/eth/accounts/abi/unpack.go:84.9,85.19 1 2
github.com/dappledger/AnnChain/eth/accounts/abi/unpack.go:86.10,87.27 1 1
github.com/dappledger/AnnChain/eth/accounts/abi/unpack.go:93.73,94.23 1 1
github.com/dappledger/AnnChain/eth/accounts/abi/unpack.go:97.2,97.67 1 1
github.com/dappledger/AnnChain/eth/accounts/abi/unpack.go:102.2,102.8 1 1
github.com/dappledger/AnnChain/eth/accounts/abi/unpack.go:94.23,96.3 1 0
github.com/dappledger/AnnChain/eth/accounts/abi/unpack.go:97.67,99.3 1 0
github.com/dappledger/AnnChain/eth/accounts/abi/unpack.go:99.8,101.3 1 1
github.com/dappledger/AnnChain/eth/accounts/abi/unpack.go:106.63,107.25 1 16
github.com/dappledger/AnnChain/eth/accounts/abi/unpack.go:111.2,114.31 3 16
github.com/dappledger/AnnChain/eth/accounts/abi/unpack.go:107.25,109.3 1 0
github.com/dappledger/AnnChain/eth/accounts/abi/unpack.go:119.81,120.14 1 92
github.com/dappledger/AnnChain/eth/accounts/abi/unpack.go:123.2,123.33 1 92
github.com/dappledger/AnnChain/eth/accounts/abi/unpack.go:128.2,130.20 2 91
github.com/dappledger/AnnChain/eth/accounts/abi/unpack.go:142.2,144.57 2 91
github.com/dappledger/AnnChain/eth/accounts/abi/unpack.go:155.2,155.34 1 91
github.com/dappledger/AnnChain/eth/accounts/abi/unpack.go:120.14,122.3 1 0
github.com/dappledger/AnnChain/eth/accounts/abi/unpack.go:123.33,125.3 1 1
github.com/dappledger/AnnChain/eth/accounts/abi/unpack.go:130.20,133.3 1 34
github.com/dappledger/AnnChain/eth/accounts/abi/unpack.go:133.8,133.27 1 57
github.com/dappledger/AnnChain/eth/accounts/abi/unpack.go:133.27,136.3 1 57
github.com/dappledger/AnnChain/eth/accounts/abi/unpack.go:136.8,138.3 1 0
github.com/dappledger/AnnChain/eth/accounts/abi/unpack.go:144.57,146.17 2 201
github.com/dappledger/AnnChain/eth/accounts/abi/unpack.go:151.3,151.48 1 201
github.com/dappledger/AnnChain/eth/accounts/abi/unpack.go:146.17,148.4 1 0
github.com/dappledger/AnnChain/eth/accounts/abi/unpack.go:158.65,161.40 3 5
github.com/dappledger/AnnChain/eth/accounts/abi/unpack.go:185.2,185.32 1 5
github.com/dappledger/AnnChain/eth/accounts/abi/unpack.go:161.40,163.49 2 11
github.com/dappledger/AnnChain/eth/accounts/abi/unpack.go:180.3,180.17 1 11
github.com/dappledger/AnnChain/eth/accounts/abi/unpack.go:183.3,183.60 1 11
github.com/dappledger/AnnChain/eth/accounts/abi/unpack.go:163.49,175.4 1 0
github.com/dappledger/AnnChain/eth/accounts/abi/unpack.go:175.9,175.56 1 11
github.com/dappledger/AnnChain/eth/accounts/abi/unpack.go:175.56,179.4 1 0
github.com/dappledger/AnnChain/eth/accounts/abi/unpack.go:180.17,182.4 1 0
github.com/dappledger/AnnChain/eth/accounts/abi/unpack.go:190.70,191.28 1 371
github.com/dappledger/AnnChain/eth/accounts/abi/unpack.go:195.2,202.30 2 371
github.com/dappledger/AnnChain/eth/accounts/abi/unpack.go:211.2,211.13 1 363
github.com/dappledger/AnnChain/eth/accounts/abi/unpack.go:191.28,193.3 1 0
github.com/dappledger/AnnChain/eth/accounts/abi/unpack.go:202.30,204.17 2 72
github.com/dappledger/AnnChain/eth/accounts/abi/unpack.go:204.17,206.4 1 8
github.com/dappledger/AnnChain/eth/accounts/abi/unpack.go:207.8,209.3 1 299
github.com/dappledger/AnnChain/eth/accounts/abi/unpack.go:212.15,213.23 1 5
github.com/dappledger/AnnChain/eth/accounts/abi/unpack.go:222.15,223.53 1 35
github.com/dappledger/AnnChain/eth/accounts/abi/unpack.go:224.15,225.29 1 57
github.com/dappledger/AnnChain/eth/accounts/abi/unpack.go:229.3,229.53 1 54
github.com/dappledger/AnnChain/eth/accounts/abi/unpack.go:230.16,231.51 1 17
github.com/dappledger/AnnChain/eth/accounts/abi/unpack.go:232.21,233.53 1 199
github.com/dappledger/AnnChain/eth/accounts/abi/unpack.go:234.14,235.32 1 6
github.com/dappledger/AnnChain/eth/accounts/abi/unpack.go:236.17,237.50 1 15
github.com/dappledger/AnnChain/eth/accounts/abi/unpack.go:238.14,239.47 1 0
github.com/dappledger/AnnChain/eth/accounts/abi/unpack.go:240.15,241.43 1 12
github.com/dappledger/AnnChain/eth/accounts/abi/unpack.go:242.20,243.41 1 16
github.com/dappledger/AnnChain/eth/accounts/abi/unpack.go:244.18,245.43 1 1
github.com/dappledger/AnnChain/eth/accounts/abi/unpack.go:246.10,247.54 1 0
github.com/dappledger/AnnChain/eth/accounts/abi/unpack.go:213.23,215.18 2 1
github.com/dappledger/AnnChain/eth/accounts/abi/unpack.go:218.4,218.44 1 1
github.com/dappledger/AnnChain/eth/accounts/abi/unpack.go:215.18,217.5 1 0
github.com/dappledger/AnnChain/eth/accounts/abi/unpack.go:219.9,221.4 1 4
github.com/dappledger/AnnChain/eth/accounts/abi/unpack.go:225.29,228.4 2 3
github.com/dappledger/AnnChain/eth/accounts/abi/unpack.go:252.88,257.40 4 72
github.com/dappledger/AnnChain/eth/accounts/abi/unpack.go:261.2,261.32 1 67
github.com/dappledger/AnnChain/eth/accounts/abi/unpack.go:265.2,271.29 6 67
github.com/dappledger/AnnChain/eth/accounts/abi/unpack.go:275.2,275.37 1 65
github.com/dappledger/AnnChain/eth/accounts/abi/unpack.go:278.2,280.8 3 64
github.com/dappledger/AnnChain/eth/accounts/abi/unpack.go:257.40,259.3 1 5
github.com/dappledger/AnnChain/eth/accounts/abi/unpack.go:261.32,263.3 1 0
github.com/dappledger/AnnChain/eth/accounts/abi/unpack.go:271.29,273.3 1 2
github.com/dappledger/AnnChain/eth/accounts/abi/unpack.go:275.37,277.3 1 1
github.com/dappledger/AnnChain/eth/accounts/abi/unpack.go:284.69,288.52 3 1
github.com/dappledger/AnnChain/eth/accounts/abi/unpack.go:291.2,291.26 1 1
github.com/dappledger/AnnChain/eth/accounts/abi/unpack.go:294.2,294.34 1 1
github.com/dappledger/AnnChain/eth/accounts/abi/unpack.go:288.52,290.3 1 0
github.com/dappledger/AnnChain/eth/accounts/abi/unpack.go:291.26,293.3 1 0
github.com/dappledger/AnnChain/eth/accounts/abi/method.go:48.35,50.38 2 283
github.com/dappledger/AnnChain/eth/accounts/abi/method.go:53.2,53.69 1 283
github.com/dappledger/AnnChain/eth/accounts/abi/method.go:50.38,52.3 1 416
github.com/dappledger/AnnChain/eth/accounts/abi/method.go:56.38,58.38 2 43
github.com/dappledger/AnnChain/eth/accounts/abi/method.go:61.2,62.40 2 43
github.com/dappledger/AnnChain/eth/accounts/abi/method.go:68.2,69.18 2 43
github.com/dappledger/AnnChain/eth/accounts/abi/method.go:72.2,72.133 1 43
github.com/dappledger/AnnChain/eth/accounts/abi/method.go:58.38,60.3 1 64
github.com/dappledger/AnnChain/eth/accounts/abi/method.go:62.40,64.27 2 1
github.com/dappledger/AnnChain/eth/accounts/abi/method.go:64.27,66.4 1 1
github.com/dappledger/AnnChain/eth/accounts/abi/method.go:69.18,71.3 1 13
github.com/dappledger/AnnChain/eth/accounts/abi/method.go:75.34,77.2 1 280
github.com/dappledger/AnnChain/eth/accounts/abi/pack.go:29.49,32.2 2 23
github.com/dappledger/AnnChain/eth/accounts/abi/pack.go:36.61,37.13 1 217
github.com/dappledger/AnnChain/eth/accounts/abi/pack.go:38.21,39.31 1 122
github.com/dappledger/AnnChain/eth/accounts/abi/pack.go:40.16,41.75 1 20
github.com/dappledger/AnnChain/eth/accounts/abi/pack.go:42.17,43.43 1 13
github.com/dappledger/AnnChain/eth/accounts/abi/pack.go:47.3,47.55 1 13
github.com/dappledger/AnnChain/eth/accounts/abi/pack.go:48.14,49.26 1 2
github.com/dappledger/AnnChain/eth/accounts/abi/pack.go:52.3,52.46 1 0
github.com/dappledger/AnnChain/eth/accounts/abi/pack.go:53.15,54.43 1 3
github.com/dappledger/AnnChain/eth/accounts/abi/pack.go:57.3,57.66 1 3
github.com/dappledger/AnnChain/eth/accounts/abi/pack.go:58.32,59.43 1 57
github.com/dappledger/AnnChain/eth/accounts/abi/pack.go:62.3,62.56 1 57
github.com/dappledger/AnnChain/eth/accounts/abi/pack.go:63.10,64.28 1 0
github.com/dappledger/AnnChain/eth/accounts/abi/pack.go:43.43,45.4 1 13
github.com/dappledger/AnnChain/eth/accounts/abi/pack.go:49.26,51.4 1 2
github.com/dappledger/AnnChain/eth/accounts/abi/pack.go:54.43,56.4 1 0
github.com/dappledger/AnnChain/eth/accounts/abi/pack.go:59.43,61.4 1 57
github.com/dappledger/AnnChain/eth/accounts/abi/pack.go:69.42,70.36 1 259
github.com/dappledger/AnnChain/eth/accounts/abi/pack.go:71.83,72.52 1 59
github.com/dappledger/AnnChain/eth/accounts/abi/pack.go:73.78,74.39 1 143
github.com/dappledger/AnnChain/eth/accounts/abi/pack.go:75.19,76.44 1 57
github.com/dappledger/AnnChain/eth/accounts/abi/pack.go:77.10,78.28 1 0
github.com/dappledger/AnnChain/eth/accounts/abi/error.go:31.65,32.21 1 8
github.com/dappledger/AnnChain/eth/accounts/abi/error.go:35.2,35.47 1 8
github.com/dappledger/AnnChain/eth/accounts/abi/error.go:32.21,34.3 1 0
github.com/dappledger/AnnChain/eth/accounts/abi/error.go:40.54,41.64 1 121
github.com/dappledger/AnnChain/eth/accounts/abi/error.go:45.2,45.43 1 121
github.com/dappledger/AnnChain/eth/accounts/abi/error.go:49.2,49.25 1 118
github.com/dappledger/AnnChain/eth/accounts/abi/error.go:57.2,57.67 1 97
github.com/dappledger/AnnChain/eth/accounts/abi/error.go:60.2,60.12 1 95
github.com/dappledger/AnnChain/eth/accounts/abi/error.go:41.64,43.3 1 0
github.com/dappledger/AnnChain/eth/accounts/abi/error.go:45.43,47.3 1 3
github.com/dappledger/AnnChain/eth/accounts/abi/error.go:49.25,50.20 1 9
github.com/dappledger/AnnChain/eth/accounts/abi/error.go:50.20,52.4 1 8
github.com/dappledger/AnnChain/eth/accounts/abi/error.go:53.8,53.32 1 109
github.com/dappledger/AnnChain/eth/accounts/abi/error.go:53.32,55.3 1 13
github.com/dappledger/AnnChain/eth/accounts/abi/error.go:57.67,59.3 1 2
github.com/dappledger/AnnChain/eth/accounts/abi/error.go:65.51,66.38 1 449
github.com/dappledger/AnnChain/eth/accounts/abi/error.go:71.2,71.28 1 349
github.com/dappledger/AnnChain/eth/accounts/abi/error.go:66.38,68.3 1 100
github.com/dappledger/AnnChain/eth/accounts/abi/error.go:71.28,73.3 1 13
github.com/dappledger/AnnChain/eth/accounts/abi/error.go:73.8,73.57 1 336
github.com/dappledger/AnnChain/eth/accounts/abi/error.go:73.57,75.3 1 3
github.com/dappledger/AnnChain/eth/accounts/abi/error.go:75.8,77.3 1 333
github.com/dappledger/AnnChain/eth/accounts/abi/error.go:82.47,84.2 1 21
github.com/dappledger/AnnChain/eth/accounts/abi/event.go:36.32,38.33 2 3
github.com/dappledger/AnnChain/eth/accounts/abi/event.go:44.2,44.72 1 3
github.com/dappledger/AnnChain/eth/accounts/abi/event.go:38.33,40.20 2 6
github.com/dappledger/AnnChain/eth/accounts/abi/event.go:40.20,42.4 1 2
github.com/dappledger/AnnChain/eth/accounts/abi/event.go:49.33,52.33 3 2
github.com/dappledger/AnnChain/eth/accounts/abi/event.go:56.2,56.110 1 2
github.com/dappledger/AnnChain/eth/accounts/abi/event.go:52.33,55.3 2 3
github.com/dappledger/AnnChain/eth/accounts/abi/numbers.go:42.30,44.2 1 261
github.com/dappledger/AnnChain/eth/accounts/abi/reflect.go:27.46,28.61 1 310
github.com/dappledger/AnnChain/eth/accounts/abi/reflect.go:31.2,31.10 1 309
github.com/dappledger/AnnChain/eth/accounts/abi/reflect.go:28.61,30.3 1 1
github.com/dappledger/AnnChain/eth/accounts/abi/reflect.go:36.82,37.14 1 379
github.com/dappledger/AnnChain/eth/accounts/abi/reflect.go:59.2,59.26 1 206
github.com/dappledger/AnnChain/eth/accounts/abi/reflect.go:38.9,39.15 1 54
github.com/dappledger/AnnChain/eth/accounts/abi/reflect.go:42.3,42.29 1 8
github.com/dappledger/AnnChain/eth/accounts/abi/reflect.go:43.10,44.15 1 32
github.com/dappledger/AnnChain/eth/accounts/abi/reflect.go:47.3,47.31 1 8
github.com/dappledger/AnnChain/eth/accounts/abi/reflect.go:48.10,49.15 1 50
github.com/dappledger/AnnChain/eth/accounts/abi/reflect.go:52.3,52.31 1 10
github.com/dappledger/AnnChain/eth/accounts/abi/reflect.go:53.10,54.15 1 37
github.com/dappledger/AnnChain/eth/accounts/abi/reflect.go:57.3,57.31 1 11
github.com/dappledger/AnnChain/eth/accounts/abi/reflect.go:39.15,41.4 1 46
github.com/dappledger/AnnChain/eth/accounts/abi/reflect.go:44.15,46.4 1 24
github.com/dappledger/AnnChain/eth/accounts/abi/reflect.go:49.15,51.4 1 40
github.com/dappledger/AnnChain/eth/accounts/abi/reflect.go:54.15,56.4 1 26
github.com/dappledger/AnnChain/eth/accounts/abi/reflect.go:64.62,68.2 3 70
github.com/dappledger/AnnChain/eth/accounts/abi/reflect.go:74.40,76.9 2 176
github.com/dappledger/AnnChain/eth/accounts/abi/reflect.go:88.2,88.12 1 116
github.com/dappledger/AnnChain/eth/accounts/abi/reflect.go:77.67,78.30 1 25
github.com/dappledger/AnnChain/eth/accounts/abi/reflect.go:79.68,80.30 1 25
github.com/dappledger/AnnChain/eth/accounts/abi/reflect.go:81.53,82.15 1 116
github.com/dappledger/AnnChain/eth/accounts/abi/reflect.go:83.74,84.28 1 1
github.com/dappledger/AnnChain/eth/accounts/abi/reflect.go:85.10,86.81 1 9
github.com/dappledger/AnnChain/eth/accounts/abi/reflect.go:93.45,95.33 2 1
github.com/dappledger/AnnChain/eth/accounts/abi/reflect.go:100.2,101.12 2 1
github.com/dappledger/AnnChain/eth/accounts/abi/reflect.go:95.33,98.3 2 2
github.com/dappledger/AnnChain/eth/accounts/abi/reflect.go:105.54,106.66 1 26
github.com/dappledger/AnnChain/eth/accounts/abi/reflect.go:109.2,109.12 1 25
github.com/dappledger/AnnChain/eth/accounts/abi/reflect.go:106.66,108.3 1 1
github.com/dappledger/AnnChain/eth/accounts/abi/reflect.go:114.24,116.11 1 39
github.com/dappledger/AnnChain/eth/accounts/abi/reflect.go:126.2,126.12 1 36
github.com/dappledger/AnnChain/eth/accounts/abi/reflect.go:117.22,117.22 0 23
github.com/dappledger/AnnChain/eth/accounts/abi/reflect.go:118.36,119.58 1 15
github.com/dappledger/AnnChain/eth/accounts/abi/reflect.go:123.10,124.62 1 1
github.com/dappledger/AnnChain/eth/accounts/abi/reflect.go:119.58,122.4 1 2
github.com/dappledger/AnnChain/eth/accounts/abi/reflect.go:136.99,143.38 4 58
github.com/dappledger/AnnChain/eth/accounts/abi/reflect.go:180.2,180.35 1 53
github.com/dappledger/AnnChain/eth/accounts/abi/reflect.go:217.2,217.24 1 43
github.com/dappledger/AnnChain/eth/accounts/abi/reflect.go:143.38,147.66 2 112
github.com/dappledger/AnnChain/eth/accounts/abi/reflect.go:151.3,153.56 3 111
github.com/dappledger/AnnChain/eth/accounts/abi/reflect.go:157.3,157.20 1 33
github.com/dappledger/AnnChain/eth/accounts/abi/reflect.go:161.3,162.32 2 32
github.com/dappledger/AnnChain/eth/accounts/abi/reflect.go:174.3,174.13 1 30
github.com/dappledger/AnnChain/eth/accounts/abi/reflect.go:147.66,148.12 1 1
github.com/dappledger/AnnChain/eth/accounts/abi/reflect.go:153.56,154.12 1 78
github.com/dappledger/AnnChain/eth/accounts/abi/reflect.go:157.20,159.4 1 1
github.com/dappledger/AnnChain/eth/accounts/abi/reflect.go:162.32,163.22 1 65
github.com/dappledger/AnnChain/eth/accounts/abi/reflect.go:163.22,164.30 1 31
github.com/dappledger/AnnChain/eth/accounts/abi/reflect.go:168.5,170.17 3 29
github.com/dappledger/AnnChain/eth/accounts/abi/reflect.go:164.30,166.6 1 2
github.com/dappledger/AnnChain/eth/accounts/abi/reflect.go:174.13,176.4 1 2
github.com/dappledger/AnnChain/eth/accounts/abi/reflect.go:180.35,184.28 2 100
github.com/dappledger/AnnChain/eth/accounts/abi/reflect.go:192.3,192.32 1 97
github.com/dappledger/AnnChain/eth/accounts/abi/reflect.go:202.3,202.40 1 71
github.com/dappledger/AnnChain/eth/accounts/abi/reflect.go:206.3,206.51 1 66
github.com/dappledger/AnnChain/eth/accounts/abi/reflect.go:184.28,186.4 1 3
github.com/dappledger/AnnChain/eth/accounts/abi/reflect.go:192.32,195.50 1 26
github.com/dappledger/AnnChain/eth/accounts/abi/reflect.go:198.4,198.12 1 24
github.com/dappledger/AnnChain/eth/accounts/abi/reflect.go:195.50,197.5 1 2
github.com/dappledger/AnnChain/eth/accounts/abi/reflect.go:202.40,204.4 1 5
github.com/dappledger/AnnChain/eth/accounts/abi/reflect.go:206.51,210.4 2 60
github.com/dappledger/AnnChain/eth/accounts/abi/reflect.go:210.9,215.4 1 6
github.com/dappledger/AnnChain/eth/accounts/abi/abi.go:36.42,40.41 3 98
github.com/dappledger/AnnChain/eth/accounts/abi/abi.go:44.2,44.17 1 98
github.com/dappledger/AnnChain/eth/accounts/abi/abi.go:40.41,42.3 1 0
github.com/dappledger/AnnChain/eth/accounts/abi/abi.go:52.71,54.16 1 30
github.com/dappledger/AnnChain/eth/accounts/abi/abi.go:62.2,63.12 2 30
github.com/dappledger/AnnChain/eth/accounts/abi/abi.go:66.2,67.16 2 28
github.com/dappledger/AnnChain/eth/accounts/abi/abi.go:71.2,71.47 1 26
github.com/dappledger/AnnChain/eth/accounts/abi/abi.go:54.16,57.17 2 0
github.com/dappledger/AnnChain/eth/accounts/abi/abi.go:60.3,60.24 1 0
github.com/dappledger/AnnChain/eth/accounts/abi/abi.go:57.17,59.4 1 0
github.com/dappledger/AnnChain/eth/accounts/abi/abi.go:63.12,65.3 1 2
github.com/dappledger/AnnChain/eth/accounts/abi/abi.go:67.16,69.3 1 2
github.com/dappledger/AnnChain/eth/accounts/abi/abi.go:75.78,76.22 1 110
github.com/dappledger/AnnChain/eth/accounts/abi/abi.go:81.2,81.41 1 109
github.com/dappledger/AnnChain/eth/accounts/abi/abi.go:89.2,89.66 1 0
github.com/dappledger/AnnChain/eth/accounts/abi/abi.go:76.22,78.3 1 1
github.com/dappledger/AnnChain/eth/accounts/abi/abi.go:81.41,82.26 1 90
github.com/dappledger/AnnChain/eth/accounts/abi/abi.go:85.3,85.42 1 90
github.com/dappledger/AnnChain/eth/accounts/abi/abi.go:82.26,84.4 1 0
github.com/dappledger/AnnChain/eth/accounts/abi/abi.go:86.8,86.46 1 19
github.com/dappledger/AnnChain/eth/accounts/abi/abi.go:86.46,88.3 1 19
github.com/dappledger/AnnChain/eth/accounts/abi/abi.go:93.50,103.54 2 98
github.com/dappledger/AnnChain/eth/accounts/abi/abi.go:107.2,109.31 3 98
github.com/dappledger/AnnChain/eth/accounts/abi/abi.go:132.2,132.12 1 98
github.com/dappledger/AnnChain/eth/accounts/abi/abi.go:103.54,105.3 1 0
github.com/dappledger/AnnChain/eth/accounts/abi/abi.go:109.31,110.21 1 240
github.com/dappledger/AnnChain/eth/accounts/abi/abi.go:111.22,114.5 1 0
github.com/dappledger/AnnChain/eth/accounts/abi/abi.go:116.23,122.5 1 225
github.com/dappledger/AnnChain/eth/accounts/abi/abi.go:123.16,128.5 1 15
github.com/dappledger/AnnChain/eth/accounts/abi/abi.go:137.61,138.22 1 23
github.com/dappledger/AnnChain/eth/accounts/abi/abi.go:141.2,141.37 1 20
github.com/dappledger/AnnChain/eth/accounts/abi/abi.go:146.2,146.63 1 0
github.com/dappledger/AnnChain/eth/accounts/abi/abi.go:138.22,140.3 1 3
github.com/dappledger/AnnChain/eth/accounts/abi/abi.go:141.37,142.44 1 226
github.com/dappledger/AnnChain/eth/accounts/abi/abi.go:142.44,144.4 1 20
github.com/dappledger/AnnChain/eth/accounts/abi/argument.go:44.60,47.16 3 345
github.com/dappledger/AnnChain/eth/accounts/abi/argument.go:51.2,52.16 2 345
github.com/dappledger/AnnChain/eth/accounts/abi/argument.go:55.2,58.12 3 345
github.com/dappledger/AnnChain/eth/accounts/abi/argument.go:47.16,49.3 1 0
github.com/dappledger/AnnChain/eth/accounts/abi/argument.go:52.16,54.3 1 0
github.com/dappledger/AnnChain/eth/accounts/abi/argument.go:63.51,65.32 2 197
github.com/dappledger/AnnChain/eth/accounts/abi/argument.go:70.2,70.12 1 197
github.com/dappledger/AnnChain/eth/accounts/abi/argument.go:65.32,66.19 1 276
github.com/dappledger/AnnChain/eth/accounts/abi/argument.go:66.19,68.4 1 260
github.com/dappledger/AnnChain/eth/accounts/abi/argument.go:74.51,76.32 2 233
github.com/dappledger/AnnChain/eth/accounts/abi/argument.go:81.2,81.12 1 233
github.com/dappledger/AnnChain/eth/accounts/abi/argument.go:76.32,77.19 1 364
github.com/dappledger/AnnChain/eth/accounts/abi/argument.go:77.19,79.4 1 330
github.com/dappledger/AnnChain/eth/accounts/abi/argument.go:85.43,87.2 1 105
github.com/dappledger/AnnChain/eth/accounts/abi/argument.go:90.69,92.46 1 109
github.com/dappledger/AnnChain/eth/accounts/abi/argument.go:95.2,96.16 2 109
github.com/dappledger/AnnChain/eth/accounts/abi/argument.go:99.2,99.25 1 105
github.com/dappledger/AnnChain/eth/accounts/abi/argument.go:102.2,102.55 1 66
github.com/dappledger/AnnChain/eth/accounts/abi/argument.go:92.46,94.3 1 0
github.com/dappledger/AnnChain/eth/accounts/abi/argument.go:96.16,98.3 1 4
github.com/dappledger/AnnChain/eth/accounts/abi/argument.go:99.25,101.3 1 39
github.com/dappledger/AnnChain/eth/accounts/abi/argument.go:107.62,113.84 2 132
github.com/dappledger/AnnChain/eth/accounts/abi/argument.go:117.2,117.13 1 6
github.com/dappledger/AnnChain/eth/accounts/abi/argument.go:160.2,160.12 1 1
github.com/dappledger/AnnChain/eth/accounts/abi/argument.go:113.84,115.3 1 126
github.com/dappledger/AnnChain/eth/accounts/abi/argument.go:118.15,119.38 1 5
github.com/dappledger/AnnChain/eth/accounts/abi/argument.go:122.3,123.17 2 5
github.com/dappledger/AnnChain/eth/accounts/abi/argument.go:126.3,126.37 1 5
github.com/dappledger/AnnChain/eth/accounts/abi/argument.go:136.3,136.13 1 5
github.com/dappledger/AnnChain/eth/accounts/abi/argument.go:137.15,138.37 1 1
github.com/dappledger/AnnChain/eth/accounts/abi/argument.go:141.3,142.36 2 1
github.com/dappledger/AnnChain/eth/accounts/abi/argument.go:147.3,147.20 1 1
github.com/dappledger/AnnChain/eth/accounts/abi/argument.go:148.15,149.37 1 0
github.com/dappledger/AnnChain/eth/accounts/abi/argument.go:152.3,153.36 2 0
github.com/dappledger/AnnChain/eth/accounts/abi/argument.go:158.3,158.20 1 0
github.com/dappledger/AnnChain/eth/accounts/abi/argument.go:119.38,121.4 1 0
github.com/dappledger/AnnChain/eth/accounts/abi/argument.go:123.17,125.4 1 0
github.com/dappledger/AnnChain/eth/accounts/abi/argument.go:126.37,129.24 3 11
github.com/dappledger/AnnChain/eth/accounts/abi/argument.go:132.4,132.94 1 11
github.com/dappledger/AnnChain/eth/accounts/abi/argument.go:129.24,131.5 1 0
github.com/dappledger/AnnChain/eth/accounts/abi/argument.go:132.94,134.5 1 0
github.com/dappledger/AnnChain/eth/accounts/abi/argument.go:138.37,140.4 1 0
github.com/dappledger/AnnChain/eth/accounts/abi/argument.go:142.36,143.105 1 2
github.com/dappledger/AnnChain/eth/accounts/abi/argument.go:143.105,145.5 1 0
github.com/dappledger/AnnChain/eth/accounts/abi/argument.go:149.37,151.4 1 0
github.com/dappledger/AnnChain/eth/accounts/abi/argument.go:153.36,154.105 1 0
github.com/dappledger/AnnChain/eth/accounts/abi/argument.go:154.105,156.5 1 0
github.com/dappledger/AnnChain/eth/accounts/abi/argument.go:164.92,165.39 1 66
github.com/dappledger/AnnChain/eth/accounts/abi/argument.go:168.2,171.35 3 66
github.com/dappledger/AnnChain/eth/accounts/abi/argument.go:182.2,182.74 1 60
github.com/dappledger/AnnChain/eth/accounts/abi/argument.go:165.39,167.3 1 0
github.com/dappledger/AnnChain/eth/accounts/abi/argument.go:171.35,173.17 2 6
github.com/dappledger/AnnChain/eth/accounts/abi/argument.go:176.3,177.23 2 5
github.com/dappledger/AnnChain/eth/accounts/abi/argument.go:180.3,180.76 1 5
github.com/dappledger/AnnChain/eth/accounts/abi/argument.go:173.17,175.4 1 1
github.com/dappledger/AnnChain/eth/accounts/abi/argument.go:177.23,179.4 1 0
github.com/dappledger/AnnChain/eth/accounts/abi/argument.go:186.93,192.71 2 39
github.com/dappledger/AnnChain/eth/accounts/abi/argument.go:197.2,198.28 2 36
github.com/dappledger/AnnChain/eth/accounts/abi/argument.go:211.2,211.45 1 28
github.com/dappledger/AnnChain/eth/accounts/abi/argument.go:236.2,236.12 1 24
github.com/dappledger/AnnChain/eth/accounts/abi/argument.go:192.71,194.3 1 3
github.com/dappledger/AnnChain/eth/accounts/abi/argument.go:198.28,203.46 2 23
github.com/dappledger/AnnChain/eth/accounts/abi/argument.go:206.3,207.17 2 23
github.com/dappledger/AnnChain/eth/accounts/abi/argument.go:203.46,205.4 1 44
github.com/dappledger/AnnChain/eth/accounts/abi/argument.go:207.17,209.4 1 8
github.com/dappledger/AnnChain/eth/accounts/abi/argument.go:211.45,212.15 1 55
github.com/dappledger/AnnChain/eth/accounts/abi/argument.go:213.23,215.24 2 29
github.com/dappledger/AnnChain/eth/accounts/abi/argument.go:218.4,218.91 1 29
github.com/dappledger/AnnChain/eth/accounts/abi/argument.go:221.37,222.23 1 26
github.com/dappledger/AnnChain/eth/accounts/abi/argument.go:225.4,226.85 2 26
github.com/dappledger/AnnChain/eth/accounts/abi/argument.go:229.4,229.87 1 25
github.com/dappledger/AnnChain/eth/accounts/abi/argument.go:232.11,233.69 1 0
github.com/dappledger/AnnChain/eth/accounts/abi/argument.go:215.24,217.5 1 0
github.com/dappledger/AnnChain/eth/accounts/abi/argument.go:218.91,220.5 1 1
github.com/dappledger/AnnChain/eth/accounts/abi/argument.go:222.23,224.5 1 0
github.com/dappledger/AnnChain/eth/accounts/abi/argument.go:226.85,228.5 1 1
github.com/dappledger/AnnChain/eth/accounts/abi/argument.go:229.87,231.5 1 2
github.com/dappledger/AnnChain/eth/accounts/abi/argument.go:243.77,246.49 3 116
github.com/dappledger/AnnChain/eth/accounts/abi/argument.go:270.2,270.20 1 105
github.com/dappledger/AnnChain/eth/accounts/abi/argument.go:246.49,248.56 2 159
github.com/dappledger/AnnChain/eth/accounts/abi/argument.go:265.3,265.17 1 159
github.com/dappledger/AnnChain/eth/accounts/abi/argument.go:268.3,268.43 1 148
github.com/dappledger/AnnChain/eth/accounts/abi/argument.go:248.56,260.4 1 17
github.com/dappledger/AnnChain/eth/accounts/abi/argument.go:260.9,260.63 1 142
github.com/dappledger/AnnChain/eth/accounts/abi/argument.go:260.63,264.4 1 2
github.com/dappledger/AnnChain/eth/accounts/abi/argument.go:265.17,267.4 1 11
github.com/dappledger/AnnChain/eth/accounts/abi/argument.go:275.75,277.2 1 0
github.com/dappledger/AnnChain/eth/accounts/abi/argument.go:280.70,283.31 2 28
github.com/dappledger/AnnChain/eth/accounts/abi/argument.go:288.2,292.33 3 27
github.com/dappledger/AnnChain/eth/accounts/abi/argument.go:295.2,296.25 2 27
github.com/dappledger/AnnChain/eth/accounts/abi/argument.go:317.2,319.17 2 26
github.com/dappledger/AnnChain/eth/accounts/abi/argument.go:283.31,285.3 1 1
github.com/dappledger/AnnChain/eth/accounts/abi/argument.go:292.33,294.3 1 41
github.com/dappledger/AnnChain/eth/accounts/abi/argument.go:296.25,300.17 3 41
github.com/dappledger/AnnChain/eth/accounts/abi/argument.go:304.3,304.32 1 40
github.com/dappledger/AnnChain/eth/accounts/abi/argument.go:300.17,302.4 1 1
github.com/dappledger/AnnChain/eth/accounts/abi/argument.go:304.32,311.4 3 23
github.com/dappledger/AnnChain/eth/accounts/abi/argument.go:311.9,314.4 1 17
github.com/dappledger/AnnChain/eth/accounts/abi/argument.go:323.39,325.26 2 192
github.com/dappledger/AnnChain/eth/accounts/abi/argument.go:330.2,330.32 1 192
github.com/dappledger/AnnChain/eth/accounts/abi/argument.go:325.26,326.17 1 207
github.com/dappledger/AnnChain/eth/accounts/abi/argument.go:326.17,328.4 1 194
github.com/dappledger/AnnChain/eth/common/bytes.go:26.29,28.19 2 0
github.com/dappledger/AnnChain/eth/common/bytes.go:31.2,31.19 1 0
github.com/dappledger/AnnChain/eth/common/bytes.go:28.19,30.3 1 0
github.com/dappledger/AnnChain/eth/common/bytes.go:35.38,37.19 2 0
github.com/dappledger/AnnChain/eth/common/bytes.go:40.2,40.10 1 0
github.com/dappledger/AnnChain/eth/common/bytes.go:37.19,39.3 1 0
github.com/dappledger/AnnChain/eth/common/bytes.go:45.31,46.16 1 11
github.com/dappledger/AnnChain/eth/common/bytes.go:51.2,51.19 1 11
github.com/dappledger/AnnChain/eth/common/bytes.go:54.2,54.21 1 11
github.com/dappledger/AnnChain/eth/common/bytes.go:46.16,47.39 1 10
github.com/dappledger/AnnChain/eth/common/bytes.go:47.39,49.4 1 10
github.com/dappledger/AnnChain/eth/common/bytes.go:51.19,53.3 1 4
github.com/dappledger/AnnChain/eth/common/bytes.go:58.47,59.14 1 1
github.com/dappledger/AnnChain/eth/common/bytes.go:62.2,65.8 3 1
github.com/dappledger/AnnChain/eth/common/bytes.go:59.14,61.3 1 0
github.com/dappledger/AnnChain/eth/common/bytes.go:69.36,71.2 1 9
github.com/dappledger/AnnChain/eth/common/bytes.go:74.34,76.2 1 219
github.com/dappledger/AnnChain/eth/common/bytes.go:79.29,80.21 1 14
github.com/dappledger/AnnChain/eth/common/bytes.go:83.2,83.32 1 12
github.com/dappledger/AnnChain/eth/common/bytes.go:88.2,88.13 1 9
github.com/dappledger/AnnChain/eth/common/bytes.go:80.21,82.3 1 2
github.com/dappledger/AnnChain/eth/common/bytes.go:83.32,84.25 1 219
github.com/dappledger/AnnChain/eth/common/bytes.go:84.25,86.4 1 3
github.com/dappledger/AnnChain/eth/common/bytes.go:92.33,94.2 1 0
github.com/dappledger/AnnChain/eth/common/bytes.go:97.35,100.2 2 11
github.com/dappledger/AnnChain/eth/common/bytes.go:103.50,105.20 2 0
github.com/dappledger/AnnChain/eth/common/bytes.go:108.2,108.19 1 0
github.com/dappledger/AnnChain/eth/common/bytes.go:111.2,113.11 3 0
github.com/dappledger/AnnChain/eth/common/bytes.go:105.20,107.3 1 0
github.com/dappledger/AnnChain/eth/common/bytes.go:108.19,110.3 1 0
github.com/dappledger/AnnChain/eth/common/bytes.go:117.48,118.21 1 2
github.com/dappledger/AnnChain/eth/common/bytes.go:122.2,125.15 3 1
github.com/dappledger/AnnChain/eth/common/bytes.go:118.21,120.3 1 1
github.com/dappledger/AnnChain/eth/common/bytes.go:129.47,130.21 1 2
github.com/dappledger/AnnChain/eth/common/bytes.go:134.2,137.15 3 1
github.com/dappledger/AnnChain/eth/common/bytes.go:130.21,132.3 1 1
github.com/dappledger/AnnChain/eth/common/debug.go:28.35,38.2 6 0
github.com/dappledger/AnnChain/eth/common/debug.go:41.42,52.2 3 0
github.com/dappledger/AnnChain/eth/common/format.go:34.41,36.65 2 0
github.com/dappledger/AnnChain/eth/common/format.go:39.2,39.14 1 0
github.com/dappledger/AnnChain/eth/common/format.go:36.65,38.3 1 0
github.com/dappledger/AnnChain/eth/common/format.go:62.36,65.24 2 0
github.com/dappledger/AnnChain/eth/common/format.go:69.2,71.32 2 0
github.com/dappledger/AnnChain/eth/common/format.go:81.2,81.15 1 0
github.com/dappledger/AnnChain/eth/common/format.go:65.24,67.3 1 0
github.com/dappledger/AnnChain/eth/common/format.go:71.32,72.23 1 0
github.com/dappledger/AnnChain/eth/common/format.go:72.23,76.28 3 0
github.com/dappledger/AnnChain/eth/common/format.go:76.28,77.10 1 0
github.com/dappledger/AnnChain/eth/common/path.go:29.44,31.2 1 0
github.com/dappledger/AnnChain/eth/common/path.go:34.38,36.38 2 0
github.com/dappledger/AnnChain/eth/common/path.go:40.2,40.13 1 0
github.com/dappledger/AnnChain/eth/common/path.go:36.38,38.3 1 0
github.com/dappledger/AnnChain/eth/common/path.go:44.59,45.30 1 0
github.com/dappledger/AnnChain/eth/common/path.go:48.2,48.41 1 0
github.com/dappledger/AnnChain/eth/common/path.go:45.30,47.3 1 0
github.com/dappledger/AnnChain/eth/common/size.go:28.38,29.17 1 3
github.com/dappledger/AnnChain/eth/common/size.go:29.17,31.3 1 1
github.com/dappledger/AnnChain/eth/common/size.go:31.8,31.21 1 2
github.com/dappledger/AnnChain/eth/common/size.go:31.21,33.3 1 1
github.com/dappledger/AnnChain/eth/common/size.go:33.8,35.3 1 1
github.com/dappledger/AnnChain/eth/common/size.go:40.46,41.17 1 0
github.com/dappledger/AnnChain/eth/common/size.go:41.17,43.3 1 0
github.com/dappledger/AnnChain/eth/common/size.go:43.8,43.21 1 0
github.com/dappledger/AnnChain/eth/common/size.go:43.21,45.3 1 0
github.com/dappledger/AnnChain/eth/common/size.go:45.8,47.3 1 0
github.com/dappledger/AnnChain/eth/common/test_utils.go:26.51,28.16 2 0
github.com/dappledger/AnnChain/eth/common/test_utils.go:31.2,31.53 1 0
github.com/dappledger/AnnChain/eth/common/test_utils.go:38.2,38.12 1 0
github.com/dappledger/AnnChain/eth/common/test_utils.go:28.16,30.3 1 0
github.com/dappledger/AnnChain/eth/common/test_utils.go:31.53,32.51 1 0
github.com/dappledger/AnnChain/eth/common/test_utils.go:36.3,36.65 1 0
github.com/dappledger/AnnChain/eth/common/test_utils.go:32.51,35.4 2 0
github.com/dappledger/AnnChain/eth/common/test_utils.go:42.53,44.33 2 0
github.com/dappledger/AnnChain/eth/common/test_utils.go:52.2,52.8 1 0
github.com/dappledger/AnnChain/eth/common/test_utils.go:44.33,45.25 1 0
github.com/dappledger/AnnChain/eth/common/test_utils.go:48.3,48.16 1 0
github.com/dappledger/AnnChain/eth/common/test_utils.go:45.25,47.4 1 0
github.com/dappledger/AnnChain/eth/common/test_utils.go:48.16,50.4 1 0
github.com/dappledger/AnnChain/eth/common/types.go:51.33,55.2 3 1
github.com/dappledger/AnnChain/eth/common/types.go:59.33,59.66 1 0
github.com/dappledger/AnnChain/eth/common/types.go:63.31,63.65 1 0
github.com/dappledger/AnnChain/eth/common/types.go:66.30,66.45 1 0
github.com/dappledger/AnnChain/eth/common/types.go:69.30,69.68 1 0
github.com/dappledger/AnnChain/eth/common/types.go:72.28,72.59 1 0
github.com/dappledger/AnnChain/eth/common/types.go:76.39,78.2 1 0
github.com/dappledger/AnnChain/eth/common/types.go:82.31,84.2 1 0
github.com/dappledger/AnnChain/eth/common/types.go:88.43,90.2 1 0
github.com/dappledger/AnnChain/eth/common/types.go:93.50,95.2 1 0
github.com/dappledger/AnnChain/eth/common/types.go:98.50,100.2 1 6
github.com/dappledger/AnnChain/eth/common/types.go:103.45,105.2 1 0
github.com/dappledger/AnnChain/eth/common/types.go:109.35,110.21 1 2
github.com/dappledger/AnnChain/eth/common/types.go:114.2,114.32 1 2
github.com/dappledger/AnnChain/eth/common/types.go:110.21,112.3 1 0
github.com/dappledger/AnnChain/eth/common/types.go:118.65,120.34 2 0
github.com/dappledger/AnnChain/eth/common/types.go:123.2,123.27 1 0
github.com/dappledger/AnnChain/eth/common/types.go:120.34,122.3 1 0
github.com/dappledger/AnnChain/eth/common/types.go:127.44,129.9 2 3
github.com/dappledger/AnnChain/eth/common/types.go:132.2,132.29 1 2
github.com/dappledger/AnnChain/eth/common/types.go:135.2,136.12 2 1
github.com/dappledger/AnnChain/eth/common/types.go:129.9,131.3 1 1
github.com/dappledger/AnnChain/eth/common/types.go:132.29,134.3 1 1
github.com/dappledger/AnnChain/eth/common/types.go:140.45,142.2 1 1
github.com/dappledger/AnnChain/eth/common/types.go:148.60,150.2 1 0
github.com/dappledger/AnnChain/eth/common/types.go:153.55,155.2 1 0
github.com/dappledger/AnnChain/eth/common/types.go:164.39,168.2 3 8
github.com/dappledger/AnnChain/eth/common/types.go:172.39,172.75 1 0
github.com/dappledger/AnnChain/eth/common/types.go:176.37,176.74 1 8
github.com/dappledger/AnnChain/eth/common/types.go:180.34,181.21 1 9
github.com/dappledger/AnnChain/eth/common/types.go:184.2,184.46 1 9
github.com/dappledger/AnnChain/eth/common/types.go:181.21,183.3 1 7
github.com/dappledger/AnnChain/eth/common/types.go:188.33,188.48 1 0
github.com/dappledger/AnnChain/eth/common/types.go:191.33,191.71 1 2
github.com/dappledger/AnnChain/eth/common/types.go:194.30,194.58 1 0
github.com/dappledger/AnnChain/eth/common/types.go:197.31,204.35 6 12
github.com/dappledger/AnnChain/eth/common/types.go:215.2,215.30 1 12
github.com/dappledger/AnnChain/eth/common/types.go:204.35,206.15 2 480
github.com/dappledger/AnnChain/eth/common/types.go:211.3,211.38 1 480
github.com/dappledger/AnnChain/eth/common/types.go:206.15,208.4 1 240
github.com/dappledger/AnnChain/eth/common/types.go:208.9,210.4 1 240
github.com/dappledger/AnnChain/eth/common/types.go:211.38,213.4 1 47
github.com/dappledger/AnnChain/eth/common/types.go:219.34,221.2 1 0
github.com/dappledger/AnnChain/eth/common/types.go:225.46,227.2 1 0
github.com/dappledger/AnnChain/eth/common/types.go:231.38,232.21 1 9
github.com/dappledger/AnnChain/eth/common/types.go:235.2,235.35 1 9
github.com/dappledger/AnnChain/eth/common/types.go:232.21,234.3 1 0
github.com/dappledger/AnnChain/eth/common/types.go:239.48,241.2 1 0
github.com/dappledger/AnnChain/eth/common/types.go:244.53,246.2 1 0
github.com/dappledger/AnnChain/eth/common/types.go:249.53,251.2 1 6
github.com/dappledger/AnnChain/eth/common/types.go:254.47,256.9 2 3
github.com/dappledger/AnnChain/eth/common/types.go:259.2,259.32 1 2
github.com/dappledger/AnnChain/eth/common/types.go:262.2,263.12 2 1
github.com/dappledger/AnnChain/eth/common/types.go:256.9,258.3 1 1
github.com/dappledger/AnnChain/eth/common/types.go:259.32,261.3 1 1
github.com/dappledger/AnnChain/eth/common/types.go:267.48,269.2 1 1
github.com/dappledger/AnnChain/eth/common/types.go:275.63,277.2 1 0
github.com/dappledger/AnnChain/eth/common/types.go:280.58,282.2 1 0
github.com/dappledger/AnnChain/eth/common/types.go:292.57,294.2 1 0
github.com/dappledger/AnnChain/eth/common/types.go:297.79,298.28 1 0
github.com/dappledger/AnnChain/eth/common/types.go:301.2,302.75 2 0
github.com/dappledger/AnnChain/eth/common/types.go:298.28,300.3 1 0
github.com/dappledger/AnnChain/eth/common/types.go:306.63,307.80 1 11
github.com/dappledger/AnnChain/eth/common/types.go:310.2,310.44 1 4
github.com/dappledger/AnnChain/eth/common/types.go:307.80,309.3 1 7
github.com/dappledger/AnnChain/eth/common/types.go:314.59,315.82 1 0
github.com/dappledger/AnnChain/eth/common/types.go:318.2,318.55 1 0
github.com/dappledger/AnnChain/eth/common/types.go:315.82,317.3 1 0
github.com/dappledger/AnnChain/eth/common/types.go:322.47,324.2 1 0
github.com/dappledger/AnnChain/eth/common/types.go:327.45,328.24 1 0
github.com/dappledger/AnnChain/eth/common/types.go:331.2,331.56 1 0
github.com/dappledger/AnnChain/eth/common/types.go:328.24,330.3 1 0
github.com/dappledger/AnnChain/eth/common/types.go:335.50,337.2 1 4
github.com/dappledger/AnnChain/eth/common/types.go:340.47,342.2 1 0
github.com/dappledger/AnnChain/eth/common/hexutil/hexutil.go:57.36,57.54 1 68
github.com/dappledger/AnnChain/eth/common/hexutil/hexutil.go:60.43,61.21 1 12
github.com/dappledger/AnnChain/eth/common/hexutil/hexutil.go:64.2,64.25 1 11
github.com/dappledger/AnnChain/eth/common/hexutil/hexutil.go:67.2,68.16 2 10
github.com/dappledger/AnnChain/eth/common/hexutil/hexutil.go:71.2,71.15 1 10
github.com/dappledger/AnnChain/eth/common/hexutil/hexutil.go:61.21,63.3 1 1
github.com/dappledger/AnnChain/eth/common/hexutil/hexutil.go:64.25,66.3 1 1
github.com/dappledger/AnnChain/eth/common/hexutil/hexutil.go:68.16,70.3 1 4
github.com/dappledger/AnnChain/eth/common/hexutil/hexutil.go:75.38,77.16 2 0
github.com/dappledger/AnnChain/eth/common/hexutil/hexutil.go:80.2,80.12 1 0
github.com/dappledger/AnnChain/eth/common/hexutil/hexutil.go:77.16,78.13 1 0
github.com/dappledger/AnnChain/eth/common/hexutil/hexutil.go:84.30,89.2 4 7
github.com/dappledger/AnnChain/eth/common/hexutil/hexutil.go:92.49,94.16 2 13
github.com/dappledger/AnnChain/eth/common/hexutil/hexutil.go:97.2,98.16 2 10
github.com/dappledger/AnnChain/eth/common/hexutil/hexutil.go:101.2,101.17 1 10
github.com/dappledger/AnnChain/eth/common/hexutil/hexutil.go:94.16,96.3 1 3
github.com/dappledger/AnnChain/eth/common/hexutil/hexutil.go:98.16,100.3 1 3
github.com/dappledger/AnnChain/eth/common/hexutil/hexutil.go:106.44,108.16 2 0
github.com/dappledger/AnnChain/eth/common/hexutil/hexutil.go:111.2,111.12 1 0
github.com/dappledger/AnnChain/eth/common/hexutil/hexutil.go:108.16,109.13 1 0
github.com/dappledger/AnnChain/eth/common/hexutil/hexutil.go:115.36,119.2 3 8
github.com/dappledger/AnnChain/eth/common/hexutil/hexutil.go:123.13,127.23 2 1
github.com/dappledger/AnnChain/eth/common/hexutil/hexutil.go:128.9,129.22 1 1
github.com/dappledger/AnnChain/eth/common/hexutil/hexutil.go:130.9,131.21 1 0
github.com/dappledger/AnnChain/eth/common/hexutil/hexutil.go:132.10,133.31 1 0
github.com/dappledger/AnnChain/eth/common/hexutil/hexutil.go:139.48,141.16 2 16
github.com/dappledger/AnnChain/eth/common/hexutil/hexutil.go:144.2,144.19 1 13
github.com/dappledger/AnnChain/eth/common/hexutil/hexutil.go:147.2,149.23 3 12
github.com/dappledger/AnnChain/eth/common/hexutil/hexutil.go:164.2,165.17 2 10
github.com/dappledger/AnnChain/eth/common/hexutil/hexutil.go:141.16,143.3 1 3
github.com/dappledger/AnnChain/eth/common/hexutil/hexutil.go:144.19,146.3 1 1
github.com/dappledger/AnnChain/eth/common/hexutil/hexutil.go:149.23,151.16 2 19
github.com/dappledger/AnnChain/eth/common/hexutil/hexutil.go:154.3,154.35 1 19
github.com/dappledger/AnnChain/eth/common/hexutil/hexutil.go:162.3,162.14 1 17
github.com/dappledger/AnnChain/eth/common/hexutil/hexutil.go:151.16,153.4 1 12
github.com/dappledger/AnnChain/eth/common/hexutil/hexutil.go:154.35,156.24 2 161
github.com/dappledger/AnnChain/eth/common/hexutil/hexutil.go:159.4,160.29 2 159
github.com/dappledger/AnnChain/eth/common/hexutil/hexutil.go:156.24,158.5 1 2
github.com/dappledger/AnnChain/eth/common/hexutil/hexutil.go:170.43,172.16 2 0
github.com/dappledger/AnnChain/eth/common/hexutil/hexutil.go:175.2,175.12 1 0
github.com/dappledger/AnnChain/eth/common/hexutil/hexutil.go:172.16,173.13 1 0
github.com/dappledger/AnnChain/eth/common/hexutil/hexutil.go:180.40,182.16 2 18
github.com/dappledger/AnnChain/eth/common/hexutil/hexutil.go:185.2,185.35 1 15
github.com/dappledger/AnnChain/eth/common/hexutil/hexutil.go:182.16,184.3 1 3
github.com/dappledger/AnnChain/eth/common/hexutil/hexutil.go:188.37,190.2 1 40
github.com/dappledger/AnnChain/eth/common/hexutil/hexutil.go:192.56,193.21 1 29
github.com/dappledger/AnnChain/eth/common/hexutil/hexutil.go:196.2,196.25 1 29
github.com/dappledger/AnnChain/eth/common/hexutil/hexutil.go:199.2,200.21 2 27
github.com/dappledger/AnnChain/eth/common/hexutil/hexutil.go:203.2,203.39 1 25
github.com/dappledger/AnnChain/eth/common/hexutil/hexutil.go:206.2,206.19 1 23
github.com/dappledger/AnnChain/eth/common/hexutil/hexutil.go:193.21,195.3 1 0
github.com/dappledger/AnnChain/eth/common/hexutil/hexutil.go:196.25,198.3 1 2
github.com/dappledger/AnnChain/eth/common/hexutil/hexutil.go:200.21,202.3 1 2
github.com/dappledger/AnnChain/eth/common/hexutil/hexutil.go:203.39,205.3 1 2
github.com/dappledger/AnnChain/eth/common/hexutil/hexutil.go:211.35,212.9 1 306
github.com/dappledger/AnnChain/eth/common/hexutil/hexutil.go:213.30,214.26 1 79
github.com/dappledger/AnnChain/eth/common/hexutil/hexutil.go:215.30,216.31 1 8
github.com/dappledger/AnnChain/eth/common/hexutil/hexutil.go:217.30,218.31 1 213
github.com/dappledger/AnnChain/eth/common/hexutil/hexutil.go:219.10,220.19 1 6
github.com/dappledger/AnnChain/eth/common/hexutil/hexutil.go:224.32,225.44 1 9
github.com/dappledger/AnnChain/eth/common/hexutil/hexutil.go:233.2,233.45 1 6
github.com/dappledger/AnnChain/eth/common/hexutil/hexutil.go:236.2,236.26 1 2
github.com/dappledger/AnnChain/eth/common/hexutil/hexutil.go:239.2,239.12 1 0
github.com/dappledger/AnnChain/eth/common/hexutil/hexutil.go:225.44,226.18 1 3
github.com/dappledger/AnnChain/eth/common/hexutil/hexutil.go:227.25,228.25 1 1
github.com/dappledger/AnnChain/eth/common/hexutil/hexutil.go:229.26,230.20 1 2
github.com/dappledger/AnnChain/eth/common/hexutil/hexutil.go:233.45,235.3 1 4
github.com/dappledger/AnnChain/eth/common/hexutil/hexutil.go:236.26,238.3 1 2
github.com/dappledger/AnnChain/eth/common/hexutil/json.go:40.46,45.2 4 3
github.com/dappledger/AnnChain/eth/common/hexutil/json.go:48.51,49.22 1 12
github.com/dappledger/AnnChain/eth/common/hexutil/json.go:52.2,52.70 1 10
github.com/dappledger/AnnChain/eth/common/hexutil/json.go:49.22,51.3 1 2
github.com/dappledger/AnnChain/eth/common/hexutil/json.go:56.51,58.16 2 10
github.com/dappledger/AnnChain/eth/common/hexutil/json.go:61.2,62.47 2 8
github.com/dappledger/AnnChain/eth/common/hexutil/json.go:67.2,67.12 1 8
github.com/dappledger/AnnChain/eth/common/hexutil/json.go:58.16,60.3 1 2
github.com/dappledger/AnnChain/eth/common/hexutil/json.go:62.47,64.3 1 2
github.com/dappledger/AnnChain/eth/common/hexutil/json.go:64.8,66.3 1 6
github.com/dappledger/AnnChain/eth/common/hexutil/json.go:71.32,73.2 1 4
github.com/dappledger/AnnChain/eth/common/hexutil/json.go:78.68,79.22 1 0
github.com/dappledger/AnnChain/eth/common/hexutil/json.go:82.2,82.89 1 0
github.com/dappledger/AnnChain/eth/common/hexutil/json.go:79.22,81.3 1 0
github.com/dappledger/AnnChain/eth/common/hexutil/json.go:88.66,90.16 2 2
github.com/dappledger/AnnChain/eth/common/hexutil/json.go:93.2,93.28 1 2
github.com/dappledger/AnnChain/eth/common/hexutil/json.go:97.2,97.24 1 1
github.com/dappledger/AnnChain/eth/common/hexutil/json.go:102.2,103.12 2 1
github.com/dappledger/AnnChain/eth/common/hexutil/json.go:90.16,92.3 1 0
github.com/dappledger/AnnChain/eth/common/hexutil/json.go:93.28,95.3 1 1
github.com/dappledger/AnnChain/eth/common/hexutil/json.go:97.24,98.35 1 10
github.com/dappledger/AnnChain/eth/common/hexutil/json.go:98.35,100.4 1 0
github.com/dappledger/AnnChain/eth/common/hexutil/json.go:109.76,111.16 2 0
github.com/dappledger/AnnChain/eth/common/hexutil/json.go:114.2,114.28 1 0
github.com/dappledger/AnnChain/eth/common/hexutil/json.go:118.2,118.24 1 0
github.com/dappledger/AnnChain/eth/common/hexutil/json.go:123.2,124.12 2 0
github.com/dappledger/AnnChain/eth/common/hexutil/json.go:111.16,113.3 1 0
github.com/dappledger/AnnChain/eth/common/hexutil/json.go:114.28,116.3 1 0
github.com/dappledger/AnnChain/eth/common/hexutil/json.go:118.24,119.35 1 0
github.com/dappledger/AnnChain/eth/common/hexutil/json.go:119.35,121.4 1 0
github.com/dappledger/AnnChain/eth/common/hexutil/json.go:136.44,138.2 1 6
github.com/dappledger/AnnChain/eth/common/hexutil/json.go:141.49,142.22 1 18
github.com/dappledger/AnnChain/eth/common/hexutil/json.go:145.2,145.68 1 16
github.com/dappledger/AnnChain/eth/common/hexutil/json.go:142.22,144.3 1 2
github.com/dappledger/AnnChain/eth/common/hexutil/json.go:149.49,151.16 2 16
github.com/dappledger/AnnChain/eth/common/hexutil/json.go:154.2,154.19 1 13
github.com/dappledger/AnnChain/eth/common/hexutil/json.go:157.2,159.23 3 12
[...]
github.com/dappledger/AnnChain/gemmill/utils/statistic.go:94.2,96.12 3 0
github.com/dappledger/AnnChain/gemmill/utils/statistic.go:91.14,93.3 1 0
github.com/dappledger/AnnChain/gemmill/utils/statistic.go:99.32,106.2 6 0
github.com/dappledger/AnnChain/gemmill/utils/statistic.go:108.39,109.27 1 0
github.com/dappledger/AnnChain/gemmill/utils/statistic.go:112.2,112.33 1 0
github.com/dappledger/AnnChain/gemmill/utils/statistic.go:109.27,111.3 1 0
github.com/dappledger/AnnChain/gemmill/utils/statistic.go:117.39,118.27 1 0
github.com/dappledger/AnnChain/gemmill/utils/statistic.go:121.2,124.12 4 0
github.com/dappledger/AnnChain/gemmill/utils/statistic.go:137.2,137.16 1 0
github.com/dappledger/AnnChain/gemmill/utils/statistic.go:118.27,119.17 1 0
github.com/dappledger/AnnChain/gemmill/utils/statistic.go:119.18,119.19 0 0
github.com/dappledger/AnnChain/gemmill/utils/statistic.go:124.12,129.24 4 0
github.com/dappledger/AnnChain/gemmill/utils/statistic.go:132.3,132.43 1 0
github.com/dappledger/AnnChain/gemmill/utils/statistic.go:135.3,135.19 1 0
github.com/dappledger/AnnChain/gemmill/utils/statistic.go:129.24,131.4 1 0
github.com/dappledger/AnnChain/gemmill/utils/statistic.go:132.43,134.4 1 0
github.com/dappledger/AnnChain/gemmill/utils/statistic.go:137.16,140.3 2 0
github.com/dappledger/AnnChain/gemmill/utils/statistic.go:143.44,144.27 1 0
github.com/dappledger/AnnChain/gemmill/utils/statistic.go:147.2,147.11 1 0
github.com/dappledger/AnnChain/gemmill/utils/statistic.go:144.27,146.3 1 0
github.com/dappledger/AnnChain/gemmill/utils/statistic.go:150.40,151.19 1 0
github.com/dappledger/AnnChain/gemmill/utils/statistic.go:155.2,160.13 2 0
github.com/dappledger/AnnChain/gemmill/utils/statistic.go:151.19,153.3 1 0
github.com/dappledger/AnnChain/gemmill/utils/statistic.go:163.34,165.2 1 0
github.com/dappledger/AnnChain/gemmill/utils/statistic.go:167.38,169.2 1 0
github.com/dappledger/AnnChain/gemmill/utils/statistic.go:175.36,177.2 1 0
github.com/dappledger/AnnChain/gemmill/utils/statistic.go:179.30,180.13 1 0
github.com/dappledger/AnnChain/gemmill/utils/statistic.go:183.2,184.21 2 0
github.com/dappledger/AnnChain/gemmill/utils/statistic.go:180.13,182.3 1 0
github.com/dappledger/AnnChain/gemmill/utils/statistic.go:187.36,188.49 1 0
github.com/dappledger/AnnChain/gemmill/utils/statistic.go:188.49,189.26 1 0
github.com/dappledger/AnnChain/gemmill/utils/statistic.go:193.3,193.44 1 0
github.com/dappledger/AnnChain/gemmill/utils/statistic.go:189.26,192.4 2 0
github.com/dappledger/AnnChain/gemmill/utils/statistic.go:197.39,198.14 1 0
github.com/dappledger/AnnChain/gemmill/utils/statistic.go:201.2,201.44 1 0
github.com/dappledger/AnnChain/gemmill/utils/statistic.go:205.2,205.27 1 0
github.com/dappledger/AnnChain/gemmill/utils/statistic.go:198.14,200.3 1 0
github.com/dappledger/AnnChain/gemmill/utils/statistic.go:201.44,204.3 2 0
github.com/dappledger/AnnChain/gemmill/utils/statistic.go:210.17,214.2 2 0
github.com/dappledger/AnnChain/gemmill/utils/statistic.go:216.18,219.2 2 0
github.com/dappledger/AnnChain/gemmill/utils/tools.go:27.42,33.2 2 0
github.com/dappledger/AnnChain/gemmill/utils/tools.go:35.56,37.2 1 0
github.com/dappledger/AnnChain/gemmill/utils/tools.go:39.57,41.2 1 0
github.com/dappledger/AnnChain/gemmill/utils/tools.go:43.37,47.2 3 0
github.com/dappledger/AnnChain/gemmill/utils/tools.go:50.50,52.16 2 0
github.com/dappledger/AnnChain/gemmill/utils/tools.go:55.2,57.17 3 0
github.com/dappledger/AnnChain/gemmill/utils/tools.go:52.16,54.3 1 0
github.com/dappledger/AnnChain/gemmill/utils/tools.go:60.53,62.16 2 0
github.com/dappledger/AnnChain/gemmill/utils/tools.go:65.2,65.30 1 0
github.com/dappledger/AnnChain/gemmill/utils/tools.go:62.16,64.3 1 0
github.com/dappledger/AnnChain/gemmill/utils/tools.go:68.44,70.16 2 0
github.com/dappledger/AnnChain/gemmill/utils/tools.go:73.2,73.24 1 0
github.com/dappledger/AnnChain/gemmill/utils/tools.go:76.2,76.19 1 0
github.com/dappledger/AnnChain/gemmill/utils/tools.go:70.16,72.3 1 0
github.com/dappledger/AnnChain/gemmill/utils/tools.go:73.24,75.3 1 0
github.com/dappledger/AnnChain/gemmill/utils/tools.go:79.67,81.16 2 0
github.com/dappledger/AnnChain/gemmill/utils/tools.go:84.2,86.16 3 0
github.com/dappledger/AnnChain/gemmill/utils/tools.go:89.2,90.26 2 0
github.com/dappledger/AnnChain/gemmill/utils/tools.go:81.16,83.3 1 0
github.com/dappledger/AnnChain/gemmill/utils/tools.go:86.16,88.3 1 0
github.com/dappledger/AnnChain/gemmill/utils/tools.go:93.32,94.12 1 0
github.com/dappledger/AnnChain/gemmill/utils/tools.go:97.2,97.14 1 0
github.com/dappledger/AnnChain/gemmill/utils/tools.go:100.2,100.15 1 0
github.com/dappledger/AnnChain/gemmill/utils/tools.go:103.2,103.15 1 0
github.com/dappledger/AnnChain/gemmill/utils/tools.go:106.2,106.15 1 0
github.com/dappledger/AnnChain/gemmill/utils/tools.go:109.2,109.15 1 0
github.com/dappledger/AnnChain/gemmill/utils/tools.go:112.2,112.15 1 0
github.com/dappledger/AnnChain/gemmill/utils/tools.go:115.2,115.15 1 0
github.com/dappledger/AnnChain/gemmill/utils/tools.go:118.2,118.10 1 0
github.com/dappledger/AnnChain/gemmill/utils/tools.go:94.12,96.3 1 0
github.com/dappledger/AnnChain/gemmill/utils/tools.go:97.14,99.3 1 0
github.com/dappledger/AnnChain/gemmill/utils/tools.go:100.15,102.3 1 0
github.com/dappledger/AnnChain/gemmill/utils/tools.go:103.15,105.3 1 0
github.com/dappledger/AnnChain/gemmill/utils/tools.go:106.15,108.3 1 0
github.com/dappledger/AnnChain/gemmill/utils/tools.go:109.15,111.3 1 0
github.com/dappledger/AnnChain/gemmill/utils/tools.go:112.15,114.3 1 0
github.com/dappledger/AnnChain/gemmill/utils/tools.go:115.15,117.3 1 0
github.com/dappledger/AnnChain/gemmill/utils/tools.go:121.44,123.11 2 0
github.com/dappledger/AnnChain/gemmill/utils/tools.go:127.2,129.12 3 0
github.com/dappledger/AnnChain/gemmill/utils/tools.go:135.2,135.16 1 0
github.com/dappledger/AnnChain/gemmill/utils/tools.go:138.2,138.14 1 0
github.com/dappledger/AnnChain/gemmill/utils/tools.go:143.2,143.12 1 0
github.com/dappledger/AnnChain/gemmill/utils/tools.go:123.11,126.3 2 0
github.com/dappledger/AnnChain/gemmill/utils/tools.go:129.12,132.3 1 0
github.com/dappledger/AnnChain/gemmill/utils/tools.go:132.8,134.3 1 0
github.com/dappledger/AnnChain/gemmill/utils/tools.go:135.16,137.3 1 0
github.com/dappledger/AnnChain/gemmill/utils/tools.go:138.14,142.3 3 0
github.com/dappledger/AnnChain/gemmill/utils/tools.go:146.42,150.2 3 0
github.com/dappledger/AnnChain/gemmill/utils/tools.go:152.44,154.16 2 0
github.com/dappledger/AnnChain/gemmill/utils/tools.go:157.2,157.24 1 0
github.com/dappledger/AnnChain/gemmill/utils/tools.go:154.16,156.3 1 0
github.com/dappledger/AnnChain/gemmill/utils/tools.go:160.43,162.16 2 0
github.com/dappledger/AnnChain/gemmill/utils/tools.go:165.2,166.23 2 0
github.com/dappledger/AnnChain/gemmill/utils/tools.go:170.2,170.13 1 0
github.com/dappledger/AnnChain/gemmill/utils/tools.go:173.2,173.14 1 0
github.com/dappledger/AnnChain/gemmill/utils/tools.go:179.2,181.16 3 0
github.com/dappledger/AnnChain/gemmill/utils/tools.go:184.2,185.12 2 0
github.com/dappledger/AnnChain/gemmill/utils/tools.go:188.2,188.15 1 0
github.com/dappledger/AnnChain/gemmill/utils/tools.go:162.16,164.3 1 0
github.com/dappledger/AnnChain/gemmill/utils/tools.go:166.23,169.3 2 0
github.com/dappledger/AnnChain/gemmill/utils/tools.go:170.13,172.3 1 0
github.com/dappledger/AnnChain/gemmill/utils/tools.go:173.14,174.13 1 0
github.com/dappledger/AnnChain/gemmill/utils/tools.go:177.3,177.16 1 0
github.com/dappledger/AnnChain/gemmill/utils/tools.go:174.13,176.4 1 0
github.com/dappledger/AnnChain/gemmill/utils/tools.go:181.16,183.3 1 0
github.com/dappledger/AnnChain/gemmill/utils/tools.go:185.12,187.3 1 0
github.com/dappledger/AnnChain/gemmill/utils/tools.go:193.41,193.58 1 1
github.com/dappledger/AnnChain/gemmill/utils/tools.go:194.41,194.63 1 10
github.com/dappledger/AnnChain/gemmill/utils/tools.go:195.41,195.68 1 5
github.com/dappledger/AnnChain/gemmill/utils/tools.go:197.28,197.44 1 1
github.com/dappledger/AnnChain/gemmill/utils/crypto.go:24.53,27.16 3 1
github.com/dappledger/AnnChain/gemmill/utils/crypto.go:30.2,34.24 5 1
github.com/dappledger/AnnChain/gemmill/utils/crypto.go:27.16,29.3 1 0
github.com/dappledger/AnnChain/gemmill/utils/crypto.go:37.60,41.2 3 1
github.com/dappledger/AnnChain/gemmill/utils/crypto.go:43.65,45.16 2 0
github.com/dappledger/AnnChain/gemmill/utils/crypto.go:48.2,48.28 1 0
github.com/dappledger/AnnChain/gemmill/utils/crypto.go:45.16,47.3 1 0
github.com/dappledger/AnnChain/gemmill/utils/crypto.go:51.54,54.16 3 1
github.com/dappledger/AnnChain/gemmill/utils/crypto.go:57.2,61.23 5 1
github.com/dappledger/AnnChain/gemmill/utils/crypto.go:54.16,56.3 1 0
github.com/dappledger/AnnChain/gemmill/utils/crypto.go:64.61,68.2 3 1
github.com/dappledger/AnnChain/gemmill/utils/crypto.go:70.59,71.24 1 2
github.com/dappledger/AnnChain/gemmill/utils/crypto.go:74.2,75.29 2 2
github.com/dappledger/AnnChain/gemmill/utils/crypto.go:71.24,73.3 1 0
github.com/dappledger/AnnChain/gemmill/utils/zip/zip.go:25.42,27.16 2 1
github.com/dappledger/AnnChain/gemmill/utils/zip/zip.go:31.2,32.16 2 1
github.com/dappledger/AnnChain/gemmill/utils/zip/zip.go:35.2,38.26 4 1
github.com/dappledger/AnnChain/gemmill/utils/zip/zip.go:54.2,54.8 1 1
github.com/dappledger/AnnChain/gemmill/utils/zip/zip.go:27.16,29.3 1 0
github.com/dappledger/AnnChain/gemmill/utils/zip/zip.go:32.16,34.3 1 0
github.com/dappledger/AnnChain/gemmill/utils/zip/zip.go:38.26,40.18 2 1
github.com/dappledger/AnnChain/gemmill/utils/zip/zip.go:44.3,45.18 2 1
github.com/dappledger/AnnChain/gemmill/utils/zip/zip.go:49.3,50.17 2 1
github.com/dappledger/AnnChain/gemmill/utils/zip/zip.go:40.18,43.4 2 0
github.com/dappledger/AnnChain/gemmill/utils/zip/zip.go:45.18,48.4 2 0
github.com/dappledger/AnnChain/gemmill/utils/zip/zip.go:50.17,52.4 1 0
github.com/dappledger/AnnChain/gemmill/utils/zip/zip.go:57.47,59.16 2 1
github.com/dappledger/AnnChain/gemmill/utils/zip/zip.go:62.2,63.16 2 1
github.com/dappledger/AnnChain/gemmill/utils/zip/zip.go:66.2,67.31 2 1
github.com/dappledger/AnnChain/gemmill/utils/zip/zip.go:85.2,85.8 1 1
github.com/dappledger/AnnChain/gemmill/utils/zip/zip.go:59.16,61.3 1 0
github.com/dappledger/AnnChain/gemmill/utils/zip/zip.go:63.16,65.3 1 0
github.com/dappledger/AnnChain/gemmill/utils/zip/zip.go:67.31,69.18 2 1
github.com/dappledger/AnnChain/gemmill/utils/zip/zip.go:73.3,75.18 3 1
github.com/dappledger/AnnChain/gemmill/utils/zip/zip.go:79.3,81.17 3 1
github.com/dappledger/AnnChain/gemmill/utils/zip/zip.go:69.18,72.4 2 0
github.com/dappledger/AnnChain/gemmill/utils/zip/zip.go:75.18,78.4 2 0
github.com/dappledger/AnnChain/gemmill/utils/zip/zip.go:81.17,83.4 1 0
github.com/dappledger/AnnChain/gemmill/state/statetool.go:37.52,40.62 3 0
github.com/dappledger/AnnChain/gemmill/state/statetool.go:43.2,43.12 1 0
github.com/dappledger/AnnChain/gemmill/state/statetool.go:40.62,42.3 1 0
github.com/dappledger/AnnChain/gemmill/state/statetool.go:46.46,47.2 0 0
github.com/dappledger/AnnChain/gemmill/state/statetool.go:49.70,51.35 2 0
github.com/dappledger/AnnChain/gemmill/state/statetool.go:54.2,55.15 2 0
github.com/dappledger/AnnChain/gemmill/state/statetool.go:51.35,53.3 1 0
github.com/dappledger/AnnChain/gemmill/state/statetool.go:58.41,60.2 1 0
github.com/dappledger/AnnChain/gemmill/state/statetool.go:62.59,64.2 1 0
github.com/dappledger/AnnChain/gemmill/state/statetool.go:66.63,69.20 3 0
github.com/dappledger/AnnChain/gemmill/state/statetool.go:72.2,74.12 2 0
github.com/dappledger/AnnChain/gemmill/state/statetool.go:69.20,71.3 1 0
github.com/dappledger/AnnChain/gemmill/state/statetool.go:77.64,80.26 3 0
github.com/dappledger/AnnChain/gemmill/state/statetool.go:83.2,84.12 2 0
github.com/dappledger/AnnChain/gemmill/state/statetool.go:80.26,82.3 1 0
github.com/dappledger/AnnChain/gemmill/state/statetool.go:87.51,89.2 1 0
github.com/dappledger/AnnChain/gemmill/state/statetool.go:93.164,103.2 9 0
github.com/dappledger/AnnChain/gemmill/state/tps.go:33.52,39.2 1 2
github.com/dappledger/AnnChain/gemmill/state/tps.go:41.53,43.25 2 20
github.com/dappledger/AnnChain/gemmill/state/tps.go:47.2,52.15 3 20
github.com/dappledger/AnnChain/gemmill/state/tps.go:43.25,45.3 1 3
github.com/dappledger/AnnChain/gemmill/state/tps.go:55.35,58.27 3 20
github.com/dappledger/AnnChain/gemmill/state/tps.go:64.2,64.58 1 20
github.com/dappledger/AnnChain/gemmill/state/tps.go:58.27,59.36 1 100
github.com/dappledger/AnnChain/gemmill/state/tps.go:59.36,62.4 2 90
github.com/dappledger/AnnChain/gemmill/state/errors.go:52.41,54.2 1 0
github.com/dappledger/AnnChain/gemmill/state/errors.go:56.46,58.2 1 0
github.com/dappledger/AnnChain/gemmill/state/errors.go:60.50,62.2 1 0
github.com/dappledger/AnnChain/gemmill/state/errors.go:63.46,65.2 1 0
github.com/dappledger/AnnChain/gemmill/state/errors.go:67.42,69.2 1 0
github.com/dappledger/AnnChain/gemmill/state/execution.go:38.135,40.47 1 0
github.com/dappledger/AnnChain/gemmill/state/execution.go:45.2,54.16 7 0
github.com/dappledger/AnnChain/gemmill/state/execution.go:58.2,58.71 1 0
github.com/dappledger/AnnChain/gemmill/state/execution.go:62.2,63.16 2 0
github.com/dappledger/AnnChain/gemmill/state/execution.go:69.2,76.12 4 0
github.com/dappledger/AnnChain/gemmill/state/execution.go:40.47,42.3 1 0
github.com/dappledger/AnnChain/gemmill/state/execution.go:54.16,56.3 1 0
github.com/dappledger/AnnChain/gemmill/state/execution.go:58.71,60.3 1 0
github.com/dappledger/AnnChain/gemmill/state/execution.go:63.16,65.3 1 0
github.com/dappledger/AnnChain/gemmill/state/execution.go:79.128,86.16 6 0
github.com/dappledger/AnnChain/gemmill/state/execution.go:90.2,90.12 1 0
github.com/dappledger/AnnChain/gemmill/state/execution.go:109.2,109.22 1 0
github.com/dappledger/AnnChain/gemmill/state/execution.go:113.2,125.17 4 0
github.com/dappledger/AnnChain/gemmill/state/execution.go:86.16,88.3 1 0
github.com/dappledger/AnnChain/gemmill/state/execution.go:90.12,91.35 1 0
github.com/dappledger/AnnChain/gemmill/state/execution.go:98.3,98.42 1 0
github.com/dappledger/AnnChain/gemmill/state/execution.go:106.3,106.21 1 0
github.com/dappledger/AnnChain/gemmill/state/execution.go:91.35,97.4 2 0
github.com/dappledger/AnnChain/gemmill/state/execution.go:98.42,105.4 2 0
github.com/dappledger/AnnChain/gemmill/state/execution.go:109.22,111.3 1 0
github.com/dappledger/AnnChain/gemmill/state/execution.go:130.65,132.56 2 0
github.com/dappledger/AnnChain/gemmill/state/execution.go:137.2,137.15 1 0
github.com/dappledger/AnnChain/gemmill/state/execution.go:132.56,133.23 1 0
github.com/dappledger/AnnChain/gemmill/state/execution.go:133.23,135.4 1 0
github.com/dappledger/AnnChain/gemmill/state/execution.go:143.57,145.2 1 0
github.com/dappledger/AnnChain/gemmill/state/execution.go:147.57,150.16 2 0
github.com/dappledger/AnnChain/gemmill/state/execution.go:154.2,154.53 1 0
github.com/dappledger/AnnChain/gemmill/state/execution.go:159.2,159.23 1 0
github.com/dappledger/AnnChain/gemmill/state/execution.go:175.2,175.12 1 0
github.com/dappledger/AnnChain/gemmill/state/execution.go:150.16,152.3 1 0
github.com/dappledger/AnnChain/gemmill/state/execution.go:154.53,156.3 1 0
github.com/dappledger/AnnChain/gemmill/state/execution.go:159.23,160.44 1 0
github.com/dappledger/AnnChain/gemmill/state/execution.go:160.44,162.4 1 0
github.com/dappledger/AnnChain/gemmill/state/execution.go:163.8,164.66 1 0
github.com/dappledger/AnnChain/gemmill/state/execution.go:168.3,170.17 2 0
github.com/dappledger/AnnChain/gemmill/state/execution.go:164.66,167.4 1 0
github.com/dappledger/AnnChain/gemmill/state/execution.go:170.17,172.4 1 0
github.com/dappledger/AnnChain/gemmill/state/execution.go:179.155,184.16 2 0
github.com/dappledger/AnnChain/gemmill/state/execution.go:188.2,189.16 2 0
github.com/dappledger/AnnChain/gemmill/state/execution.go:193.2,193.12 1 0
github.com/dappledger/AnnChain/gemmill/state/execution.go:184.16,186.3 1 0
github.com/dappledger/AnnChain/gemmill/state/execution.go:189.16,191.3 1 0
github.com/dappledger/AnnChain/gemmill/state/execution.go:199.136,207.2 7 0
github.com/dappledger/AnnChain/gemmill/state/execution.go:227.83,229.2 1 0
github.com/dappledger/AnnChain/gemmill/state/execution.go:232.40,250.2 1 0
github.com/dappledger/AnnChain/gemmill/state/state.go:72.34,73.44 1 0
github.com/dappledger/AnnChain/gemmill/state/state.go:76.2,76.44 1 0
github.com/dappledger/AnnChain/gemmill/state/state.go:79.2,79.48 1 0
github.com/dappledger/AnnChain/gemmill/state/state.go:73.44,75.3 1 0
github.com/dappledger/AnnChain/gemmill/state/state.go:76.44,78.3 1 0
github.com/dappledger/AnnChain/gemmill/state/state.go:79.48,81.3 1 0
github.com/dappledger/AnnChain/gemmill/state/state.go:84.34,86.2 1 0
github.com/dappledger/AnnChain/gemmill/state/state.go:88.46,91.19 3 0
github.com/dappledger/AnnChain/gemmill/state/state.go:95.2,97.17 3 0
github.com/dappledger/AnnChain/gemmill/state/state.go:102.2,102.10 1 0
github.com/dappledger/AnnChain/gemmill/state/state.go:91.19,93.3 1 0
github.com/dappledger/AnnChain/gemmill/state/state.go:97.17,99.3 1 0
github.com/dappledger/AnnChain/gemmill/state/state.go:105.31,121.2 1 0
github.com/dappledger/AnnChain/gemmill/state/state.go:123.42,129.2 2 0
github.com/dappledger/AnnChain/gemmill/state/state.go:131.24,135.2 3 0
github.com/dappledger/AnnChain/gemmill/state/state.go:137.39,141.2 3 0
github.com/dappledger/AnnChain/gemmill/state/state.go:143.36,147.2 3 0
github.com/dappledger/AnnChain/gemmill/state/state.go:151.36,153.29 2 0
github.com/dappledger/AnnChain/gemmill/state/state.go:157.2,157.47 1 0
github.com/dappledger/AnnChain/gemmill/state/state.go:161.2,161.65 1 0
github.com/dappledger/AnnChain/gemmill/state/state.go:165.2,165.41 1 0
github.com/dappledger/AnnChain/gemmill/state/state.go:169.2,169.51 1 0
github.com/dappledger/AnnChain/gemmill/state/state.go:173.2,173.150 1 0
github.com/dappledger/AnnChain/gemmill/state/state.go:153.29,155.3 1 0
github.com/dappledger/AnnChain/gemmill/state/state.go:157.47,159.3 1 0
github.com/dappledger/AnnChain/gemmill/state/state.go:161.65,163.3 1 0
github.com/dappledger/AnnChain/gemmill/state/state.go:165.41,167.3 1 0
github.com/dappledger/AnnChain/gemmill/state/state.go:169.51,171.3 1 0
github.com/dappledger/AnnChain/gemmill/state/state.go:176.57,178.2 1 0
github.com/dappledger/AnnChain/gemmill/state/state.go:180.40,182.2 1 0
github.com/dappledger/AnnChain/gemmill/state/state.go:185.32,188.17 3 0
github.com/dappledger/AnnChain/gemmill/state/state.go:191.2,191.20 1 0
github.com/dappledger/AnnChain/gemmill/state/state.go:188.17,190.3 1 0
github.com/dappledger/AnnChain/gemmill/state/state.go:196.143,198.23 2 0
github.com/dappledger/AnnChain/gemmill/state/state.go:201.2,202.39 1 0
github.com/dappledger/AnnChain/gemmill/state/state.go:198.23,200.3 1 0
github.com/dappledger/AnnChain/gemmill/state/state.go:206.46,214.2 6 0
github.com/dappledger/AnnChain/gemmill/state/state.go:216.76,218.2 1 0
github.com/dappledger/AnnChain/gemmill/state/state.go:220.70,222.2 1 0
github.com/dappledger/AnnChain/gemmill/state/state.go:224.37,226.2 1 0
github.com/dappledger/AnnChain/gemmill/state/state.go:230.59,232.18 2 0
github.com/dappledger/AnnChain/gemmill/state/state.go:237.2,237.14 1 0
github.com/dappledger/AnnChain/gemmill/state/state.go:232.18,233.96 1 0
github.com/dappledger/AnnChain/gemmill/state/state.go:233.96,235.4 1 0
github.com/dappledger/AnnChain/gemmill/state/state.go:243.68,245.16 2 0
github.com/dappledger/AnnChain/gemmill/state/state.go:248.2,249.37 2 0
github.com/dappledger/AnnChain/gemmill/state/state.go:245.16,247.3 1 0
github.com/dappledger/AnnChain/gemmill/state/state.go:252.67,253.33 1 0
github.com/dappledger/AnnChain/gemmill/state/state.go:257.2,257.33 1 0
github.com/dappledger/AnnChain/gemmill/state/state.go:262.2,263.40 2 0
github.com/dappledger/AnnChain/gemmill/state/state.go:275.2,290.3 3 0
github.com/dappledger/AnnChain/gemmill/state/state.go:253.33,255.3 1 0
github.com/dappledger/AnnChain/gemmill/state/state.go:257.33,259.3 1 0
github.com/dappledger/AnnChain/gemmill/state/state.go:263.40,274.3 3 0
