mode: atomic
github.com/dappledger/AnnChain/eth/common/path.go:29.44,31.2 1 0
github.com/dappledger/AnnChain/eth/common/path.go:34.38,36.38 2 0
github.com/dappledger/AnnChain/eth/common/path.go:40.2,40.13 1 0
github.com/dappledger/AnnChain/eth/common/path.go:36.38,38.3 1 0
github.com/dappledger/AnnChain/eth/common/path.go:44.59,45.30 1 0
github.com/dappledger/AnnChain/eth/common/path.go:48.2,48.41 1 0
github.com/dappledger/AnnChain/eth/common/path.go:45.30,47.3 1 0
github.com/dappledger/AnnChain/eth/common/size.go:28.38,29.17 1 3
github.com/dappledger/AnnChain/eth/common/size.go:29.17,31.3 1 1
github.com/dappledger/AnnChain/eth/common/size.go:31.8,31.21 1 2
github.com/dappledger/AnnChain/eth/common/size.go:31.21,33.3 1 1
github.com/dappledger/AnnChain/eth/common/size.go:33.8,35.3 1 1
github.com/dappledger/AnnChain/eth/common/size.go:40.46,41.17 1 0
github.com/dappledger/AnnChain/eth/common/size.go:41.17,43.3 1 0
github.com/dappledger/AnnChain/eth/common/size.go:43.8,43.21 1 0
github.com/dappledger/AnnChain/eth/common/size.go:43.21,45.3 1 0
github.com/dappledger/AnnChain/eth/common/size.go:45.8,47.3 1 0
github.com/dappledger/AnnChain/eth/common/test_utils.go:26.51,28.16 2 0
github.com/dappledger/AnnChain/eth/common/test_utils.go:31.2,31.53 1 0
github.com/dappledger/AnnChain/eth/common/test_utils.go:38.2,38.12 1 0
github.com/dappledger/AnnChain/eth/common/test_utils.go:28.16,30.3 1 0
github.com/dappledger/AnnChain/eth/common/test_utils.go:31.53,32.51 1 0
github.com/dappledger/AnnChain/eth/common/test_utils.go:36.3,36.65 1 0
github.com/dappledger/AnnChain/eth/common/test_utils.go:32.51,35.4 2 0
github.com/dappledger/AnnChain/eth/common/test_utils.go:42.53,44.33 2 0
github.com/dappledger/AnnChain/eth/common/test_utils.go:52.2,52.8 1 0
github.com/dappledger/AnnChain/eth/common/test_utils.go:44.33,45.25 1 0
github.com/dappledger/AnnChain/eth/common/test_utils.go:48.3,48.16 1 0
github.com/dappledger/AnnChain/eth/common/test_utils.go:45.25,47.4 1 0
github.com/dappledger/AnnChain/eth/common/test_utils.go:48.16,50.4 1 0
github.com/dappledger/AnnChain/eth/common/types.go:51.33,55.2 3 1
github.com/dappledger/AnnChain/eth/common/types.go:59.33,59.66 1 0
github.com/dappledger/AnnChain/eth/common/types.go:63.31,63.65 1 0
github.com/dappledger/AnnChain/eth/common/types.go:66.30,66.45 1 0
github.com/dappledger/AnnChain/eth/common/types.go:69.30,69.68 1 0
github.com/dappledger/AnnChain/eth/common/types.go:72.28,72.59 1 0
github.com/dappledger/AnnChain/eth/common/types.go:76.39,78.2 1 0
github.com/dappledger/AnnChain/eth/common/types.go:82.31,84.2 1 0
github.com/dappledger/AnnChain/eth/common/types.go:88.43,90.2 1 0
github.com/dappledger/AnnChain/eth/common/types.go:93.50,95.2 1 0
github.com/dappledger/AnnChain/eth/common/types.go:98.50,100.2 1 6
github.com/dappledger/AnnChain/eth/common/types.go:103.45,105.2 1 0
github.com/dappledger/AnnChain/eth/common/types.go:109.35,110.21 1 2
github.com/dappledger/AnnChain/eth/common/types.go:114.2,114.32 1 2
github.com/dappledger/AnnChain/eth/common/types.go:110.21,112.3 1 0
github.com/dappledger/AnnChain/eth/common/types.go:118.65,120.34 2 0
github.com/dappledger/AnnChain/eth/common/types.go:123.2,123.27 1 0
github.com/dappledger/AnnChain/eth/common/types.go:120.34,122.3 1 0
github.com/dappledger/AnnChain/eth/common/types.go:127.44,129.9 2 3
github.com/dappledger/AnnChain/eth/common/types.go:132.2,132.29 1 2
github.com/dappledger/AnnChain/eth/common/types.go:135.2,136.12 2 1
github.com/dappledger/AnnChain/eth/common/types.go:129.9,131.3 1 1
github.com/dappledger/AnnChain/eth/common/types.go:132.29,134.3 1 1
github.com/dappledger/AnnChain/eth/common/types.go:140.45,142.2 1 1
github.com/dappledger/AnnChain/eth/common/types.go:148.60,150.2 1 0
github.com/dappledger/AnnChain/eth/common/types.go:153.55,155.2 1 0
github.com/dappledger/AnnChain/eth/common/types.go:164.39,168.2 3 8
github.com/dappledger/AnnChain/eth/common/types.go:172.39,172.75 1 0
github.com/dappledger/AnnChain/eth/common/types.go:176.37,176.74 1 8
github.com/dappledger/AnnChain/eth/common/types.go:180.34,181.21 1 9
github.com/dappledger/AnnChain/eth/common/types.go:184.2,184.46 1 9
github.com/dappledger/AnnChain/eth/common/types.go:181.21,183.3 1 7
github.com/dappledger/AnnChain/eth/common/types.go:188.33,188.48 1 0
github.com/dappledger/AnnChain/eth/common/types.go:191.33,191.71 1 2
github.com/dappledger/AnnChain/eth/common/types.go:194.30,194.58 1 0
github.com/dappledger/AnnChain/eth/common/types.go:197.31,204.35 6 12
github.com/dappledger/AnnChain/eth/common/types.go:215.2,215.30 1 12
github.com/dappledger/AnnChain/eth/common/types.go:204.35,206.15 2 480
github.com/dappledger/AnnChain/eth/common/types.go:211.3,211.38 1 480
github.com/dappledger/AnnChain/eth/common/types.go:206.15,208.4 1 240
github.com/dappledger/AnnChain/eth/common/types.go:208.9,210.4 1 240
github.com/dappledger/AnnChain/eth/common/types.go:211.38,213.4 1 47
github.com/dappledger/AnnChain/eth/common/types.go:219.34,221.2 1 0
github.com/dappledger/AnnChain/eth/common/types.go:225.46,227.2 1 0
github.com/dappledger/AnnChain/eth/common/types.go:231.38,232.21 1 9
github.com/dappledger/AnnChain/eth/common/types.go:235.2,235.35 1 9
github.com/dappledger/AnnChain/eth/common/types.go:232.21,234.3 1 0
github.com/dappledger/AnnChain/eth/common/types.go:239.48,241.2 1 0
github.com/dappledger/AnnChain/eth/common/types.go:244.53,246.2 1 0
github.com/dappledger/AnnChain/eth/common/types.go:249.53,251.2 1 6
github.com/dappledger/AnnChain/eth/common/types.go:254.47,256.9 2 3
github.com/dappledger/AnnChain/eth/common/types.go:259.2,259.32 1 2
github.com/dappledger/AnnChain/eth/common/types.go:262.2,263.12 2 1
github.com/dappledger/AnnChain/eth/common/types.go:256.9,258.3 1 1
github.com/dappledger/AnnChain/eth/common/types.go:259.32,261.3 1 1
github.com/dappledger/AnnChain/eth/common/types.go:267.48,269.2 1 1
github.com/dappledger/AnnChain/eth/common/types.go:275.63,277.2 1 0
github.com/dappledger/AnnChain/eth/common/types.go:280.58,282.2 1 0
github.com/dappledger/AnnChain/eth/common/types.go:292.57,294.2 1 0
github.com/dappledger/AnnChain/eth/common/types.go:297.79,298.28 1 0
github.com/dappledger/AnnChain/eth/common/types.go:301.2,302.75 2 0
github.com/dappledger/AnnChain/eth/common/types.go:298.28,300.3 1 0
github.com/dappledger/AnnChain/eth/common/types.go:306.63,307.80 1 11
github.com/dappledger/AnnChain/eth/common/types.go:310.2,310.44 1 4
github.com/dappledger/AnnChain/eth/common/types.go:307.80,309.3 1 7
github.com/dappledger/AnnChain/eth/common/types.go:314.59,315.82 1 0
github.com/dappledger/AnnChain/eth/common/types.go:318.2,318.55 1 0
github.com/dappledger/AnnChain/eth/common/types.go:315.82,317.3 1 0
github.com/dappledger/AnnChain/eth/common/types.go:322.47,324.2 1 0
github.com/dappledger/AnnChain/eth/common/types.go:327.45,328.24 1 0
github.com/dappledger/AnnChain/eth/common/types.go:331.2,331.56 1 0
github.com/dappledger/AnnChain/eth/common/types.go:328.24,330.3 1 0
github.com/dappledger/AnnChain/eth/common/types.go:335.50,337.2 1 4
github.com/dappledger/AnnChain/eth/common/types.go:340.47,342.2 1 0
github.com/dappledger/AnnChain/eth/common/bytes.go:26.29,28.19 2 0
github.com/dappledger/AnnChain/eth/common/bytes.go:31.2,31.19 1 0
github.com/dappledger/AnnChain/eth/common/bytes.go:28.19,30.3 1 0
github.com/dappledger/AnnChain/eth/common/bytes.go:35.38,37.19 2 0
github.com/dappledger/AnnChain/eth/common/bytes.go:40.2,40.10 1 0
github.com/dappledger/AnnChain/eth/common/bytes.go:37.19,39.3 1 0
github.com/dappledger/AnnChain/eth/common/bytes.go:45.31,46.16 1 11
github.com/dappledger/AnnChain/eth/common/bytes.go:51.2,51.19 1 11
github.com/dappledger/AnnChain/eth/common/bytes.go:54.2,54.21 1 11
github.com/dappledger/AnnChain/eth/common/bytes.go:46.16,47.39 1 10
github.com/dappledger/AnnChain/eth/common/bytes.go:47.39,49.4 1 10
github.com/dappledger/AnnChain/eth/common/bytes.go:51.19,53.3 1 4
github.com/dappledger/AnnChain/eth/common/bytes.go:58.47,59.14 1 1
github.com/dappledger/AnnChain/eth/common/bytes.go:62.2,65.8 3 1
github.com/dappledger/AnnChain/eth/common/bytes.go:59.14,61.3 1 0
github.com/dappledger/AnnChain/eth/common/bytes.go:69.36,71.2 1 9
github.com/dappledger/AnnChain/eth/common/bytes.go:74.34,76.2 1 219
github.com/dappledger/AnnChain/eth/common/bytes.go:79.29,80.21 1 14
github.com/dappledger/AnnChain/eth/common/bytes.go:83.2,83.32 1 12
github.com/dappledger/AnnChain/eth/common/bytes.go:88.2,88.13 1 9
github.com/dappledger/AnnChain/eth/common/bytes.go:80.21,82.3 1 2
github.com/dappledger/AnnChain/eth/common/bytes.go:83.32,84.25 1 219
github.com/dappledger/AnnChain/eth/common/bytes.go:84.25,86.4 1 3
github.com/dappledger/AnnChain/eth/common/bytes.go:92.33,94.2 1 0
github.com/dappledger/AnnChain/eth/common/bytes.go:97.35,100.2 2 11
github.com/dappledger/AnnChain/eth/common/bytes.go:103.50,105.20 2 0
github.com/dappledger/AnnChain/eth/common/bytes.go:108.2,108.19 1 0
github.com/dappledger/AnnChain/eth/common/bytes.go:111.2,113.11 3 0
github.com/dappledger/AnnChain/eth/common/bytes.go:105.20,107.3 1 0
github.com/dappledger/AnnChain/eth/common/bytes.go:108.19,110.3 1 0
github.com/dappledger/AnnChain/eth/common/bytes.go:117.48,118.21 1 2
github.com/dappledger/AnnChain/eth/common/bytes.go:122.2,125.15 3 1
github.com/dappledger/AnnChain/eth/common/bytes.go:118.21,120.3 1 1
github.com/dappledger/AnnChain/eth/common/bytes.go:129.47,130.21 1 2
github.com/dappledger/AnnChain/eth/common/bytes.go:134.2,137.15 3 1
github.com/dappledger/AnnChain/eth/common/bytes.go:130.21,132.3 1 1
github.com/dappledger/AnnChain/eth/common/debug.go:28.35,38.2 6 0
github.com/dappledger/AnnChain/eth/common/debug.go:41.42,52.2 3 0
github.com/dappledger/AnnChain/eth/common/format.go:34.41,36.65 2 0
github.com/dappledger/AnnChain/eth/common/format.go:39.2,39.14 1 0
github.com/dappledger/AnnChain/eth/common/format.go:36.65,38.3 1 0
github.com/dappledger/AnnChain/eth/common/format.go:62.36,65.24 2 0
github.com/dappledger/AnnChain/eth/common/format.go:69.2,71.32 2 0
github.com/dappledger/AnnChain/eth/common/format.go:81.2,81.15 1 0
github.com/dappledger/AnnChain/eth/common/format.go:65.24,67.3 1 0
github.com/dappledger/AnnChain/eth/common/format.go:71.32,72.23 1 0
github.com/dappledger/AnnChain/eth/common/format.go:72.23,76.28 3 0
github.com/dappledger/AnnChain/eth/common/format.go:76.28,77.10 1 0
github.com/dappledger/AnnChain/eth/accounts/abi/argument.go:44.60,47.16 3 345
github.com/dappledger/AnnChain/eth/accounts/abi/argument.go:51.2,52.16 2 345
github.com/dappledger/AnnChain/eth/accounts/abi/argument.go:55.2,58.12 3 345
github.com/dappledger/AnnChain/eth/accounts/abi/argument.go:47.16,49.3 1 0
github.com/dappledger/AnnChain/eth/accounts/abi/argument.go:52.16,54.3 1 0
github.com/dappledger/AnnChain/eth/accounts/abi/argument.go:63.51,65.32 2 197
github.com/dappledger/AnnChain/eth/accounts/abi/argument.go:70.2,70.12 1 197
github.com/dappledger/AnnChain/eth/accounts/abi/argument.go:65.32,66.19 1 276
github.com/dappledger/AnnChain/eth/accounts/abi/argument.go:66.19,68.4 1 260
github.com/dappledger/AnnChain/eth/accounts/abi/argument.go:74.51,76.32 2 233
github.com/dappledger/AnnChain/eth/accounts/abi/argument.go:81.2,81.12 1 233
github.com/dappledger/AnnChain/eth/accounts/abi/argument.go:76.32,77.19 1 364
github.com/dappledger/AnnChain/eth/accounts/abi/argument.go:77.19,79.4 1 330
github.com/dappledger/AnnChain/eth/accounts/abi/argument.go:85.43,87.2 1 105
github.com/dappledger/AnnChain/eth/accounts/abi/argument.go:90.69,92.46 1 109
github.com/dappledger/AnnChain/eth/accounts/abi/argument.go:95.2,96.16 2 109
github.com/dappledger/AnnChain/eth/accounts/abi/argument.go:99.2,99.25 1 105
github.com/dappledger/AnnChain/eth/accounts/abi/argument.go:102.2,102.55 1 66
github.com/dappledger/AnnChain/eth/accounts/abi/argument.go:92.46,94.3 1 0
github.com/dappledger/AnnChain/eth/accounts/abi/argument.go:96.16,98.3 1 4
github.com/dappledger/AnnChain/eth/accounts/abi/argument.go:99.25,101.3 1 39
github.com/dappledger/AnnChain/eth/accounts/abi/argument.go:107.62,113.84 2 132
github.com/dappledger/AnnChain/eth/accounts/abi/argument.go:117.2,117.13 1 6
github.com/dappledger/AnnChain/eth/accounts/abi/argument.go:160.2,160.12 1 1
github.com/dappledger/AnnChain/eth/accounts/abi/argument.go:113.84,115.3 1 126
github.com/dappledger/AnnChain/eth/accounts/abi/argument.go:118.15,119.38 1 5
github.com/dappledger/AnnChain/eth/accounts/abi/argument.go:122.3,123.17 2 5
github.com/dappledger/AnnChain/eth/accounts/abi/argument.go:126.3,126.37 1 5
github.com/dappledger/AnnChain/eth/accounts/abi/argument.go:136.3,136.13 1 5
github.com/dappledger/AnnChain/eth/accounts/abi/argument.go:137.15,138.37 1 1
github.com/dappledger/AnnChain/eth/accounts/abi/argument.go:141.3,142.36 2 1
github.com/dappledger/AnnChain/eth/accounts/abi/argument.go:147.3,147.20 1 1
github.com/dappledger/AnnChain/eth/accounts/abi/argument.go:148.15,149.37 1 0
github.com/dappledger/AnnChain/eth/accounts/abi/argument.go:152.3,153.36 2 0
github.com/dappledger/AnnChain/eth/accounts/abi/argument.go:158.3,158.20 1 0
github.com/dappledger/AnnChain/eth/accounts/abi/argument.go:119.38,121.4 1 0
github.com/dappledger/AnnChain/eth/accounts/abi/argument.go:123.17,125.4 1 0
github.com/dappledger/AnnChain/eth/accounts/abi/argument.go:126.37,129.24 3 11
github.com/dappledger/AnnChain/eth/accounts/abi/argument.go:132.4,132.94 1 11
github.com/dappledger/AnnChain/eth/accounts/abi/argument.go:129.24,131.5 1 0
github.com/dappledger/AnnChain/eth/accounts/abi/argument.go:132.94,134.5 1 0
github.com/dappledger/AnnChain/eth/accounts/abi/argument.go:138.37,140.4 1 0
github.com/dappledger/AnnChain/eth/accounts/abi/argument.go:142.36,143.105 1 2
github.com/dappledger/AnnChain/eth/accounts/abi/argument.go:143.105,145.5 1 0
github.com/dappledger/AnnChain/eth/accounts/abi/argument.go:149.37,151.4 1 0
github.com/dappledger/AnnChain/eth/accounts/abi/argument.go:153.36,154.105 1 0
github.com/dappledger/AnnChain/eth/accounts/abi/argument.go:154.105,156.5 1 0
github.com/dappledger/AnnChain/eth/accounts/abi/argument.go:164.92,165.39 1 66
github.com/dappledger/AnnChain/eth/accounts/abi/argument.go:168.2,171.35 3 66
github.com/dappledger/AnnChain/eth/accounts/abi/argument.go:182.2,182.74 1 60
github.com/dappledger/AnnChain/eth/accounts/abi/argument.go:165.39,167.3 1 0
github.com/dappledger/AnnChain/eth/accounts/abi/argument.go:171.35,173.17 2 6
github.com/dappledger/AnnChain/eth/accounts/abi/argument.go:176.3,177.23 2 5
github.com/dappledger/AnnChain/eth/accounts/abi/argument.go:180.3,180.76 1 5
github.com/dappledger/AnnChain/eth/accounts/abi/argument.go:173.17,175.4 1 1
github.com/dappledger/AnnChain/eth/accounts/abi/argument.go:177.23,179.4 1 0
github.com/dappledger/AnnChain/eth/accounts/abi/argument.go:186.93,192.71 2 39
github.com/dappledger/AnnChain/eth/accounts/abi/argument.go:197.2,198.28 2 36
github.com/dappledger/AnnChain/eth/accounts/abi/argument.go:211.2,211.45 1 28
github.com/dappledger/AnnChain/eth/accounts/abi/argument.go:236.2,236.12 1 24
github.com/dappledger/AnnChain/eth/accounts/abi/argument.go:192.71,194.3 1 3
github.com/dappledger/AnnChain/eth/accounts/abi/argument.go:198.28,203.46 2 23
github.com/dappledger/AnnChain/eth/accounts/abi/argument.go:206.3,207.17 2 23
github.com/dappledger/AnnChain/eth/accounts/abi/argument.go:203.46,205.4 1 44
github.com/dappledger/AnnChain/eth/accounts/abi/argument.go:207.17,209.4 1 8
github.com/dappledger/AnnChain/eth/accounts/abi/argument.go:211.45,212.15 1 55
github.com/dappledger/AnnChain/eth/accounts/abi/argument.go:213.23,215.24 2 29
github.com/dappledger/AnnChain/eth/accounts/abi/argument.go:218.4,218.91 1 29
github.com/dappledger/AnnChain/eth/accounts/abi/argument.go:221.37,222.23 1 26
github.com/dappledger/AnnChain/eth/accounts/abi/argument.go:225.4,226.85 2 26
github.com/dappledger/AnnChain/eth/accounts/abi/argument.go:229.4,229.87 1 25
github.com/dappledger/AnnChain/eth/accounts/abi/argument.go:232.11,233.69 1 0
github.com/dappledger/AnnChain/eth/accounts/abi/argument.go:215.24,217.5 1 0
github.com/dappledger/AnnChain/eth/accounts/abi/argument.go:218.91,220.5 1 1
github.com/dappledger/AnnChain/eth/accounts/abi/argument.go:222.23,224.5 1 0
github.com/dappledger/AnnChain/eth/accounts/abi/argument.go:226.85,228.5 1 1
github.com/dappledger/AnnChain/eth/accounts/abi/argument.go:229.87,231.5 1 2
github.com/dappledger/AnnChain/eth/accounts/abi/argument.go:243.77,246.49 3 116
github.com/dappledger/AnnChain/eth/accounts/abi/argument.go:270.2,270.20 1 105
github.com/dappledger/AnnChain/eth/accounts/abi/argument.go:246.49,248.56 2 159
github.com/dappledger/AnnChain/eth/accounts/abi/argument.go:265.3,265.17 1 159
github.com/dappledger/AnnChain/eth/accounts/abi/argument.go:268.3,268.43 1 148
github.com/dappledger/AnnChain/eth/accounts/abi/argument.go:248.56,260.4 1 17
github.com/dappledger/AnnChain/eth/accounts/abi/argument.go:260.9,260.63 1 142
github.com/dappledger/AnnChain/eth/accounts/abi/argument.go:260.63,264.4 1 2
github.com/dappledger/AnnChain/eth/accounts/abi/argument.go:265.17,267.4 1 11
github.com/dappledger/AnnChain/eth/accounts/abi/argument.go:275.75,277.2 1 0
github.com/dappledger/AnnChain/eth/accounts/abi/argument.go:280.70,283.31 2 28
github.com/dappledger/AnnChain/eth/accounts/abi/argument.go:288.2,292.33 3 27
github.com/dappledger/AnnChain/eth/accounts/abi/argument.go:295.2,296.25 2 27
github.com/dappledger/AnnChain/eth/accounts/abi/argument.go:317.2,319.17 2 26
github.com/dappledger/AnnChain/eth/accounts/abi/argument.go:283.31,285.3 1 1
github.com/dappledger/AnnChain/eth/accounts/abi/argument.go:292.33,294.3 1 41
github.com/dappledger/AnnChain/eth/accounts/abi/argument.go:296.25,300.17 3 41
github.com/dappledger/AnnChain/eth/accounts/abi/argument.go:304.3,304.32 1 40
github.com/dappledger/AnnChain/eth/accounts/abi/argument.go:300.17,302.4 1 1
github.com/dappledger/AnnChain/eth/accounts/abi/argument.go:304.32,311.4 3 23
github.com/dappledger/AnnChain/eth/accounts/abi/argument.go:311.9,314.4 1 17
github.com/dappledger/AnnChain/eth/accounts/abi/argument.go:323.39,325.26 2 192
github.com/dappledger/AnnChain/eth/accounts/abi/argument.go:330.2,330.32 1 192
github.com/dappledger/AnnChain/eth/accounts/abi/argument.go:325.26,326.17 1 207
github.com/dappledger/AnnChain/eth/accounts/abi/argument.go:326.17,328.4 1 194
github.com/dappledger/AnnChain/eth/accounts/abi/error.go:31.65,32.21 1 8
github.com/dappledger/AnnChain/eth/accounts/abi/error.go:35.2,35.47 1 8
github.com/dappledger/AnnChain/eth/accounts/abi/error.go:32.21,34.3 1 0
github.com/dappledger/AnnChain/eth/accounts/abi/error.go:40.54,41.64 1 121
github.com/dappledger/AnnChain/eth/accounts/abi/error.go:45.2,45.43 1 121
github.com/dappledger/AnnChain/eth/accounts/abi/error.go:49.2,49.25 1 118
github.com/dappledger/AnnChain/eth/accounts/abi/error.go:57.2,57.67 1 97
github.com/dappledger/AnnChain/eth/accounts/abi/error.go:60.2,60.12 1 95
github.com/dappledger/AnnChain/eth/accounts/abi/error.go:41.64,43.3 1 0
github.com/dappledger/AnnChain/eth/accounts/abi/error.go:45.43,47.3 1 3
github.com/dappledger/AnnChain/eth/accounts/abi/error.go:49.25,50.20 1 9
github.com/dappledger/AnnChain/eth/accounts/abi/error.go:50.20,52.4 1 8
github.com/dappledger/AnnChain/eth/accounts/abi/error.go:53.8,53.32 1 109
github.com/dappledger/AnnChain/eth/accounts/abi/error.go:53.32,55.3 1 13
github.com/dappledger/AnnChain/eth/accounts/abi/error.go:57.67,59.3 1 2
github.com/dappledger/AnnChain/eth/accounts/abi/error.go:65.51,66.38 1 449
github.com/dappledger/AnnChain/eth/accounts/abi/error.go:71.2,71.28 1 349
github.com/dappledger/AnnChain/eth/accounts/abi/error.go:66.38,68.3 1 100
github.com/dappledger/AnnChain/eth/accounts/abi/error.go:71.28,73.3 1 13
github.com/dappledger/AnnChain/eth/accounts/abi/error.go:73.8,73.57 1 336
github.com/dappledger/AnnChain/eth/accounts/abi/error.go:73.57,75.3 1 3
github.com/dappledger/AnnChain/eth/accounts/abi/error.go:75.8,77.3 1 333
github.com/dappledger/AnnChain/eth/accounts/abi/error.go:82.47,84.2 1 21
github.com/dappledger/AnnChain/eth/accounts/abi/numbers.go:42.30,44.2 1 261
github.com/dappledger/AnnChain/eth/accounts/abi/unpack.go:38.69,39.14 1 199
github.com/dappledger/AnnChain/eth/accounts/abi/unpack.go:40.21,41.21 1 29
github.com/dappledger/AnnChain/eth/accounts/abi/unpack.go:42.22,43.47 1 4
github.com/dappledger/AnnChain/eth/accounts/abi/unpack.go:44.22,45.47 1 30
github.com/dappledger/AnnChain/eth/accounts/abi/unpack.go:46.22,47.47 1 33
github.com/dappledger/AnnChain/eth/accounts/abi/unpack.go:48.20,49.27 1 4
github.com/dappledger/AnnChain/eth/accounts/abi/unpack.go:50.21,51.54 1 4
github.com/dappledger/AnnChain/eth/accounts/abi/unpack.go:52.21,53.54 1 6
github.com/dappledger/AnnChain/eth/accounts/abi/unpack.go:54.21,55.54 1 4
github.com/dappledger/AnnChain/eth/accounts/abi/unpack.go:56.10,61.20 2 85
github.com/dappledger/AnnChain/eth/accounts/abi/unpack.go:65.3,65.29 1 28
github.com/dappledger/AnnChain/eth/accounts/abi/unpack.go:70.3,70.13 1 28
github.com/dappledger/AnnChain/eth/accounts/abi/unpack.go:61.20,63.4 1 57
github.com/dappledger/AnnChain/eth/accounts/abi/unpack.go:65.29,69.4 3 2
github.com/dappledger/AnnChain/eth/accounts/abi/unpack.go:75.42,76.30 1 6
github.com/dappledger/AnnChain/eth/accounts/abi/unpack.go:81.2,81.18 1 5
github.com/dappledger/AnnChain/eth/accounts/abi/unpack.go:76.30,77.13 1 181
github.com/dappledger/AnnChain/eth/accounts/abi/unpack.go:77.13,79.4 1 1
github.com/dappledger/AnnChain/eth/accounts/abi/unpack.go:82.9,83.20 1 2
github.com/dappledger/AnnChain/eth/accounts/abi/unpack.go:84.9,85.19 1 2
github.com/dappledger/AnnChain/eth/accounts/abi/unpack.go:86.10,87.27 1 1
github.com/dappledger/AnnChain/eth/accounts/abi/unpack.go:93.73,94.23 1 1
github.com/dappledger/AnnChain/eth/accounts/abi/unpack.go:97.2,97.67 1 1
github.com/dappledger/AnnChain/eth/accounts/abi/unpack.go:102.2,102.8 1 1
github.com/dappledger/AnnChain/eth/accounts/abi/unpack.go:94.23,96.3 1 0
github.com/dappledger/AnnChain/eth/accounts/abi/unpack.go:97.67,99.3 1 0
github.com/dappledger/AnnChain/eth/accounts/abi/unpack.go:99.8,101.3 1 1
github.com/dappledger/AnnChain/eth/accounts/abi/unpack.go:106.63,107.25 1 16
github.com/dappledger/AnnChain/eth/accounts/abi/unpack.go:111.2,114.31 3 16
github.com/dappledger/AnnChain/eth/accounts/abi/unpack.go:107.25,109.3 1 0
github.com/dappledger/AnnChain/eth/accounts/abi/unpack.go:119.81,120.14 1 92
github.com/dappledger/AnnChain/eth/accounts/abi/unpack.go:123.2,123.33 1 92
github.com/dappledger/AnnChain/eth/accounts/abi/unpack.go:128.2,130.20 2 91
github.com/dappledger/AnnChain/eth/accounts/abi/unpack.go:142.2,144.57 2 91
github.com/dappledger/AnnChain/eth/accounts/abi/unpack.go:155.2,155.34 1 91
github.com/dappledger/AnnChain/eth/accounts/abi/unpack.go:120.14,122.3 1 0
github.com/dappledger/AnnChain/eth/accounts/abi/unpack.go:123.33,125.3 1 1
github.com/dappledger/AnnChain/eth/accounts/abi/unpack.go:130.20,133.3 1 34
github.com/dappledger/AnnChain/eth/accounts/abi/unpack.go:133.8,133.27 1 57
github.com/dappledger/AnnChain/eth/accounts/abi/unpack.go:133.27,136.3 1 57
github.com/dappledger/AnnChain/eth/accounts/abi/unpack.go:136.8,138.3 1 0
github.com/dappledger/AnnChain/eth/accounts/abi/unpack.go:144.57,146.17 2 201
github.com/dappledger/AnnChain/eth/accounts/abi/unpack.go:151.3,151.48 1 201
github.com/dappledger/AnnChain/eth/accounts/abi/unpack.go:146.17,148.4 1 0
github.com/dappledger/AnnChain/eth/accounts/abi/unpack.go:158.65,161.40 3 5
github.com/dappledger/AnnChain/eth/accounts/abi/unpack.go:185.2,185.32 1 5
github.com/dappledger/AnnChain/eth/accounts/abi/unpack.go:161.40,163.49 2 11
github.com/dappledger/AnnChain/eth/accounts/abi/unpack.go:180.3,180.17 1 11
github.com/dappledger/AnnChain/eth/accounts/abi/unpack.go:183.3,183.60 1 11
github.com/dappledger/AnnChain/eth/accounts/abi/unpack.go:163.49,175.4 1 0
github.com/dappledger/AnnChain/eth/accounts/abi/unpack.go:175.9,175.56 1 11
github.com/dappledger/AnnChain/eth/accounts/abi/unpack.go:175.56,179.4 1 0
github.com/dappledger/AnnChain/eth/accounts/abi/unpack.go:180.17,182.4 1 0
github.com/dappledger/AnnChain/eth/accounts/abi/unpack.go:190.70,191.28 1 371
github.com/dappledger/AnnChain/eth/accounts/abi/unpack.go:195.2,202.30 2 371
github.com/dappledger/AnnChain/eth/accounts/abi/unpack.go:211.2,211.13 1 363
github.com/dappledger/AnnChain/eth/accounts/abi/unpack.go:191.28,193.3 1 0
github.com/dappledger/AnnChain/eth/accounts/abi/unpack.go:202.30,204.17 2 72
github.com/dappledger/AnnChain/eth/accounts/abi/unpack.go:204.17,206.4 1 8
github.com/dappledger/AnnChain/eth/accounts/abi/unpack.go:207.8,209.3 1 299
github.com/dappledger/AnnChain/eth/accounts/abi/unpack.go:212.15,213.23 1 5
github.com/dappledger/AnnChain/eth/accounts/abi/unpack.go:222.15,223.53 1 35
github.com/dappledger/AnnChain/eth/accounts/abi/unpack.go:224.15,225.29 1 57
github.com/dappledger/AnnChain/eth/accounts/abi/unpack.go:229.3,229.53 1 54
github.com/dappledger/AnnChain/eth/accounts/abi/unpack.go:230.16,231.51 1 17
github.com/dappledger/AnnChain/eth/accounts/abi/unpack.go:232.21,233.53 1 199
github.com/dappledger/AnnChain/eth/accounts/abi/unpack.go:234.14,235.32 1 6
github.com/dappledger/AnnChain/eth/accounts/abi/unpack.go:236.17,237.50 1 15
github.com/dappledger/AnnChain/eth/accounts/abi/unpack.go:238.14,239.47 1 0
github.com/dappledger/AnnChain/eth/accounts/abi/unpack.go:240.15,241.43 1 12
github.com/dappledger/AnnChain/eth/accounts/abi/unpack.go:242.20,243.41 1 16
github.com/dappledger/AnnChain/eth/accounts/abi/unpack.go:244.18,245.43 1 1
github.com/dappledger/AnnChain/eth/accounts/abi/unpack.go:246.10,247.54 1 0
github.com/dappledger/AnnChain/eth/accounts/abi/unpack.go:213.23,215.18 2 1
github.com/dappledger/AnnChain/eth/accounts/abi/unpack.go:218.4,218.44 1 1
github.com/dappledger/AnnChain/eth/accounts/abi/unpack.go:215.18,217.5 1 0
github.com/dappledger/AnnChain/eth/accounts/abi/unpack.go:219.9,221.4 1 4
github.com/dappledger/AnnChain/eth/accounts/abi/unpack.go:225.29,228.4 2 3
github.com/dappledger/AnnChain/eth/accounts/abi/unpack.go:252.88,257.40 4 72
github.com/dappledger/AnnChain/eth/accounts/abi/unpack.go:261.2,261.32 1 67
github.com/dappledger/AnnChain/eth/accounts/abi/unpack.go:265.2,271.29 6 67
github.com/dappledger/AnnChain/eth/accounts/abi/unpack.go:275.2,275.37 1 65
github.com/dappledger/AnnChain/eth/accounts/abi/unpack.go:278.2,280.8 3 64
github.com/dappledger/AnnChain/eth/accounts/abi/unpack.go:257.40,259.3 1 5
github.com/dappledger/AnnChain/eth/accounts/abi/unpack.go:261.32,263.3 1 0
github.com/dappledger/AnnChain/eth/accounts/abi/unpack.go:271.29,273.3 1 2
github.com/dappledger/AnnChain/eth/accounts/abi/unpack.go:275.37,277.3 1 1
github.com/dappledger/AnnChain/eth/accounts/abi/unpack.go:284.69,288.52 3 1
github.com/dappledger/AnnChain/eth/accounts/abi/unpack.go:291.2,291.26 1 1
github.com/dappledger/AnnChain/eth/accounts/abi/unpack.go:294.2,294.34 1 1
github.com/dappledger/AnnChain/eth/accounts/abi/unpack.go:288.52,290.3 1 0
github.com/dappledger/AnnChain/eth/accounts/abi/unpack.go:291.26,293.3 1 0
github.com/dappledger/AnnChain/eth/accounts/abi/abi.go:36.42,40.41 3 98
github.com/dappledger/AnnChain/eth/accounts/abi/abi.go:44.2,44.17 1 98
github.com/dappledger/AnnChain/eth/accounts/abi/abi.go:40.41,42.3 1 0
github.com/dappledger/AnnChain/eth/accounts/abi/abi.go:52.71,54.16 1 30
github.com/dappledger/AnnChain/eth/accounts/abi/abi.go:62.2,63.12 2 30
github.com/dappledger/AnnChain/eth/accounts/abi/abi.go:66.2,67.16 2 28
github.com/dappledger/AnnChain/eth/accounts/abi/abi.go:71.2,71.47 1 26
github.com/dappledger/AnnChain/eth/accounts/abi/abi.go:54.16,57.17 2 0
github.com/dappledger/AnnChain/eth/accounts/abi/abi.go:60.3,60.24 1 0
github.com/dappledger/AnnChain/eth/accounts/abi/abi.go:57.17,59.4 1 0
github.com/dappledger/AnnChain/eth/accounts/abi/abi.go:63.12,65.3 1 2
github.com/dappledger/AnnChain/eth/accounts/abi/abi.go:67.16,69.3 1 2
github.com/dappledger/AnnChain/eth/accounts/abi/abi.go:75.78,76.22 1 110
github.com/dappledger/AnnChain/eth/accounts/abi/abi.go:81.2,81.41 1 109
github.com/dappledger/AnnChain/eth/accounts/abi/abi.go:89.2,89.66 1 0
github.com/dappledger/AnnChain/eth/accounts/abi/abi.go:76.22,78.3 1 1
github.com/dappledger/AnnChain/eth/accounts/abi/abi.go:81.41,82.26 1 90
github.com/dappledger/AnnChain/eth/accounts/abi/abi.go:85.3,85.42 1 90
github.com/dappledger/AnnChain/eth/accounts/abi/abi.go:82.26,84.4 1 0
github.com/dappledger/AnnChain/eth/accounts/abi/abi.go:86.8,86.46 1 19
github.com/dappledger/AnnChain/eth/accounts/abi/abi.go:86.46,88.3 1 19
github.com/dappledger/AnnChain/eth/accounts/abi/abi.go:93.50,103.54 2 98
github.com/dappledger/AnnChain/eth/accounts/abi/abi.go:107.2,109.31 3 98
github.com/dappledger/AnnChain/eth/accounts/abi/abi.go:132.2,132.12 1 98
github.com/dappledger/AnnChain/eth/accounts/abi/abi.go:103.54,105.3 1 0
github.com/dappledger/AnnChain/eth/accounts/abi/abi.go:109.31,110.21 1 240
github.com/dappledger/AnnChain/eth/accounts/abi/abi.go:111.22,114.5 1 0
github.com/dappledger/AnnChain/eth/accounts/abi/abi.go:116.23,122.5 1 225
github.com/dappledger/AnnChain/eth/accounts/abi/abi.go:123.16,128.5 1 15
github.com/dappledger/AnnChain/eth/accounts/abi/abi.go:137.61,138.22 1 23
github.com/dappledger/AnnChain/eth/accounts/abi/abi.go:141.2,141.37 1 20
github.com/dappledger/AnnChain/eth/accounts/abi/abi.go:146.2,146.63 1 0
github.com/dappledger/AnnChain/eth/accounts/abi/abi.go:138.22,140.3 1 3
github.com/dappledger/AnnChain/eth/accounts/abi/abi.go:141.37,142.44 1 163
github.com/dappledger/AnnChain/eth/accounts/abi/abi.go:142.44,144.4 1 20
github.com/dappledger/AnnChain/eth/accounts/abi/event.go:36.32,38.33 2 3
github.com/dappledger/AnnChain/eth/accounts/abi/event.go:44.2,44.72 1 3
github.com/dappledger/AnnChain/eth/accounts/abi/event.go:38.33,40.20 2 6
github.com/dappledger/AnnChain/eth/accounts/abi/event.go:40.20,42.4 1 2
github.com/dappledger/AnnChain/eth/accounts/abi/event.go:49.33,52.33 3 2
github.com/dappledger/AnnChain/eth/accounts/abi/event.go:56.2,56.110 1 2
github.com/dappledger/AnnChain/eth/accounts/abi/event.go:52.33,55.3 2 3
github.com/dappledger/AnnChain/eth/accounts/abi/method.go:48.35,50.38 2 220
github.com/dappledger/AnnChain/eth/accounts/abi/method.go:53.2,53.69 1 220
github.com/dappledger/AnnChain/eth/accounts/abi/method.go:50.38,52.3 1 336
github.com/dappledger/AnnChain/eth/accounts/abi/method.go:56.38,58.38 2 43
github.com/dappledger/AnnChain/eth/accounts/abi/method.go:61.2,62.40 2 43
github.com/dappledger/AnnChain/eth/accounts/abi/method.go:68.2,69.18 2 43
github.com/dappledger/AnnChain/eth/accounts/abi/method.go:72.2,72.133 1 43
github.com/dappledger/AnnChain/eth/accounts/abi/method.go:58.38,60.3 1 64
github.com/dappledger/AnnChain/eth/accounts/abi/method.go:62.40,64.27 2 1
github.com/dappledger/AnnChain/eth/accounts/abi/method.go:64.27,66.4 1 1
github.com/dappledger/AnnChain/eth/accounts/abi/method.go:69.18,71.3 1 13
github.com/dappledger/AnnChain/eth/accounts/abi/method.go:75.34,77.2 1 217
github.com/dappledger/AnnChain/eth/accounts/abi/pack.go:29.49,32.2 2 23
github.com/dappledger/AnnChain/eth/accounts/abi/pack.go:36.61,37.13 1 217
github.com/dappledger/AnnChain/eth/accounts/abi/pack.go:38.21,39.31 1 122
github.com/dappledger/AnnChain/eth/accounts/abi/pack.go:40.16,41.75 1 20
github.com/dappledger/AnnChain/eth/accounts/abi/pack.go:42.17,43.43 1 13
github.com/dappledger/AnnChain/eth/accounts/abi/pack.go:47.3,47.55 1 13
github.com/dappledger/AnnChain/eth/accounts/abi/pack.go:48.14,49.26 1 2
github.com/dappledger/AnnChain/eth/accounts/abi/pack.go:52.3,52.46 1 0
github.com/dappledger/AnnChain/eth/accounts/abi/pack.go:53.15,54.43 1 3
github.com/dappledger/AnnChain/eth/accounts/abi/pack.go:57.3,57.66 1 3
github.com/dappledger/AnnChain/eth/accounts/abi/pack.go:58.32,59.43 1 57
github.com/dappledger/AnnChain/eth/accounts/abi/pack.go:62.3,62.56 1 57
github.com/dappledger/AnnChain/eth/accounts/abi/pack.go:63.10,64.28 1 0
github.com/dappledger/AnnChain/eth/accounts/abi/pack.go:43.43,45.4 1 13
github.com/dappledger/AnnChain/eth/accounts/abi/pack.go:49.26,51.4 1 2
github.com/dappledger/AnnChain/eth/accounts/abi/pack.go:54.43,56.4 1 0
github.com/dappledger/AnnChain/eth/accounts/abi/pack.go:59.43,61.4 1 57
github.com/dappledger/AnnChain/eth/accounts/abi/pack.go:69.42,70.36 1 259
github.com/dappledger/AnnChain/eth/accounts/abi/pack.go:71.83,72.52 1 59
github.com/dappledger/AnnChain/eth/accounts/abi/pack.go:73.78,74.39 1 143
github.com/dappledger/AnnChain/eth/accounts/abi/pack.go:75.19,76.44 1 57
github.com/dappledger/AnnChain/eth/accounts/abi/pack.go:77.10,78.28 1 0
github.com/dappledger/AnnChain/eth/accounts/abi/reflect.go:27.46,28.61 1 310
github.com/dappledger/AnnChain/eth/accounts/abi/reflect.go:31.2,31.10 1 309
github.com/dappledger/AnnChain/eth/accounts/abi/reflect.go:28.61,30.3 1 1
github.com/dappledger/AnnChain/eth/accounts/abi/reflect.go:36.82,37.14 1 379
github.com/dappledger/AnnChain/eth/accounts/abi/reflect.go:59.2,59.26 1 206
github.com/dappledger/AnnChain/eth/accounts/abi/reflect.go:38.9,39.15 1 54
github.com/dappledger/AnnChain/eth/accounts/abi/reflect.go:42.3,42.29 1 8
github.com/dappledger/AnnChain/eth/accounts/abi/reflect.go:43.10,44.15 1 32
github.com/dappledger/AnnChain/eth/accounts/abi/reflect.go:47.3,47.31 1 8
github.com/dappledger/AnnChain/eth/accounts/abi/reflect.go:48.10,49.15 1 50
github.com/dappledger/AnnChain/eth/accounts/abi/reflect.go:52.3,52.31 1 10
github.com/dappledger/AnnChain/eth/accounts/abi/reflect.go:53.10,54.15 1 37
github.com/dappledger/AnnChain/eth/accounts/abi/reflect.go:57.3,57.31 1 11
github.com/dappledger/AnnChain/eth/accounts/abi/reflect.go:39.15,41.4 1 46
github.com/dappledger/AnnChain/eth/accounts/abi/reflect.go:44.15,46.4 1 24
github.com/dappledger/AnnChain/eth/accounts/abi/reflect.go:49.15,51.4 1 40
github.com/dappledger/AnnChain/eth/accounts/abi/reflect.go:54.15,56.4 1 26
github.com/dappledger/AnnChain/eth/accounts/abi/reflect.go:64.62,68.2 3 70
github.com/dappledger/AnnChain/eth/accounts/abi/reflect.go:74.40,76.9 2 176
github.com/dappledger/AnnChain/eth/accounts/abi/reflect.go:88.2,88.12 1 116
github.com/dappledger/AnnChain/eth/accounts/abi/reflect.go:77.67,78.30 1 25
github.com/dappledger/AnnChain/eth/accounts/abi/reflect.go:79.68,80.30 1 25
github.com/dappledger/AnnChain/eth/accounts/abi/reflect.go:81.53,82.15 1 116
github.com/dappledger/AnnChain/eth/accounts/abi/reflect.go:83.74,84.28 1 1
github.com/dappledger/AnnChain/eth/accounts/abi/reflect.go:85.10,86.81 1 9
github.com/dappledger/AnnChain/eth/accounts/abi/reflect.go:93.45,95.33 2 1
github.com/dappledger/AnnChain/eth/accounts/abi/reflect.go:100.2,101.12 2 1
github.com/dappledger/AnnChain/eth/accounts/abi/reflect.go:95.33,98.3 2 2
github.com/dappledger/AnnChain/eth/accounts/abi/reflect.go:105.54,106.66 1 26
github.com/dappledger/AnnChain/eth/accounts/abi/reflect.go:109.2,109.12 1 25
github.com/dappledger/AnnChain/eth/accounts/abi/reflect.go:106.66,108.3 1 1
github.com/dappledger/AnnChain/eth/accounts/abi/reflect.go:114.24,116.11 1 39
github.com/dappledger/AnnChain/eth/accounts/abi/reflect.go:126.2,126.12 1 36
github.com/dappledger/AnnChain/eth/accounts/abi/reflect.go:117.22,117.22 0 23
github.com/dappledger/AnnChain/eth/accounts/abi/reflect.go:118.36,119.58 1 15
github.com/dappledger/AnnChain/eth/accounts/abi/reflect.go:123.10,124.62 1 1
github.com/dappledger/AnnChain/eth/accounts/abi/reflect.go:119.58,122.4 1 2
github.com/dappledger/AnnChain/eth/accounts/abi/reflect.go:136.99,143.38 4 58
github.com/dappledger/AnnChain/eth/accounts/abi/reflect.go:180.2,180.35 1 53
github.com/dappledger/AnnChain/eth/accounts/abi/reflect.go:217.2,217.24 1 43
github.com/dappledger/AnnChain/eth/accounts/abi/reflect.go:143.38,147.66 2 112
github.com/dappledger/AnnChain/eth/accounts/abi/reflect.go:151.3,153.56 3 111
github.com/dappledger/AnnChain/eth/accounts/abi/reflect.go:157.3,157.20 1 33
github.com/dappledger/AnnChain/eth/accounts/abi/reflect.go:161.3,162.32 2 32
github.com/dappledger/AnnChain/eth/accounts/abi/reflect.go:174.3,174.13 1 30
github.com/dappledger/AnnChain/eth/accounts/abi/reflect.go:147.66,148.12 1 1
github.com/dappledger/AnnChain/eth/accounts/abi/reflect.go:153.56,154.12 1 78
github.com/dappledger/AnnChain/eth/accounts/abi/reflect.go:157.20,159.4 1 1
github.com/dappledger/AnnChain/eth/accounts/abi/reflect.go:162.32,163.22 1 65
github.com/dappledger/AnnChain/eth/accounts/abi/reflect.go:163.22,164.30 1 31
github.com/dappledger/AnnChain/eth/accounts/abi/reflect.go:168.5,170.17 3 29
github.com/dappledger/AnnChain/eth/accounts/abi/reflect.go:164.30,166.6 1 2
github.com/dappledger/AnnChain/eth/accounts/abi/reflect.go:174.13,176.4 1 2
github.com/dappledger/AnnChain/eth/accounts/abi/reflect.go:180.35,184.28 2 100
github.com/dappledger/AnnChain/eth/accounts/abi/reflect.go:192.3,192.32 1 97
github.com/dappledger/AnnChain/eth/accounts/abi/reflect.go:202.3,202.40 1 71
github.com/dappledger/AnnChain/eth/accounts/abi/reflect.go:206.3,206.51 1 66
github.com/dappledger/AnnChain/eth/accounts/abi/reflect.go:184.28,186.4 1 3
github.com/dappledger/AnnChain/eth/accounts/abi/reflect.go:192.32,195.50 1 26
github.com/dappledger/AnnChain/eth/accounts/abi/reflect.go:198.4,198.12 1 24
github.com/dappledger/AnnChain/eth/accounts/abi/reflect.go:195.50,197.5 1 2
github.com/dappledger/AnnChain/eth/accounts/abi/reflect.go:202.40,204.4 1 5
github.com/dappledger/AnnChain/eth/accounts/abi/reflect.go:206.51,210.4 2 60
github.com/dappledger/AnnChain/eth/accounts/abi/reflect.go:210.9,215.4 1 6
github.com/dappledger/AnnChain/eth/accounts/abi/type.go:66.79,68.52 1 956
github.com/dappledger/AnnChain/eth/accounts/abi/type.go:72.2,76.32 2 955
github.com/dappledger/AnnChain/eth/accounts/abi/type.go:117.2,118.23 2 663
github.com/dappledger/AnnChain/eth/accounts/abi/type.go:121.2,125.28 3 663
github.com/dappledger/AnnChain/eth/accounts/abi/type.go:139.2,139.43 1 661
github.com/dappledger/AnnChain/eth/accounts/abi/type.go:215.2,215.8 1 659
github.com/dappledger/AnnChain/eth/accounts/abi/type.go:68.52,70.3 1 1
github.com/dappledger/AnnChain/eth/accounts/abi/type.go:76.32,80.17 3 292
github.com/dappledger/AnnChain/eth/accounts/abi/type.go:84.3,89.21 4 291
github.com/dappledger/AnnChain/eth/accounts/abi/type.go:114.3,114.18 1 291
github.com/dappledger/AnnChain/eth/accounts/abi/type.go:80.17,82.4 1 1
github.com/dappledger/AnnChain/eth/accounts/abi/type.go:89.21,95.33 5 158
github.com/dappledger/AnnChain/eth/accounts/abi/type.go:95.33,97.5 1 4
github.com/dappledger/AnnChain/eth/accounts/abi/type.go:98.9,98.28 1 133
github.com/dappledger/AnnChain/eth/accounts/abi/type.go:98.28,104.18 5 133
github.com/dappledger/AnnChain/eth/accounts/abi/type.go:107.4,108.33 2 133
github.com/dappledger/AnnChain/eth/accounts/abi/type.go:104.18,106.5 1 0
github.com/dappledger/AnnChain/eth/accounts/abi/type.go:108.33,110.5 1 4
github.com/dappledger/AnnChain/eth/accounts/abi/type.go:111.9,113.4 1 0
github.com/dappledger/AnnChain/eth/accounts/abi/type.go:118.23,120.3 1 0
github.com/dappledger/AnnChain/eth/accounts/abi/type.go:125.28,128.17 3 471
github.com/dappledger/AnnChain/eth/accounts/abi/type.go:128.17,130.4 1 0
github.com/dappledger/AnnChain/eth/accounts/abi/type.go:131.8,132.56 1 192
github.com/dappledger/AnnChain/eth/accounts/abi/type.go:132.56,136.4 1 2
github.com/dappledger/AnnChain/eth/accounts/abi/type.go:140.13,143.16 3 110
github.com/dappledger/AnnChain/eth/accounts/abi/type.go:144.14,147.17 3 269
github.com/dappledger/AnnChain/eth/accounts/abi/type.go:148.14,151.41 3 27
github.com/dappledger/AnnChain/eth/accounts/abi/type.go:152.17,156.20 4 82
github.com/dappledger/AnnChain/eth/accounts/abi/type.go:157.16,160.19 3 36
github.com/dappledger/AnnChain/eth/accounts/abi/type.go:161.15,162.19 1 112
github.com/dappledger/AnnChain/eth/accounts/abi/type.go:172.15,180.34 3 20
github.com/dappledger/AnnChain/eth/accounts/abi/type.go:199.3,205.30 7 20
github.com/dappledger/AnnChain/eth/accounts/abi/type.go:206.18,210.58 4 3
github.com/dappledger/AnnChain/eth/accounts/abi/type.go:211.10,212.59 1 2
github.com/dappledger/AnnChain/eth/accounts/abi/type.go:162.19,166.4 3 20
github.com/dappledger/AnnChain/eth/accounts/abi/type.go:166.9,171.4 4 92
github.com/dappledger/AnnChain/eth/accounts/abi/type.go:180.34,182.18 2 46
github.com/dappledger/AnnChain/eth/accounts/abi/type.go:185.4,185.33 1 46
github.com/dappledger/AnnChain/eth/accounts/abi/type.go:188.4,195.32 5 46
github.com/dappledger/AnnChain/eth/accounts/abi/type.go:182.18,184.5 1 0
github.com/dappledger/AnnChain/eth/accounts/abi/type.go:185.33,187.5 1 0
github.com/dappledger/AnnChain/eth/accounts/abi/type.go:195.32,197.5 1 26
github.com/dappledger/AnnChain/eth/accounts/abi/type.go:219.37,221.2 1 412
github.com/dappledger/AnnChain/eth/accounts/abi/type.go:223.53,226.40 2 309
github.com/dappledger/AnnChain/eth/accounts/abi/type.go:230.2,230.13 1 308
github.com/dappledger/AnnChain/eth/accounts/abi/type.go:226.40,228.3 1 1
github.com/dappledger/AnnChain/eth/accounts/abi/type.go:231.24,234.31 2 81
github.com/dappledger/AnnChain/eth/accounts/abi/type.go:240.3,242.16 3 81
github.com/dappledger/AnnChain/eth/accounts/abi/type.go:245.3,246.32 2 81
github.com/dappledger/AnnChain/eth/accounts/abi/type.go:259.3,259.35 1 81
github.com/dappledger/AnnChain/eth/accounts/abi/type.go:260.15,271.17 2 10
github.com/dappledger/AnnChain/eth/accounts/abi/type.go:275.3,276.37 2 10
github.com/dappledger/AnnChain/eth/accounts/abi/type.go:279.3,280.37 2 10
github.com/dappledger/AnnChain/eth/accounts/abi/type.go:297.3,297.35 1 10
github.com/dappledger/AnnChain/eth/accounts/abi/type.go:299.10,300.32 1 217
github.com/dappledger/AnnChain/eth/accounts/abi/type.go:234.31,237.4 1 40
github.com/dappledger/AnnChain/eth/accounts/abi/type.go:242.16,244.4 1 9
github.com/dappledger/AnnChain/eth/accounts/abi/type.go:246.32,248.18 2 175
github.com/dappledger/AnnChain/eth/accounts/abi/type.go:251.4,251.18 1 175
github.com/dappledger/AnnChain/eth/accounts/abi/type.go:255.4,257.31 3 18
github.com/dappledger/AnnChain/eth/accounts/abi/type.go:248.18,250.5 1 0
github.com/dappledger/AnnChain/eth/accounts/abi/type.go:251.18,253.13 2 157
github.com/dappledger/AnnChain/eth/accounts/abi/type.go:271.17,273.4 1 0
github.com/dappledger/AnnChain/eth/accounts/abi/type.go:276.37,278.4 1 25
github.com/dappledger/AnnChain/eth/accounts/abi/type.go:280.37,282.24 2 25
github.com/dappledger/AnnChain/eth/accounts/abi/type.go:285.4,286.18 2 25
github.com/dappledger/AnnChain/eth/accounts/abi/type.go:289.4,289.28 1 25
github.com/dappledger/AnnChain/eth/accounts/abi/type.go:282.24,284.5 1 0
github.com/dappledger/AnnChain/eth/accounts/abi/type.go:286.18,288.5 1 0
github.com/dappledger/AnnChain/eth/accounts/abi/type.go:289.28,293.5 3 12
github.com/dappledger/AnnChain/eth/accounts/abi/type.go:293.10,295.5 1 13
github.com/dappledger/AnnChain/eth/accounts/abi/type.go:306.43,308.2 1 452
github.com/dappledger/AnnChain/eth/accounts/abi/type.go:317.33,318.20 1 398
github.com/dappledger/AnnChain/eth/accounts/abi/type.go:326.2,326.106 1 380
github.com/dappledger/AnnChain/eth/accounts/abi/type.go:318.20,319.37 1 18
github.com/dappledger/AnnChain/eth/accounts/abi/type.go:324.3,324.15 1 10
github.com/dappledger/AnnChain/eth/accounts/abi/type.go:319.37,320.28 1 34
github.com/dappledger/AnnChain/eth/accounts/abi/type.go:320.28,322.5 1 8
github.com/dappledger/AnnChain/eth/accounts/abi/type.go:337.30,338.47 1 200
github.com/dappledger/AnnChain/eth/accounts/abi/type.go:351.2,351.11 1 144
github.com/dappledger/AnnChain/eth/accounts/abi/type.go:338.47,340.26 1 53
github.com/dappledger/AnnChain/eth/accounts/abi/type.go:343.3,343.21 1 44
github.com/dappledger/AnnChain/eth/accounts/abi/type.go:340.26,342.4 1 9
github.com/dappledger/AnnChain/eth/accounts/abi/type.go:344.8,344.48 1 147
github.com/dappledger/AnnChain/eth/accounts/abi/type.go:344.48,346.37 2 3
github.com/dappledger/AnnChain/eth/accounts/abi/type.go:349.3,349.15 1 3
github.com/dappledger/AnnChain/eth/accounts/abi/type.go:346.37,348.4 1 6
github.com/dappledger/AnnChain/eth/common/hexutil/hexutil.go:57.36,57.54 1 68
github.com/dappledger/AnnChain/eth/common/hexutil/hexutil.go:60.43,61.21 1 12
github.com/dappledger/AnnChain/eth/common/hexutil/hexutil.go:64.2,64.25 1 11
github.com/dappledger/AnnChain/eth/common/hexutil/hexutil.go:67.2,68.16 2 10
github.com/dappledger/AnnChain/eth/common/hexutil/hexutil.go:71.2,71.15 1 10
github.com/dappledger/AnnChain/eth/common/hexutil/hexutil.go:61.21,63.3 1 1
github.com/dappledger/AnnChain/eth/common/hexutil/hexutil.go:64.25,66.3 1 1
github.com/dappledger/AnnChain/eth/common/hexutil/hexutil.go:68.16,70.3 1 4
github.com/dappledger/AnnChain/eth/common/hexutil/hexutil.go:75.38,77.16 2 0
github.com/dappledger/AnnChain/eth/common/hexutil/hexutil.go:80.2,80.12 1 0
github.com/dappledger/AnnChain/eth/common/hexutil/hexutil.go:77.16,78.13 1 0
github.com/dappledger/AnnChain/eth/common/hexutil/hexutil.go:84.30,89.2 4 7
github.com/dappledger/AnnChain/eth/common/hexutil/hexutil.go:92.49,94.16 2 13
github.com/dappledger/AnnChain/eth/common/hexutil/hexutil.go:97.2,98.16 2 10
github.com/dappledger/AnnChain/eth/common/hexutil/hexutil.go:101.2,101.17 1 10
github.com/dappledger/AnnChain/eth/common/hexutil/hexutil.go:94.16,96.3 1 3
github.com/dappledger/AnnChain/eth/common/hexutil/hexutil.go:98.16,100.3 1 3
github.com/dappledger/AnnChain/eth/common/hexutil/hexutil.go:106.44,108.16 2 0
github.com/dappledger/AnnChain/eth/common/hexutil/hexutil.go:111.2,111.12 1 0
github.com/dappledger/AnnChain/eth/common/hexutil/hexutil.go:108.16,109.13 1 0
github.com/dappledger/AnnChain/eth/common/hexutil/hexutil.go:115.36,119.2 3 8
github.com/dappledger/AnnChain/eth/common/hexutil/hexutil.go:123.13,127.23 2 1
github.com/dappledger/AnnChain/eth/common/hexutil/hexutil.go:128.9,129.22 1 1
github.com/dappledger/AnnChain/eth/common/hexutil/hexutil.go:130.9,131.21 1 0
github.com/dappledger/AnnChain/eth/common/hexutil/hexutil.go:132.10,133.31 1 0
github.com/dappledger/AnnChain/eth/common/hexutil/hexutil.go:139.48,141.16 2 16
github.com/dappledger/AnnChain/eth/common/hexutil/hexutil.go:144.2,144.19 1 13
github.com/dappledger/AnnChain/eth/common/hexutil/hexutil.go:147.2,149.23 3 12
github.com/dappledger/AnnChain/eth/common/hexutil/hexutil.go:164.2,165.17 2 10
github.com/dappledger/AnnChain/eth/common/hexutil/hexutil.go:141.16,143.3 1 3
github.com/dappledger/AnnChain/eth/common/hexutil/hexutil.go:144.19,146.3 1 1
github.com/dappledger/AnnChain/eth/common/hexutil/hexutil.go:149.23,151.16 2 19
github.com/dappledger/AnnChain/eth/common/hexutil/hexutil.go:154.3,154.35 1 19
github.com/dappledger/AnnChain/eth/common/hexutil/hexutil.go:162.3,162.14 1 17
github.com/dappledger/AnnChain/eth/common/hexutil/hexutil.go:151.16,153.4 1 12
github.com/dappledger/AnnChain/eth/common/hexutil/hexutil.go:154.35,156.24 2 161
github.com/dappledger/AnnChain/eth/common/hexutil/hexutil.go:159.4,160.29 2 159
github.com/dappledger/AnnChain/eth/common/hexutil/hexutil.go:156.24,158.5 1 2
github.com/dappledger/AnnChain/eth/common/hexutil/hexutil.go:170.43,172.16 2 0
github.com/dappledger/AnnChain/eth/common/hexutil/hexutil.go:175.2,175.12 1 0
github.com/dappledger/AnnChain/eth/common/hexutil/hexutil.go:172.16,173.13 1 0
github.com/dappledger/AnnChain/eth/common/hexutil/hexutil.go:180.40,182.16 2 18
github.com/dappledger/AnnChain/eth/common/hexutil/hexutil.go:185.2,185.35 1 15
github.com/dappledger/AnnChain/eth/common/hexutil/hexutil.go:182.16,184.3 1 3
github.com/dappledger/AnnChain/eth/common/hexutil/hexutil.go:188.37,190.2 1 40
github.com/dappledger/AnnChain/eth/common/hexutil/hexutil.go:192.56,193.21 1 29
github.com/dappledger/AnnChain/eth/common/hexutil/hexutil.go:196.2,196.25 1 29
github.com/dappledger/AnnChain/eth/common/hexutil/hexutil.go:199.2,200.21 2 27
github.com/dappledger/AnnChain/eth/common/hexutil/hexutil.go:203.2,203.39 1 25
github.com/dappledger/AnnChain/eth/common/hexutil/hexutil.go:206.2,206.19 1 23
github.com/dappledger/AnnChain/eth/common/hexutil/hexutil.go:193.21,195.3 1 0
github.com/dappledger/AnnChain/eth/common/hexutil/hexutil.go:196.25,198.3 1 2
github.com/dappledger/AnnChain/eth/common/hexutil/hexutil.go:200.21,202.3 1 2
github.com/dappledger/AnnChain/eth/common/hexutil/hexutil.go:203.39,205.3 1 2
github.com/dappledger/AnnChain/eth/common/hexutil/hexutil.go:211.35,212.9 1 306
github.com/dappledger/AnnChain/eth/common/hexutil/hexutil.go:213.30,214.26 1 79
github.com/dappledger/AnnChain/eth/common/hexutil/hexutil.go:215.30,216.31 1 8
github.com/dappledger/AnnChain/eth/common/hexutil/hexutil.go:217.30,218.31 1 213
github.com/dappledger/AnnChain/eth/common/hexutil/hexutil.go:219.10,220.19 1 6
github.com/dappledger/AnnChain/eth/common/hexutil/hexutil.go:224.32,225.44 1 9
github.com/dappledger/AnnChain/eth/common/hexutil/hexutil.go:233.2,233.45 1 6
github.com/dappledger/AnnChain/eth/common/hexutil/hexutil.go:236.2,236.26 1 2
github.com/dappledger/AnnChain/eth/common/hexutil/hexutil.go:239.2,239.12 1 0
github.com/dappledger/AnnChain/eth/common/hexutil/hexutil.go:225.44,226.18 1 3
github.com/dappledger/AnnChain/eth/common/hexutil/hexutil.go:227.25,228.25 1 1
github.com/dappledger/AnnChain/eth/common/hexutil/hexutil.go:229.26,230.20 1 2
github.com/dappledger/AnnChain/eth/common/hexutil/hexutil.go:233.45,235.3 1 4
github.com/dappledger/AnnChain/eth/common/hexutil/hexutil.go:236.26,238.3 1 2
github.com/dappledger/AnnChain/eth/common/hexutil/json.go:40.46,45.2 4 3
github.com/dappledger/AnnChain/eth/common/hexutil/json.go:48.51,49.22 1 12
github.com/dappledger/AnnChain/eth/common/hexutil/json.go:52.2,52.70 1 10
github.com/dappledger/AnnChain/eth/common/hexutil/json.go:49.22,51.3 1 2
github.com/dappledger/AnnChain/eth/common/hexutil/json.go:56.51,58.16 2 10
github.com/dappledger/AnnChain/eth/common/hexutil/json.go:61.2,62.47 2 8
github.com/dappledger/AnnChain/eth/common/hexutil/json.go:67.2,67.12 1 8
github.com/dappledger/AnnChain/eth/common/hexutil/json.go:58.16,60.3 1 2
github.com/dappledger/AnnChain/eth/common/hexutil/json.go:62.47,64.3 1 2
github.com/dappledger/AnnChain/eth/common/hexutil/json.go:64.8,66.3 1 6
github.com/dappledger/AnnChain/eth/common/hexutil/json.go:71.32,73.2 1 4
github.com/dappledger/AnnChain/eth/common/hexutil/json.go:78.68,79.22 1 0
github.com/dappledger/AnnChain/eth/common/hexutil/json.go:82.2,82.89 1 0
github.com/dappledger/AnnChain/eth/common/hexutil/json.go:79.22,81.3 1 0
github.com/dappledger/AnnChain/eth/common/hexutil/json.go:88.66,90.16 2 2
github.com/dappledger/AnnChain/eth/common/hexutil/json.go:93.2,93.28 1 2
github.com/dappledger/AnnChain/eth/common/hexutil/json.go:97.2,97.24 1 1
github.com/dappledger/AnnChain/eth/common/hexutil/json.go:102.2,103.12 2 1
github.com/dappledger/AnnChain/eth/common/hexutil/json.go:90.16,92.3 1 0
github.com/dappledger/AnnChain/eth/common/hexutil/json.go:93.28,95.3 1 1
github.com/dappledger/AnnChain/eth/common/hexutil/json.go:97.24,98.35 1 10
github.com/dappledger/AnnChain/eth/common/hexutil/json.go:98.35,100.4 1 0
github.com/dappledger/AnnChain/eth/common/hexutil/json.go:109.76,111.16 2 0
github.com/dappledger/AnnChain/eth/common/hexutil/json.go:114.2,114.28 1 0
github.com/dappledger/AnnChain/eth/common/hexutil/json.go:118.2,118.24 1 0
github.com/dappledger/AnnChain/eth/common/hexutil/json.go:123.2,124.12 2 0
github.com/dappledger/AnnChain/eth/common/hexutil/json.go:111.16,113.3 1 0
github.com/dappledger/AnnChain/eth/common/hexutil/json.go:114.28,116.3 1 0
github.com/dappledger/AnnChain/eth/common/hexutil/json.go:118.24,119.35 1 0
github.com/dappledger/AnnChain/eth/common/hexutil/json.go:119.35,121.4 1 0
github.com/dappledger/AnnChain/eth/common/hexutil/json.go:136.44,138.2 1 6
github.com/dappledger/AnnChain/eth/common/hexutil/json.go:141.49,142.22 1 18
github.com/dappledger/AnnChain/eth/common/hexutil/json.go:145.2,145.68 1 16
github.com/dappledger/AnnChain/eth/common/hexutil/json.go:142.22,144.3 1 2
github.com/dappledger/AnnChain/eth/common/hexutil/json.go:149.49,151.16 2 16
github.com/dappledger/AnnChain/eth/common/hexutil/json.go:154.2,154.19 1 13
github.com/dappledger/AnnChain/eth/common/hexutil/json.go:157.2,159.23 3 12
github.com/dappledger/AnnChain/eth/common/hexutil/json.go:174.2,177.12 4 10
github.com/dappledger/AnnChain/eth/common/hexutil/json.go:151.16,153.3 1 3
github.com/dappledger/AnnChain/eth/common/hexutil/json.go:154.19,156.3 1 1
github.com/dappledger/AnnChain/eth/common/hexutil/json.go:159.23,161.16 2 15
github.com/dappledger/AnnChain/eth/common/hexutil/json.go:164.3,164.35 1 15
github.com/dappledger/AnnChain/eth/common/hexutil/json.go:172.3,172.14 1 13
github.com/dappledger/AnnChain/eth/common/hexutil/json.go:161.16,163.4 1 12
github.com/dappledger/AnnChain/eth/common/hexutil/json.go:164.35,166.24 2 97
github.com/dappledger/AnnChain/eth/common/hexutil/json.go:169.4,170.29 2 95
github.com/dappledger/AnnChain/eth/common/hexutil/json.go:166.24,168.5 1 2
github.com/dappledger/AnnChain/eth/common/hexutil/json.go:181.32,183.2 1 6
github.com/dappledger/AnnChain/eth/common/hexutil/json.go:186.31,188.2 1 6
github.com/dappledger/AnnChain/eth/common/hexutil/json.go:195.47,200.2 4 4
github.com/dappledger/AnnChain/eth/common/hexutil/json.go:203.52,204.22 1 16
github.com/dappledger/AnnChain/eth/common/hexutil/json.go:207.2,207.71 1 14
github.com/dappledger/AnnChain/eth/common/hexutil/json.go:204.22,206.3 1 2
github.com/dappledger/AnnChain/eth/common/hexutil/json.go:211.52,213.16 2 14
github.com/dappledger/AnnChain/eth/common/hexutil/json.go:216.2,216.19 1 11
github.com/dappledger/AnnChain/eth/common/hexutil/json.go:219.2,220.27 2 10
github.com/dappledger/AnnChain/eth/common/hexutil/json.go:228.2,229.12 2 8
github.com/dappledger/AnnChain/eth/common/hexutil/json.go:213.16,215.3 1 3
github.com/dappledger/AnnChain/eth/common/hexutil/json.go:216.19,218.3 1 1
github.com/dappledger/AnnChain/eth/common/hexutil/json.go:220.27,222.23 2 38
github.com/dappledger/AnnChain/eth/common/hexutil/json.go:225.3,226.13 2 36
github.com/dappledger/AnnChain/eth/common/hexutil/json.go:222.23,224.4 1 2
github.com/dappledger/AnnChain/eth/common/hexutil/json.go:233.33,235.2 1 4
github.com/dappledger/AnnChain/eth/common/hexutil/json.go:242.45,244.2 1 0
github.com/dappledger/AnnChain/eth/common/hexutil/json.go:247.50,248.22 1 0
github.com/dappledger/AnnChain/eth/common/hexutil/json.go:251.2,251.69 1 0
github.com/dappledger/AnnChain/eth/common/hexutil/json.go:248.22,250.3 1 0
github.com/dappledger/AnnChain/eth/common/hexutil/json.go:255.50,258.53 3 0
github.com/dappledger/AnnChain/eth/common/hexutil/json.go:263.2,264.12 2 0
github.com/dappledger/AnnChain/eth/common/hexutil/json.go:258.53,260.3 1 0
github.com/dappledger/AnnChain/eth/common/hexutil/json.go:260.8,260.23 1 0
github.com/dappledger/AnnChain/eth/common/hexutil/json.go:260.23,262.3 1 0
github.com/dappledger/AnnChain/eth/common/hexutil/json.go:268.31,270.2 1 0
github.com/dappledger/AnnChain/eth/common/hexutil/json.go:272.34,274.2 1 46
github.com/dappledger/AnnChain/eth/common/hexutil/json.go:276.43,278.2 1 39
github.com/dappledger/AnnChain/eth/common/hexutil/json.go:280.63,281.21 1 12
github.com/dappledger/AnnChain/eth/common/hexutil/json.go:284.2,284.30 1 11
github.com/dappledger/AnnChain/eth/common/hexutil/json.go:289.2,289.23 1 10
github.com/dappledger/AnnChain/eth/common/hexutil/json.go:292.2,292.19 1 9
github.com/dappledger/AnnChain/eth/common/hexutil/json.go:281.21,283.3 1 1
github.com/dappledger/AnnChain/eth/common/hexutil/json.go:284.30,286.3 1 10
github.com/dappledger/AnnChain/eth/common/hexutil/json.go:286.8,286.23 1 1
github.com/dappledger/AnnChain/eth/common/hexutil/json.go:286.23,288.3 1 1
github.com/dappledger/AnnChain/eth/common/hexutil/json.go:289.23,291.3 1 1
github.com/dappledger/AnnChain/eth/common/hexutil/json.go:295.60,296.21 1 30
github.com/dappledger/AnnChain/eth/common/hexutil/json.go:299.2,299.31 1 28
github.com/dappledger/AnnChain/eth/common/hexutil/json.go:302.2,303.21 2 26
github.com/dappledger/AnnChain/eth/common/hexutil/json.go:306.2,306.39 1 24
github.com/dappledger/AnnChain/eth/common/hexutil/json.go:309.2,309.19 1 22
github.com/dappledger/AnnChain/eth/common/hexutil/json.go:296.21,298.3 1 2
github.com/dappledger/AnnChain/eth/common/hexutil/json.go:299.31,301.3 1 2
github.com/dappledger/AnnChain/eth/common/hexutil/json.go:303.21,305.3 1 2
github.com/dappledger/AnnChain/eth/common/hexutil/json.go:306.39,308.3 1 2
github.com/dappledger/AnnChain/eth/common/hexutil/json.go:312.55,313.34 1 56
github.com/dappledger/AnnChain/eth/common/hexutil/json.go:316.2,316.12 1 24
github.com/dappledger/AnnChain/eth/common/hexutil/json.go:313.34,315.3 1 32
github.com/dappledger/AnnChain/eth/common/hexutil/json.go:319.43,321.2 1 12
github.com/dappledger/AnnChain/eth/common/math/big.go:46.61,48.9 2 13
github.com/dappledger/AnnChain/eth/common/math/big.go:51.2,52.12 2 10
github.com/dappledger/AnnChain/eth/common/math/big.go:48.9,50.3 1 3
github.com/dappledger/AnnChain/eth/common/math/big.go:56.57,57.14 1 0
github.com/dappledger/AnnChain/eth/common/math/big.go:60.2,60.55 1 0
github.com/dappledger/AnnChain/eth/common/math/big.go:57.14,59.3 1 0
github.com/dappledger/AnnChain/eth/common/math/big.go:65.45,66.13 1 16
github.com/dappledger/AnnChain/eth/common/math/big.go:69.2,71.53 3 15
github.com/dappledger/AnnChain/eth/common/math/big.go:76.2,76.33 1 15
github.com/dappledger/AnnChain/eth/common/math/big.go:79.2,79.19 1 15
github.com/dappledger/AnnChain/eth/common/math/big.go:66.13,68.3 1 1
github.com/dappledger/AnnChain/eth/common/math/big.go:71.53,73.3 1 6
github.com/dappledger/AnnChain/eth/common/math/big.go:73.8,75.3 1 9
github.com/dappledger/AnnChain/eth/common/math/big.go:76.33,78.3 1 1
github.com/dappledger/AnnChain/eth/common/math/big.go:83.41,85.9 2 3
github.com/dappledger/AnnChain/eth/common/math/big.go:88.2,88.10 1 2
github.com/dappledger/AnnChain/eth/common/math/big.go:85.9,86.41 1 1
github.com/dappledger/AnnChain/eth/common/math/big.go:92.34,95.2 2 17
github.com/dappledger/AnnChain/eth/common/math/big.go:98.37,99.18 1 2
github.com/dappledger/AnnChain/eth/common/math/big.go:102.2,102.10 1 1
github.com/dappledger/AnnChain/eth/common/math/big.go:99.18,101.3 1 1
github.com/dappledger/AnnChain/eth/common/math/big.go:106.37,107.18 1 2
github.com/dappledger/AnnChain/eth/common/math/big.go:110.2,110.10 1 1
github.com/dappledger/AnnChain/eth/common/math/big.go:107.18,109.3 1 1
github.com/dappledger/AnnChain/eth/common/math/big.go:114.34,115.34 1 4
github.com/dappledger/AnnChain/eth/common/math/big.go:120.2,120.19 1 1
github.com/dappledger/AnnChain/eth/common/math/big.go:115.34,116.19 1 12
github.com/dappledger/AnnChain/eth/common/math/big.go:116.19,118.4 1 3
github.com/dappledger/AnnChain/eth/common/math/big.go:125.52,126.28 1 4
github.com/dappledger/AnnChain/eth/common/math/big.go:129.2,131.12 3 3
github.com/dappledger/AnnChain/eth/common/math/big.go:126.28,128.3 1 1
github.com/dappledger/AnnChain/eth/common/math/big.go:137.51,141.21 3 23
github.com/dappledger/AnnChain/eth/common/math/big.go:144.2,148.28 3 13
github.com/dappledger/AnnChain/eth/common/math/big.go:141.21,143.3 1 10
github.com/dappledger/AnnChain/eth/common/math/big.go:155.51,156.20 1 17
github.com/dappledger/AnnChain/eth/common/math/big.go:159.2,159.47 1 14
github.com/dappledger/AnnChain/eth/common/math/big.go:156.20,158.3 1 3
github.com/dappledger/AnnChain/eth/common/math/big.go:164.44,166.34 2 6
github.com/dappledger/AnnChain/eth/common/math/big.go:166.34,167.43 1 12
github.com/dappledger/AnnChain/eth/common/math/big.go:167.43,171.4 3 80
github.com/dappledger/AnnChain/eth/common/math/big.go:176.32,178.2 1 276
github.com/dappledger/AnnChain/eth/common/math/big.go:187.32,188.22 1 7
github.com/dappledger/AnnChain/eth/common/math/big.go:191.2,191.35 1 3
github.com/dappledger/AnnChain/eth/common/math/big.go:188.22,190.3 1 4
github.com/dappledger/AnnChain/eth/common/math/big.go:199.44,202.39 2 6
github.com/dappledger/AnnChain/eth/common/math/big.go:211.2,211.15 1 6
github.com/dappledger/AnnChain/eth/common/math/big.go:202.39,203.33 1 4
github.com/dappledger/AnnChain/eth/common/math/big.go:203.33,204.19 1 256
github.com/dappledger/AnnChain/eth/common/math/big.go:207.4,208.14 2 256
github.com/dappledger/AnnChain/eth/common/math/big.go:204.19,206.5 1 12
github.com/dappledger/AnnChain/eth/common/math/integer.go:44.60,46.9 2 12
github.com/dappledger/AnnChain/eth/common/math/integer.go:49.2,50.12 2 9
github.com/dappledger/AnnChain/eth/common/math/integer.go:46.9,48.3 1 3
github.com/dappledger/AnnChain/eth/common/math/integer.go:54.55,56.2 1 0
github.com/dappledger/AnnChain/eth/common/math/integer.go:60.43,61.13 1 14
github.com/dappledger/AnnChain/eth/common/math/integer.go:64.2,64.53 1 13
github.com/dappledger/AnnChain/eth/common/math/integer.go:68.2,69.22 2 7
github.com/dappledger/AnnChain/eth/common/math/integer.go:61.13,63.3 1 1
github.com/dappledger/AnnChain/eth/common/math/integer.go:64.53,67.3 2 6
github.com/dappledger/AnnChain/eth/common/math/integer.go:73.39,75.9 2 2
github.com/dappledger/AnnChain/eth/common/math/integer.go:78.2,78.10 1 1
github.com/dappledger/AnnChain/eth/common/math/integer.go:75.9,76.49 1 1
github.com/dappledger/AnnChain/eth/common/math/integer.go:84.42,86.2 1 2
github.com/dappledger/AnnChain/eth/common/math/integer.go:89.42,91.2 1 2
github.com/dappledger/AnnChain/eth/common/math/integer.go:94.42,95.22 1 4
github.com/dappledger/AnnChain/eth/common/math/integer.go:98.2,98.31 1 3
github.com/dappledger/AnnChain/eth/common/math/integer.go:95.22,97.3 1 1
github.com/dappledger/AnnChain/eth/core/rawdb/schema.go:75.46,79.2 3 64
github.com/dappledger/AnnChain/eth/core/rawdb/schema.go:82.56,84.2 1 27
github.com/dappledger/AnnChain/eth/core/rawdb/schema.go:87.58,89.2 1 6
github.com/dappledger/AnnChain/eth/core/rawdb/schema.go:92.42,94.2 1 5
github.com/dappledger/AnnChain/eth/core/rawdb/schema.go:97.47,99.2 1 8
github.com/dappledger/AnnChain/eth/core/rawdb/schema.go:102.59,104.2 1 21
github.com/dappledger/AnnChain/eth/core/rawdb/schema.go:107.63,109.2 1 6
github.com/dappledger/AnnChain/eth/core/rawdb/schema.go:112.43,114.2 1 15
github.com/dappledger/AnnChain/eth/core/rawdb/schema.go:117.70,124.2 4 0
github.com/dappledger/AnnChain/eth/core/rawdb/schema.go:127.43,129.2 1 0
github.com/dappledger/AnnChain/eth/core/rawdb/schema.go:132.41,134.2 1 0
github.com/dappledger/AnnChain/eth/core/rawdb/accessors_chain.go:31.70,33.20 2 3
github.com/dappledger/AnnChain/eth/core/rawdb/accessors_chain.go:36.2,36.33 1 1
github.com/dappledger/AnnChain/eth/core/rawdb/accessors_chain.go:33.20,35.3 1 2
github.com/dappledger/AnnChain/eth/core/rawdb/accessors_chain.go:40.77,41.68 1 1
github.com/dappledger/AnnChain/eth/core/rawdb/accessors_chain.go:41.68,43.3 1 0
github.com/dappledger/AnnChain/eth/core/rawdb/accessors_chain.go:47.61,48.57 1 1
github.com/dappledger/AnnChain/eth/core/rawdb/accessors_chain.go:48.57,50.3 1 0
github.com/dappledger/AnnChain/eth/core/rawdb/accessors_chain.go:54.68,56.20 2 0
github.com/dappledger/AnnChain/eth/core/rawdb/accessors_chain.go:59.2,60.16 2 0
github.com/dappledger/AnnChain/eth/core/rawdb/accessors_chain.go:56.20,58.3 1 0
github.com/dappledger/AnnChain/eth/core/rawdb/accessors_chain.go:64.56,66.20 2 2
github.com/dappledger/AnnChain/eth/core/rawdb/accessors_chain.go:69.2,69.33 1 1
github.com/dappledger/AnnChain/eth/core/rawdb/accessors_chain.go:66.20,68.3 1 1
github.com/dappledger/AnnChain/eth/core/rawdb/accessors_chain.go:73.63,74.60 1 1
github.com/dappledger/AnnChain/eth/core/rawdb/accessors_chain.go:74.60,76.3 1 0
github.com/dappledger/AnnChain/eth/core/rawdb/accessors_chain.go:80.55,82.20 2 2
github.com/dappledger/AnnChain/eth/core/rawdb/accessors_chain.go:85.2,85.33 1 1
github.com/dappledger/AnnChain/eth/core/rawdb/accessors_chain.go:82.20,84.3 1 1
github.com/dappledger/AnnChain/eth/core/rawdb/accessors_chain.go:89.62,90.59 1 1
github.com/dappledger/AnnChain/eth/core/rawdb/accessors_chain.go:90.59,92.3 1 0
github.com/dappledger/AnnChain/eth/core/rawdb/accessors_chain.go:96.59,98.20 2 2
github.com/dappledger/AnnChain/eth/core/rawdb/accessors_chain.go:101.2,101.33 1 1
github.com/dappledger/AnnChain/eth/core/rawdb/accessors_chain.go:98.20,100.3 1 1
github.com/dappledger/AnnChain/eth/core/rawdb/accessors_chain.go:105.66,106.63 1 1
github.com/dappledger/AnnChain/eth/core/rawdb/accessors_chain.go:106.63,108.3 1 0
github.com/dappledger/AnnChain/eth/core/rawdb/accessors_chain.go:113.53,115.20 2 0
github.com/dappledger/AnnChain/eth/core/rawdb/accessors_chain.go:118.2,118.45 1 0
github.com/dappledger/AnnChain/eth/core/rawdb/accessors_chain.go:115.20,117.3 1 0
github.com/dappledger/AnnChain/eth/core/rawdb/accessors_chain.go:123.61,124.91 1 0
github.com/dappledger/AnnChain/eth/core/rawdb/accessors_chain.go:124.91,126.3 1 0
github.com/dappledger/AnnChain/eth/core/rawdb/accessors_chain.go:130.85,133.2 2 13
github.com/dappledger/AnnChain/eth/core/rawdb/accessors_chain.go:136.73,137.69 1 0
github.com/dappledger/AnnChain/eth/core/rawdb/accessors_chain.go:140.2,140.13 1 0
github.com/dappledger/AnnChain/eth/core/rawdb/accessors_chain.go:137.69,139.3 1 0
github.com/dappledger/AnnChain/eth/core/rawdb/accessors_chain.go:144.83,146.20 2 12
github.com/dappledger/AnnChain/eth/core/rawdb/accessors_chain.go:149.2,150.66 2 5
github.com/dappledger/AnnChain/eth/core/rawdb/accessors_chain.go:154.2,154.15 1 5
github.com/dappledger/AnnChain/eth/core/rawdb/accessors_chain.go:146.20,148.3 1 7
github.com/dappledger/AnnChain/eth/core/rawdb/accessors_chain.go:150.66,153.3 2 0
github.com/dappledger/AnnChain/eth/core/rawdb/accessors_chain.go:159.59,167.45 3 5
github.com/dappledger/AnnChain/eth/core/rawdb/accessors_chain.go:171.2,172.16 2 5
github.com/dappledger/AnnChain/eth/core/rawdb/accessors_chain.go:175.2,176.42 2 5
github.com/dappledger/AnnChain/eth/core/rawdb/accessors_chain.go:167.45,169.3 1 0
github.com/dappledger/AnnChain/eth/core/rawdb/accessors_chain.go:172.16,174.3 1 0
github.com/dappledger/AnnChain/eth/core/rawdb/accessors_chain.go:176.42,178.3 1 0
github.com/dappledger/AnnChain/eth/core/rawdb/accessors_chain.go:182.72,183.59 1 3
github.com/dappledger/AnnChain/eth/core/rawdb/accessors_chain.go:186.2,186.57 1 3
github.com/dappledger/AnnChain/eth/core/rawdb/accessors_chain.go:183.59,185.3 1 0
github.com/dappledger/AnnChain/eth/core/rawdb/accessors_chain.go:186.57,188.3 1 0
github.com/dappledger/AnnChain/eth/core/rawdb/accessors_chain.go:192.83,195.2 2 13
github.com/dappledger/AnnChain/eth/core/rawdb/accessors_chain.go:198.89,199.64 1 5
github.com/dappledger/AnnChain/eth/core/rawdb/accessors_chain.go:199.64,201.3 1 0
github.com/dappledger/AnnChain/eth/core/rawdb/accessors_chain.go:205.71,206.72 1 0
github.com/dappledger/AnnChain/eth/core/rawdb/accessors_chain.go:209.2,209.13 1 0
github.com/dappledger/AnnChain/eth/core/rawdb/accessors_chain.go:206.72,208.3 1 0
github.com/dappledger/AnnChain/eth/core/rawdb/accessors_chain.go:213.79,215.20 2 12
github.com/dappledger/AnnChain/eth/core/rawdb/accessors_chain.go:218.2,219.64 2 7
github.com/dappledger/AnnChain/eth/core/rawdb/accessors_chain.go:223.2,223.13 1 7
github.com/dappledger/AnnChain/eth/core/rawdb/accessors_chain.go:215.20,217.3 1 5
github.com/dappledger/AnnChain/eth/core/rawdb/accessors_chain.go:219.64,222.3 2 0
github.com/dappledger/AnnChain/eth/core/rawdb/accessors_chain.go:227.86,229.16 2 5
github.com/dappledger/AnnChain/eth/core/rawdb/accessors_chain.go:232.2,232.38 1 5
github.com/dappledger/AnnChain/eth/core/rawdb/accessors_chain.go:229.16,231.3 1 0
github.com/dappledger/AnnChain/eth/core/rawdb/accessors_chain.go:236.70,237.62 1 3
github.com/dappledger/AnnChain/eth/core/rawdb/accessors_chain.go:237.62,239.3 1 0
github.com/dappledger/AnnChain/eth/core/rawdb/accessors_chain.go:243.74,245.20 2 3
github.com/dappledger/AnnChain/eth/core/rawdb/accessors_chain.go:248.2,249.62 2 1
github.com/dappledger/AnnChain/eth/core/rawdb/accessors_chain.go:253.2,253.11 1 1
github.com/dappledger/AnnChain/eth/core/rawdb/accessors_chain.go:245.20,247.3 1 2
github.com/dappledger/AnnChain/eth/core/rawdb/accessors_chain.go:249.62,252.3 2 0
github.com/dappledger/AnnChain/eth/core/rawdb/accessors_chain.go:257.79,259.16 2 1
github.com/dappledger/AnnChain/eth/core/rawdb/accessors_chain.go:262.2,262.64 1 1
github.com/dappledger/AnnChain/eth/core/rawdb/accessors_chain.go:259.16,261.3 1 0
github.com/dappledger/AnnChain/eth/core/rawdb/accessors_chain.go:262.64,264.3 1 0
github.com/dappledger/AnnChain/eth/core/rawdb/accessors_chain.go:268.68,269.61 1 2
github.com/dappledger/AnnChain/eth/core/rawdb/accessors_chain.go:269.61,271.3 1 0
github.com/dappledger/AnnChain/eth/core/rawdb/accessors_chain.go:276.75,277.76 1 0
github.com/dappledger/AnnChain/eth/core/rawdb/accessors_chain.go:280.2,280.13 1 0
github.com/dappledger/AnnChain/eth/core/rawdb/accessors_chain.go:277.76,279.3 1 0
github.com/dappledger/AnnChain/eth/core/rawdb/accessors_chain.go:284.86,287.20 2 3
github.com/dappledger/AnnChain/eth/core/rawdb/accessors_chain.go:291.2,292.64 2 1
github.com/dappledger/AnnChain/eth/core/rawdb/accessors_chain.go:296.2,297.42 2 1
github.com/dappledger/AnnChain/eth/core/rawdb/accessors_chain.go:300.2,300.17 1 1
github.com/dappledger/AnnChain/eth/core/rawdb/accessors_chain.go:287.20,289.3 1 2
github.com/dappledger/AnnChain/eth/core/rawdb/accessors_chain.go:292.64,295.3 2 0
github.com/dappledger/AnnChain/eth/core/rawdb/accessors_chain.go:297.42,299.3 1 2
github.com/dappledger/AnnChain/eth/core/rawdb/accessors_chain.go:304.97,307.35 2 1
github.com/dappledger/AnnChain/eth/core/rawdb/accessors_chain.go:310.2,311.16 2 1
github.com/dappledger/AnnChain/eth/core/rawdb/accessors_chain.go:315.2,315.70 1 1
github.com/dappledger/AnnChain/eth/core/rawdb/accessors_chain.go:307.35,309.3 1 2
github.com/dappledger/AnnChain/eth/core/rawdb/accessors_chain.go:311.16,313.3 1 0
github.com/dappledger/AnnChain/eth/core/rawdb/accessors_chain.go:315.70,317.3 1 0
github.com/dappledger/AnnChain/eth/core/rawdb/accessors_chain.go:321.74,322.66 1 2
github.com/dappledger/AnnChain/eth/core/rawdb/accessors_chain.go:322.66,324.3 1 0
github.com/dappledger/AnnChain/eth/core/rawdb/accessors_chain.go:333.81,335.19 2 6
github.com/dappledger/AnnChain/eth/core/rawdb/accessors_chain.go:338.2,339.17 2 3
github.com/dappledger/AnnChain/eth/core/rawdb/accessors_chain.go:342.2,342.82 1 2
github.com/dappledger/AnnChain/eth/core/rawdb/accessors_chain.go:335.19,337.3 1 3
github.com/dappledger/AnnChain/eth/core/rawdb/accessors_chain.go:339.17,341.3 1 1
github.com/dappledger/AnnChain/eth/core/rawdb/accessors_chain.go:346.56,349.2 2 2
github.com/dappledger/AnnChain/eth/core/rawdb/accessors_chain.go:352.71,357.2 4 1
github.com/dappledger/AnnChain/eth/core/rawdb/accessors_chain.go:360.78,361.55 1 0
github.com/dappledger/AnnChain/eth/core/rawdb/accessors_chain.go:367.2,367.55 1 0
github.com/dappledger/AnnChain/eth/core/rawdb/accessors_chain.go:373.2,373.27 1 0
github.com/dappledger/AnnChain/eth/core/rawdb/accessors_chain.go:383.2,383.10 1 0
github.com/dappledger/AnnChain/eth/core/rawdb/accessors_chain.go:361.55,363.15 2 0
github.com/dappledger/AnnChain/eth/core/rawdb/accessors_chain.go:363.15,365.4 1 0
github.com/dappledger/AnnChain/eth/core/rawdb/accessors_chain.go:367.55,369.15 2 0
github.com/dappledger/AnnChain/eth/core/rawdb/accessors_chain.go:369.15,371.4 1 0
github.com/dappledger/AnnChain/eth/core/rawdb/accessors_chain.go:373.27,375.15 2 0
github.com/dappledger/AnnChain/eth/core/rawdb/accessors_chain.go:378.3,379.15 2 0
github.com/dappledger/AnnChain/eth/core/rawdb/accessors_chain.go:375.15,377.4 1 0
github.com/dappledger/AnnChain/eth/core/rawdb/accessors_chain.go:379.15,381.4 1 0
github.com/dappledger/AnnChain/eth/core/rawdb/accessors_indexes.go:28.91,30.20 2 9
github.com/dappledger/AnnChain/eth/core/rawdb/accessors_indexes.go:33.2,34.54 2 3
github.com/dappledger/AnnChain/eth/core/rawdb/accessors_indexes.go:38.2,38.55 1 3
github.com/dappledger/AnnChain/eth/core/rawdb/accessors_indexes.go:30.20,32.3 1 6
github.com/dappledger/AnnChain/eth/core/rawdb/accessors_indexes.go:34.54,37.3 2 0
github.com/dappledger/AnnChain/eth/core/rawdb/accessors_indexes.go:43.66,44.42 1 1
github.com/dappledger/AnnChain/eth/core/rawdb/accessors_indexes.go:44.42,51.17 3 3
github.com/dappledger/AnnChain/eth/core/rawdb/accessors_indexes.go:54.3,54.62 1 3
github.com/dappledger/AnnChain/eth/core/rawdb/accessors_indexes.go:51.17,53.4 1 0
github.com/dappledger/AnnChain/eth/core/rawdb/accessors_indexes.go:54.62,56.4 1 0
github.com/dappledger/AnnChain/eth/core/rawdb/accessors_indexes.go:61.64,63.2 1 3
github.com/dappledger/AnnChain/eth/core/rawdb/accessors_indexes.go:67.109,69.34 2 9
github.com/dappledger/AnnChain/eth/core/rawdb/accessors_indexes.go:72.2,73.59 2 3
github.com/dappledger/AnnChain/eth/core/rawdb/accessors_indexes.go:77.2,77.68 1 3
github.com/dappledger/AnnChain/eth/core/rawdb/accessors_indexes.go:69.34,71.3 1 6
github.com/dappledger/AnnChain/eth/core/rawdb/accessors_indexes.go:73.59,76.3 2 0
github.com/dappledger/AnnChain/eth/core/rawdb/accessors_indexes.go:82.101,84.34 2 0
github.com/dappledger/AnnChain/eth/core/rawdb/accessors_indexes.go:87.2,88.40 2 0
github.com/dappledger/AnnChain/eth/core/rawdb/accessors_indexes.go:92.2,92.69 1 0
github.com/dappledger/AnnChain/eth/core/rawdb/accessors_indexes.go:84.34,86.3 1 0
github.com/dappledger/AnnChain/eth/core/rawdb/accessors_indexes.go:88.40,91.3 2 0
github.com/dappledger/AnnChain/eth/core/rawdb/accessors_indexes.go:97.99,99.2 1 0
github.com/dappledger/AnnChain/eth/core/rawdb/accessors_indexes.go:103.97,104.71 1 0
github.com/dappledger/AnnChain/eth/core/rawdb/accessors_indexes.go:104.71,106.3 1 0
github.com/dappledger/AnnChain/eth/core/rawdb/accessors_metadata.go:29.53,33.19 3 0
github.com/dappledger/AnnChain/eth/core/rawdb/accessors_metadata.go:36.2,36.55 1 0
github.com/dappledger/AnnChain/eth/core/rawdb/accessors_metadata.go:40.2,40.17 1 0
github.com/dappledger/AnnChain/eth/core/rawdb/accessors_metadata.go:33.19,35.3 1 0
github.com/dappledger/AnnChain/eth/core/rawdb/accessors_metadata.go:36.55,38.3 1 0
github.com/dappledger/AnnChain/eth/core/rawdb/accessors_metadata.go:44.62,46.16 2 0
github.com/dappledger/AnnChain/eth/core/rawdb/accessors_metadata.go:49.2,49.56 1 0
github.com/dappledger/AnnChain/eth/core/rawdb/accessors_metadata.go:46.16,48.3 1 0
github.com/dappledger/AnnChain/eth/core/rawdb/accessors_metadata.go:49.56,51.3 1 0
github.com/dappledger/AnnChain/eth/core/rawdb/accessors_metadata.go:55.79,57.20 2 0
github.com/dappledger/AnnChain/eth/core/rawdb/accessors_metadata.go:60.2,61.54 2 0
github.com/dappledger/AnnChain/eth/core/rawdb/accessors_metadata.go:65.2,65.16 1 0
github.com/dappledger/AnnChain/eth/core/rawdb/accessors_metadata.go:57.20,59.3 1 0
github.com/dappledger/AnnChain/eth/core/rawdb/accessors_metadata.go:61.54,64.3 2 0
github.com/dappledger/AnnChain/eth/core/rawdb/accessors_metadata.go:69.85,70.16 1 0
github.com/dappledger/AnnChain/eth/core/rawdb/accessors_metadata.go:73.2,74.16 2 0
github.com/dappledger/AnnChain/eth/core/rawdb/accessors_metadata.go:77.2,77.54 1 0
github.com/dappledger/AnnChain/eth/core/rawdb/accessors_metadata.go:70.16,72.3 1 0
github.com/dappledger/AnnChain/eth/core/rawdb/accessors_metadata.go:74.16,76.3 1 0
github.com/dappledger/AnnChain/eth/core/rawdb/accessors_metadata.go:77.54,79.3 1 0
github.com/dappledger/AnnChain/eth/core/rawdb/accessors_metadata.go:83.63,86.2 2 0
github.com/dappledger/AnnChain/eth/core/rawdb/accessors_metadata.go:89.74,90.40 1 0
github.com/dappledger/AnnChain/eth/core/rawdb/accessors_metadata.go:95.2,96.47 2 0
github.com/dappledger/AnnChain/eth/core/rawdb/accessors_metadata.go:90.40,91.61 1 0
github.com/dappledger/AnnChain/eth/core/rawdb/accessors_metadata.go:91.61,93.4 1 0
github.com/dappledger/AnnChain/eth/core/evm_config.go:68.31,79.2 3 0
github.com/dappledger/AnnChain/eth/core/tx_journal.go:40.52,40.74 1 6
github.com/dappledger/AnnChain/eth/core/tx_journal.go:41.52,41.66 1 0
github.com/dappledger/AnnChain/eth/core/tx_journal.go:51.43,55.2 1 3
github.com/dappledger/AnnChain/eth/core/tx_journal.go:59.78,61.57 1 3
github.com/dappledger/AnnChain/eth/core/tx_journal.go:65.2,66.16 2 2
github.com/dappledger/AnnChain/eth/core/tx_journal.go:69.2,73.15 3 2
github.com/dappledger/AnnChain/eth/core/tx_journal.go:76.2,82.44 3 2
github.com/dappledger/AnnChain/eth/core/tx_journal.go:90.2,94.6 2 2
github.com/dappledger/AnnChain/eth/core/tx_journal.go:114.2,116.16 2 2
github.com/dappledger/AnnChain/eth/core/tx_journal.go:61.57,63.3 1 1
github.com/dappledger/AnnChain/eth/core/tx_journal.go:66.16,68.3 1 0
github.com/dappledger/AnnChain/eth/core/tx_journal.go:73.15,73.39 1 2
github.com/dappledger/AnnChain/eth/core/tx_journal.go:82.44,83.32 1 2
github.com/dappledger/AnnChain/eth/core/tx_journal.go:83.32,84.18 1 4
github.com/dappledger/AnnChain/eth/core/tx_journal.go:84.18,87.5 2 1
github.com/dappledger/AnnChain/eth/core/tx_journal.go:94.6,97.42 2 6
github.com/dappledger/AnnChain/eth/core/tx_journal.go:107.3,109.52 2 4
github.com/dappledger/AnnChain/eth/core/tx_journal.go:97.42,98.21 1 2
github.com/dappledger/AnnChain/eth/core/tx_journal.go:101.4,101.23 1 2
github.com/dappledger/AnnChain/eth/core/tx_journal.go:104.4,104.9 1 2
github.com/dappledger/AnnChain/eth/core/tx_journal.go:98.21,100.5 1 0
github.com/dappledger/AnnChain/eth/core/tx_journal.go:101.23,103.5 1 2
github.com/dappledger/AnnChain/eth/core/tx_journal.go:109.52,112.4 2 0
github.com/dappledger/AnnChain/eth/core/tx_journal.go:120.63,121.27 1 6
github.com/dappledger/AnnChain/eth/core/tx_journal.go:124.2,124.55 1 6
github.com/dappledger/AnnChain/eth/core/tx_journal.go:127.2,127.12 1 6
github.com/dappledger/AnnChain/eth/core/tx_journal.go:121.27,123.3 1 0
github.com/dappledger/AnnChain/eth/core/tx_journal.go:124.55,126.3 1 0
github.com/dappledger/AnnChain/eth/core/tx_journal.go:132.83,134.27 1 5
github.com/dappledger/AnnChain/eth/core/tx_journal.go:141.2,142.16 2 5
github.com/dappledger/AnnChain/eth/core/tx_journal.go:145.2,146.26 2 5
github.com/dappledger/AnnChain/eth/core/tx_journal.go:155.2,158.68 2 5
github.com/dappledger/AnnChain/eth/core/tx_journal.go:161.2,162.16 2 5
github.com/dappledger/AnnChain/eth/core/tx_journal.go:165.2,168.12 3 5
github.com/dappledger/AnnChain/eth/core/tx_journal.go:134.27,135.48 1 2
github.com/dappledger/AnnChain/eth/core/tx_journal.go:138.3,138.23 1 2
github.com/dappledger/AnnChain/eth/core/tx_journal.go:135.48,137.4 1 0
github.com/dappledger/AnnChain/eth/core/tx_journal.go:142.16,144.3 1 0
github.com/dappledger/AnnChain/eth/core/tx_journal.go:146.26,147.26 1 4
github.com/dappledger/AnnChain/eth/core/tx_journal.go:153.3,153.24 1 4
github.com/dappledger/AnnChain/eth/core/tx_journal.go:147.26,148.53 1 5
github.com/dappledger/AnnChain/eth/core/tx_journal.go:148.53,151.5 2 0
github.com/dappledger/AnnChain/eth/core/tx_journal.go:158.68,160.3 1 0
github.com/dappledger/AnnChain/eth/core/tx_journal.go:162.16,164.3 1 0
github.com/dappledger/AnnChain/eth/core/tx_journal.go:172.41,175.27 2 3
github.com/dappledger/AnnChain/eth/core/tx_journal.go:179.2,179.12 1 3
github.com/dappledger/AnnChain/eth/core/tx_journal.go:175.27,178.3 2 3
github.com/dappledger/AnnChain/eth/core/tx_pool.go:161.53,163.34 2 37
github.com/dappledger/AnnChain/eth/core/tx_pool.go:167.2,167.25 1 37
github.com/dappledger/AnnChain/eth/core/tx_pool.go:171.2,171.24 1 37
github.com/dappledger/AnnChain/eth/core/tx_pool.go:175.2,175.27 1 37
github.com/dappledger/AnnChain/eth/core/tx_pool.go:179.2,179.26 1 37
github.com/dappledger/AnnChain/eth/core/tx_pool.go:183.2,183.27 1 37
github.com/dappledger/AnnChain/eth/core/tx_pool.go:187.2,187.26 1 37
github.com/dappledger/AnnChain/eth/core/tx_pool.go:191.2,191.23 1 37
github.com/dappledger/AnnChain/eth/core/tx_pool.go:195.2,195.13 1 37
github.com/dappledger/AnnChain/eth/core/tx_pool.go:163.34,166.3 2 0
github.com/dappledger/AnnChain/eth/core/tx_pool.go:167.25,170.3 2 0
github.com/dappledger/AnnChain/eth/core/tx_pool.go:171.24,174.3 2 0
github.com/dappledger/AnnChain/eth/core/tx_pool.go:175.27,178.3 2 0
github.com/dappledger/AnnChain/eth/core/tx_pool.go:179.26,182.3 2 0
github.com/dappledger/AnnChain/eth/core/tx_pool.go:183.27,186.3 2 0
github.com/dappledger/AnnChain/eth/core/tx_pool.go:187.26,190.3 2 1
github.com/dappledger/AnnChain/eth/core/tx_pool.go:191.23,194.3 2 0
github.com/dappledger/AnnChain/eth/core/tx_pool.go:237.96,255.37 4 37
github.com/dappledger/AnnChain/eth/core/tx_pool.go:259.2,263.46 3 37
[...]
github.com/dappledger/AnnChain/eth/metrics/registry.go:294.46,296.2 1 0
github.com/dappledger/AnnChain/eth/metrics/registry.go:299.71,301.2 1 0
github.com/dappledger/AnnChain/eth/metrics/registry.go:304.52,307.2 2 1
github.com/dappledger/AnnChain/eth/metrics/registry.go:310.44,312.2 1 0
github.com/dappledger/AnnChain/eth/metrics/registry.go:320.40,322.2 1 0
github.com/dappledger/AnnChain/eth/metrics/registry.go:325.35,327.2 1 0
github.com/dappledger/AnnChain/eth/metrics/registry.go:331.60,333.2 1 0
github.com/dappledger/AnnChain/eth/metrics/registry.go:337.49,339.2 1 5
github.com/dappledger/AnnChain/eth/metrics/registry.go:343.47,344.42 1 0
github.com/dappledger/AnnChain/eth/metrics/registry.go:344.42,345.13 1 0
github.com/dappledger/AnnChain/eth/metrics/registry.go:350.24,352.2 1 0
github.com/dappledger/AnnChain/eth/metrics/registry.go:355.30,357.2 1 0
github.com/dappledger/AnnChain/eth/metrics/runtime.go:57.58,58.25 1 0
github.com/dappledger/AnnChain/eth/metrics/runtime.go:58.25,60.3 1 0
github.com/dappledger/AnnChain/eth/metrics/runtime.go:71.45,78.22 6 6
github.com/dappledger/AnnChain/eth/metrics/runtime.go:83.2,83.23 1 6
github.com/dappledger/AnnChain/eth/metrics/runtime.go:89.2,110.59 20 6
github.com/dappledger/AnnChain/eth/metrics/runtime.go:125.2,142.69 14 6
github.com/dappledger/AnnChain/eth/metrics/runtime.go:78.22,80.3 1 0
github.com/dappledger/AnnChain/eth/metrics/runtime.go:80.8,82.3 1 6
github.com/dappledger/AnnChain/eth/metrics/runtime.go:83.23,85.3 1 6
github.com/dappledger/AnnChain/eth/metrics/runtime.go:85.8,87.3 1 0
github.com/dappledger/AnnChain/eth/metrics/runtime.go:110.59,111.53 1 2
github.com/dappledger/AnnChain/eth/metrics/runtime.go:111.53,113.4 1 512
github.com/dappledger/AnnChain/eth/metrics/runtime.go:114.8,115.13 1 4
github.com/dappledger/AnnChain/eth/metrics/runtime.go:121.3,121.21 1 4
github.com/dappledger/AnnChain/eth/metrics/runtime.go:115.13,116.49 1 0
github.com/dappledger/AnnChain/eth/metrics/runtime.go:119.4,119.9 1 0
github.com/dappledger/AnnChain/eth/metrics/runtime.go:116.49,118.5 1 0
github.com/dappledger/AnnChain/eth/metrics/runtime.go:121.21,123.4 1 3
github.com/dappledger/AnnChain/eth/metrics/runtime.go:148.42,212.2 62 2
github.com/dappledger/AnnChain/eth/metrics/runtime_cgo.go:8.25,10.2 1 6
github.com/dappledger/AnnChain/eth/metrics/sample.go:48.65,49.14 1 19
github.com/dappledger/AnnChain/eth/metrics/sample.go:52.2,59.10 3 19
github.com/dappledger/AnnChain/eth/metrics/sample.go:49.14,51.3 1 0
github.com/dappledger/AnnChain/eth/metrics/sample.go:63.34,70.2 6 0
github.com/dappledger/AnnChain/eth/metrics/sample.go:74.40,78.2 3 11
github.com/dappledger/AnnChain/eth/metrics/sample.go:82.38,84.2 1 4
github.com/dappledger/AnnChain/eth/metrics/sample.go:87.41,89.2 1 2
github.com/dappledger/AnnChain/eth/metrics/sample.go:93.38,95.2 1 3
github.com/dappledger/AnnChain/eth/metrics/sample.go:98.56,100.2 1 0
github.com/dappledger/AnnChain/eth/metrics/sample.go:104.62,106.2 1 2
github.com/dappledger/AnnChain/eth/metrics/sample.go:109.37,113.2 3 3
github.com/dappledger/AnnChain/eth/metrics/sample.go:116.44,121.25 5 1
github.com/dappledger/AnnChain/eth/metrics/sample.go:124.2,127.3 1 1
github.com/dappledger/AnnChain/eth/metrics/sample.go:121.25,123.3 1 100
github.com/dappledger/AnnChain/eth/metrics/sample.go:131.43,133.2 1 3
github.com/dappledger/AnnChain/eth/metrics/sample.go:136.38,138.2 1 0
github.com/dappledger/AnnChain/eth/metrics/sample.go:141.42,143.2 1 1839
github.com/dappledger/AnnChain/eth/metrics/sample.go:146.43,151.25 5 21
github.com/dappledger/AnnChain/eth/metrics/sample.go:154.2,154.15 1 21
github.com/dappledger/AnnChain/eth/metrics/sample.go:151.25,153.3 1 1026
github.com/dappledger/AnnChain/eth/metrics/sample.go:158.45,160.2 1 0
github.com/dappledger/AnnChain/eth/metrics/sample.go:164.55,168.40 4 21841
github.com/dappledger/AnnChain/eth/metrics/sample.go:171.2,175.19 2 21841
github.com/dappledger/AnnChain/eth/metrics/sample.go:168.40,170.3 1 20801
github.com/dappledger/AnnChain/eth/metrics/sample.go:175.19,181.28 6 1
github.com/dappledger/AnnChain/eth/metrics/sample.go:181.28,184.4 2 2
github.com/dappledger/AnnChain/eth/metrics/sample.go:192.27,192.28 0 0
github.com/dappledger/AnnChain/eth/metrics/sample.go:195.32,195.44 1 0
github.com/dappledger/AnnChain/eth/metrics/sample.go:198.30,198.42 1 0
github.com/dappledger/AnnChain/eth/metrics/sample.go:201.33,201.47 1 0
github.com/dappledger/AnnChain/eth/metrics/sample.go:204.30,204.42 1 0
github.com/dappledger/AnnChain/eth/metrics/sample.go:207.48,207.62 1 0
github.com/dappledger/AnnChain/eth/metrics/sample.go:210.54,212.2 1 0
github.com/dappledger/AnnChain/eth/metrics/sample.go:215.29,215.41 1 0
github.com/dappledger/AnnChain/eth/metrics/sample.go:218.36,218.58 1 0
github.com/dappledger/AnnChain/eth/metrics/sample.go:221.35,221.49 1 0
github.com/dappledger/AnnChain/eth/metrics/sample.go:224.30,224.42 1 0
github.com/dappledger/AnnChain/eth/metrics/sample.go:227.35,227.36 0 0
github.com/dappledger/AnnChain/eth/metrics/sample.go:230.35,230.55 1 0
github.com/dappledger/AnnChain/eth/metrics/sample.go:233.37,233.51 1 0
github.com/dappledger/AnnChain/eth/metrics/sample.go:236.38,237.22 1 10
github.com/dappledger/AnnChain/eth/metrics/sample.go:240.2,241.27 2 8
github.com/dappledger/AnnChain/eth/metrics/sample.go:246.2,246.12 1 8
github.com/dappledger/AnnChain/eth/metrics/sample.go:237.22,239.3 1 2
github.com/dappledger/AnnChain/eth/metrics/sample.go:241.27,242.14 1 20402
github.com/dappledger/AnnChain/eth/metrics/sample.go:242.14,244.4 1 20014
github.com/dappledger/AnnChain/eth/metrics/sample.go:250.41,251.22 1 15
github.com/dappledger/AnnChain/eth/metrics/sample.go:254.2,254.58 1 13
github.com/dappledger/AnnChain/eth/metrics/sample.go:251.22,253.3 1 2
github.com/dappledger/AnnChain/eth/metrics/sample.go:258.38,259.22 1 9
github.com/dappledger/AnnChain/eth/metrics/sample.go:262.2,263.27 2 7
github.com/dappledger/AnnChain/eth/metrics/sample.go:268.2,268.12 1 7
github.com/dappledger/AnnChain/eth/metrics/sample.go:259.22,261.3 1 2
github.com/dappledger/AnnChain/eth/metrics/sample.go:263.27,264.14 1 20402
github.com/dappledger/AnnChain/eth/metrics/sample.go:264.14,266.4 1 32
github.com/dappledger/AnnChain/eth/metrics/sample.go:272.61,274.2 1 0
github.com/dappledger/AnnChain/eth/metrics/sample.go:278.67,281.14 3 8
github.com/dappledger/AnnChain/eth/metrics/sample.go:296.2,296.15 1 8
github.com/dappledger/AnnChain/eth/metrics/sample.go:281.14,283.24 2 6
github.com/dappledger/AnnChain/eth/metrics/sample.go:283.24,285.17 2 18
github.com/dappledger/AnnChain/eth/metrics/sample.go:285.17,287.5 1 0
github.com/dappledger/AnnChain/eth/metrics/sample.go:287.10,287.35 1 18
github.com/dappledger/AnnChain/eth/metrics/sample.go:287.35,289.5 1 0
github.com/dappledger/AnnChain/eth/metrics/sample.go:289.10,293.5 3 18
github.com/dappledger/AnnChain/eth/metrics/sample.go:305.69,310.2 1 0
github.com/dappledger/AnnChain/eth/metrics/sample.go:313.32,314.43 1 0
github.com/dappledger/AnnChain/eth/metrics/sample.go:318.40,318.58 1 3
github.com/dappledger/AnnChain/eth/metrics/sample.go:321.38,321.68 1 3
github.com/dappledger/AnnChain/eth/metrics/sample.go:324.41,324.72 1 3
github.com/dappledger/AnnChain/eth/metrics/sample.go:327.38,327.68 1 3
github.com/dappledger/AnnChain/eth/metrics/sample.go:331.56,333.2 1 0
github.com/dappledger/AnnChain/eth/metrics/sample.go:337.62,339.2 1 3
github.com/dappledger/AnnChain/eth/metrics/sample.go:342.37,342.61 1 0
github.com/dappledger/AnnChain/eth/metrics/sample.go:345.44,345.56 1 0
github.com/dappledger/AnnChain/eth/metrics/sample.go:349.43,349.76 1 3
github.com/dappledger/AnnChain/eth/metrics/sample.go:352.38,352.68 1 0
github.com/dappledger/AnnChain/eth/metrics/sample.go:355.38,356.44 1 0
github.com/dappledger/AnnChain/eth/metrics/sample.go:360.43,364.2 3 0
github.com/dappledger/AnnChain/eth/metrics/sample.go:367.45,367.80 1 0
github.com/dappledger/AnnChain/eth/metrics/sample.go:370.43,372.2 1 9
github.com/dappledger/AnnChain/eth/metrics/sample.go:375.38,377.27 2 13
github.com/dappledger/AnnChain/eth/metrics/sample.go:380.2,380.12 1 13
github.com/dappledger/AnnChain/eth/metrics/sample.go:377.27,379.3 1 40802
github.com/dappledger/AnnChain/eth/metrics/sample.go:384.45,385.22 1 9
github.com/dappledger/AnnChain/eth/metrics/sample.go:388.2,390.27 3 7
github.com/dappledger/AnnChain/eth/metrics/sample.go:394.2,394.35 1 7
github.com/dappledger/AnnChain/eth/metrics/sample.go:385.22,387.3 1 2
github.com/dappledger/AnnChain/eth/metrics/sample.go:390.27,393.3 2 20402
github.com/dappledger/AnnChain/eth/metrics/sample.go:409.49,410.14 1 9
github.com/dappledger/AnnChain/eth/metrics/sample.go:413.2,416.3 1 9
github.com/dappledger/AnnChain/eth/metrics/sample.go:410.14,412.3 1 0
github.com/dappledger/AnnChain/eth/metrics/sample.go:420.33,425.2 4 0
github.com/dappledger/AnnChain/eth/metrics/sample.go:429.39,433.2 3 1005
github.com/dappledger/AnnChain/eth/metrics/sample.go:437.37,441.2 3 3
github.com/dappledger/AnnChain/eth/metrics/sample.go:444.40,448.2 3 3
github.com/dappledger/AnnChain/eth/metrics/sample.go:452.37,456.2 3 3
github.com/dappledger/AnnChain/eth/metrics/sample.go:459.55,463.2 3 0
github.com/dappledger/AnnChain/eth/metrics/sample.go:467.61,471.2 3 3
github.com/dappledger/AnnChain/eth/metrics/sample.go:474.36,478.2 3 1
github.com/dappledger/AnnChain/eth/metrics/sample.go:481.43,490.2 5 2
github.com/dappledger/AnnChain/eth/metrics/sample.go:493.42,497.2 3 3
github.com/dappledger/AnnChain/eth/metrics/sample.go:500.37,504.2 3 0
github.com/dappledger/AnnChain/eth/metrics/sample.go:507.41,511.37 4 41787
github.com/dappledger/AnnChain/eth/metrics/sample.go:511.37,513.3 1 20502
github.com/dappledger/AnnChain/eth/metrics/sample.go:513.8,515.31 2 21285
github.com/dappledger/AnnChain/eth/metrics/sample.go:515.31,517.4 1 1288
github.com/dappledger/AnnChain/eth/metrics/sample.go:522.42,528.2 5 3
github.com/dappledger/AnnChain/eth/metrics/sample.go:531.44,535.2 3 0
github.com/dappledger/AnnChain/eth/metrics/sample.go:543.67,545.2 1 19
github.com/dappledger/AnnChain/eth/metrics/sample.go:553.38,555.2 1 1
github.com/dappledger/AnnChain/eth/metrics/sample.go:557.53,562.2 4 21843
github.com/dappledger/AnnChain/eth/metrics/sample.go:564.51,573.2 7 20801
github.com/dappledger/AnnChain/eth/metrics/sample.go:575.41,577.2 1 21844
github.com/dappledger/AnnChain/eth/metrics/sample.go:579.56,581.2 1 24
github.com/dappledger/AnnChain/eth/metrics/sample.go:583.40,584.6 1 21843
github.com/dappledger/AnnChain/eth/metrics/sample.go:584.6,586.39 2 141748
github.com/dappledger/AnnChain/eth/metrics/sample.go:589.3,590.8 2 119905
github.com/dappledger/AnnChain/eth/metrics/sample.go:586.39,587.9 1 21843
github.com/dappledger/AnnChain/eth/metrics/sample.go:594.45,595.6 1 20801
github.com/dappledger/AnnChain/eth/metrics/sample.go:595.6,597.24 2 124979
github.com/dappledger/AnnChain/eth/metrics/sample.go:600.3,601.55 2 104547
github.com/dappledger/AnnChain/eth/metrics/sample.go:604.3,604.29 1 104547
github.com/dappledger/AnnChain/eth/metrics/sample.go:607.3,608.8 2 104178
github.com/dappledger/AnnChain/eth/metrics/sample.go:597.24,598.9 1 20432
github.com/dappledger/AnnChain/eth/metrics/sample.go:601.55,603.4 1 42161
github.com/dappledger/AnnChain/eth/metrics/sample.go:604.29,605.9 1 369
github.com/dappledger/AnnChain/eth/metrics/sample.go:614.41,614.58 1 6
github.com/dappledger/AnnChain/eth/metrics/sample.go:615.41,615.63 1 239216
github.com/dappledger/AnnChain/eth/metrics/sample.go:616.41,616.68 1 14126
github.com/dappledger/AnnChain/eth/metrics/healthcheck.go:13.54,14.14 1 0
github.com/dappledger/AnnChain/eth/metrics/healthcheck.go:17.2,17.37 1 0
github.com/dappledger/AnnChain/eth/metrics/healthcheck.go:14.14,16.3 1 0
github.com/dappledger/AnnChain/eth/metrics/healthcheck.go:24.32,24.33 0 0
github.com/dappledger/AnnChain/eth/metrics/healthcheck.go:27.37,27.51 1 0
github.com/dappledger/AnnChain/eth/metrics/healthcheck.go:30.34,30.35 0 0
github.com/dappledger/AnnChain/eth/metrics/healthcheck.go:33.41,33.42 0 0
github.com/dappledger/AnnChain/eth/metrics/healthcheck.go:43.39,45.2 1 0
github.com/dappledger/AnnChain/eth/metrics/healthcheck.go:48.45,50.2 1 0
github.com/dappledger/AnnChain/eth/metrics/healthcheck.go:53.41,55.2 1 0
github.com/dappledger/AnnChain/eth/metrics/healthcheck.go:59.52,61.2 1 0
github.com/dappledger/AnnChain/eth/metrics/histogram.go:22.74,23.14 1 1
github.com/dappledger/AnnChain/eth/metrics/histogram.go:26.2,26.48 1 1
github.com/dappledger/AnnChain/eth/metrics/histogram.go:23.14,25.3 1 0
github.com/dappledger/AnnChain/eth/metrics/histogram.go:26.48,26.74 1 0
github.com/dappledger/AnnChain/eth/metrics/histogram.go:30.39,31.14 1 16
github.com/dappledger/AnnChain/eth/metrics/histogram.go:34.2,34.38 1 16
github.com/dappledger/AnnChain/eth/metrics/histogram.go:31.14,33.3 1 0
github.com/dappledger/AnnChain/eth/metrics/histogram.go:39.74,41.14 2 1
github.com/dappledger/AnnChain/eth/metrics/histogram.go:44.2,45.10 2 1
github.com/dappledger/AnnChain/eth/metrics/histogram.go:41.14,43.3 1 0
github.com/dappledger/AnnChain/eth/metrics/histogram.go:54.35,55.46 1 0
github.com/dappledger/AnnChain/eth/metrics/histogram.go:60.43,60.70 1 1
github.com/dappledger/AnnChain/eth/metrics/histogram.go:64.41,64.66 1 1
github.com/dappledger/AnnChain/eth/metrics/histogram.go:68.44,68.70 1 1
github.com/dappledger/AnnChain/eth/metrics/histogram.go:72.41,72.66 1 1
github.com/dappledger/AnnChain/eth/metrics/histogram.go:76.59,78.2 1 0
github.com/dappledger/AnnChain/eth/metrics/histogram.go:82.65,84.2 1 1
github.com/dappledger/AnnChain/eth/metrics/histogram.go:87.45,87.64 1 0
github.com/dappledger/AnnChain/eth/metrics/histogram.go:90.50,90.62 1 0
github.com/dappledger/AnnChain/eth/metrics/histogram.go:94.46,94.74 1 1
github.com/dappledger/AnnChain/eth/metrics/histogram.go:97.41,97.66 1 0
github.com/dappledger/AnnChain/eth/metrics/histogram.go:100.41,101.47 1 0
github.com/dappledger/AnnChain/eth/metrics/histogram.go:105.48,105.78 1 0
github.com/dappledger/AnnChain/eth/metrics/histogram.go:111.30,111.31 0 0
github.com/dappledger/AnnChain/eth/metrics/histogram.go:114.35,114.47 1 0
github.com/dappledger/AnnChain/eth/metrics/histogram.go:117.33,117.45 1 0
github.com/dappledger/AnnChain/eth/metrics/histogram.go:120.36,120.50 1 0
github.com/dappledger/AnnChain/eth/metrics/histogram.go:123.33,123.45 1 0
github.com/dappledger/AnnChain/eth/metrics/histogram.go:126.51,126.65 1 0
github.com/dappledger/AnnChain/eth/metrics/histogram.go:129.57,131.2 1 0
github.com/dappledger/AnnChain/eth/metrics/histogram.go:134.37,134.59 1 0
github.com/dappledger/AnnChain/eth/metrics/histogram.go:137.42,137.67 1 0
github.com/dappledger/AnnChain/eth/metrics/histogram.go:140.38,140.52 1 0
github.com/dappledger/AnnChain/eth/metrics/histogram.go:143.33,143.45 1 0
github.com/dappledger/AnnChain/eth/metrics/histogram.go:146.38,146.39 0 0
github.com/dappledger/AnnChain/eth/metrics/histogram.go:149.40,149.54 1 0
github.com/dappledger/AnnChain/eth/metrics/histogram.go:158.37,158.57 1 0
github.com/dappledger/AnnChain/eth/metrics/histogram.go:162.43,162.70 1 10
github.com/dappledger/AnnChain/eth/metrics/histogram.go:165.41,165.66 1 5
github.com/dappledger/AnnChain/eth/metrics/histogram.go:168.44,168.70 1 3
github.com/dappledger/AnnChain/eth/metrics/histogram.go:171.41,171.66 1 4
github.com/dappledger/AnnChain/eth/metrics/histogram.go:174.59,176.2 1 0
github.com/dappledger/AnnChain/eth/metrics/histogram.go:180.65,182.2 1 3
github.com/dappledger/AnnChain/eth/metrics/histogram.go:185.45,185.64 1 0
github.com/dappledger/AnnChain/eth/metrics/histogram.go:188.50,190.2 1 1
github.com/dappledger/AnnChain/eth/metrics/histogram.go:193.46,193.74 1 4
github.com/dappledger/AnnChain/eth/metrics/histogram.go:196.41,196.66 1 0
github.com/dappledger/AnnChain/eth/metrics/histogram.go:199.45,199.67 1 20530
github.com/dappledger/AnnChain/eth/metrics/histogram.go:202.48,202.78 1 0
github.com/dappledger/AnnChain/eth/metrics/graphite.go:27.78,36.2 1 0
github.com/dappledger/AnnChain/eth/metrics/graphite.go:40.43,42.39 2 0
github.com/dappledger/AnnChain/eth/metrics/graphite.go:42.39,43.38 1 0
github.com/dappledger/AnnChain/eth/metrics/graphite.go:43.38,45.4 1 0
github.com/dappledger/AnnChain/eth/metrics/graphite.go:52.43,55.2 2 0
github.com/dappledger/AnnChain/eth/metrics/graphite.go:57.40,61.16 4 0
github.com/dappledger/AnnChain/eth/metrics/graphite.go:64.2,66.51 3 0
github.com/dappledger/AnnChain/eth/metrics/graphite.go:112.2,112.12 1 0
github.com/dappledger/AnnChain/eth/metrics/graphite.go:61.16,63.3 1 0
github.com/dappledger/AnnChain/eth/metrics/graphite.go:66.51,67.29 1 0
github.com/dappledger/AnnChain/eth/metrics/graphite.go:110.3,110.12 1 0
github.com/dappledger/AnnChain/eth/metrics/graphite.go:68.16,69.78 1 0
github.com/dappledger/AnnChain/eth/metrics/graphite.go:70.14,71.78 1 0
github.com/dappledger/AnnChain/eth/metrics/graphite.go:72.21,73.78 1 0
github.com/dappledger/AnnChain/eth/metrics/graphite.go:74.18,82.44 8 0
github.com/dappledger/AnnChain/eth/metrics/graphite.go:86.14,92.77 6 0
github.com/dappledger/AnnChain/eth/metrics/graphite.go:93.14,101.44 8 0
github.com/dappledger/AnnChain/eth/metrics/graphite.go:105.4,108.82 4 0
github.com/dappledger/AnnChain/eth/metrics/graphite.go:82.44,85.5 2 0
github.com/dappledger/AnnChain/eth/metrics/graphite.go:101.44,104.5 2 0
github.com/dappledger/AnnChain/eth/metrics/counter.go:18.60,19.14 1 1
github.com/dappledger/AnnChain/eth/metrics/counter.go:22.2,22.52 1 1
github.com/dappledger/AnnChain/eth/metrics/counter.go:19.14,21.3 1 0
github.com/dappledger/AnnChain/eth/metrics/counter.go:29.66,30.14 1 0
github.com/dappledger/AnnChain/eth/metrics/counter.go:33.2,33.58 1 0
github.com/dappledger/AnnChain/eth/metrics/counter.go:30.14,32.3 1 0
github.com/dappledger/AnnChain/eth/metrics/counter.go:37.27,38.14 1 32
github.com/dappledger/AnnChain/eth/metrics/counter.go:41.2,41.28 1 32
github.com/dappledger/AnnChain/eth/metrics/counter.go:38.14,40.3 1 0
github.com/dappledger/AnnChain/eth/metrics/counter.go:46.33,48.2 1 0
github.com/dappledger/AnnChain/eth/metrics/counter.go:51.60,53.14 2 1
github.com/dappledger/AnnChain/eth/metrics/counter.go:56.2,57.10 2 1
github.com/dappledger/AnnChain/eth/metrics/counter.go:53.14,55.3 1 0
github.com/dappledger/AnnChain/eth/metrics/counter.go:64.66,66.14 2 0
github.com/dappledger/AnnChain/eth/metrics/counter.go:69.2,70.10 2 0
github.com/dappledger/AnnChain/eth/metrics/counter.go:66.14,68.3 1 0
github.com/dappledger/AnnChain/eth/metrics/counter.go:77.32,78.44 1 0
github.com/dappledger/AnnChain/eth/metrics/counter.go:82.40,82.59 1 1
github.com/dappledger/AnnChain/eth/metrics/counter.go:85.35,86.42 1 0
github.com/dappledger/AnnChain/eth/metrics/counter.go:90.35,91.42 1 0
github.com/dappledger/AnnChain/eth/metrics/counter.go:95.45,95.57 1 0
github.com/dappledger/AnnChain/eth/metrics/counter.go:101.28,101.29 0 0
github.com/dappledger/AnnChain/eth/metrics/counter.go:104.33,104.45 1 0
github.com/dappledger/AnnChain/eth/metrics/counter.go:107.33,107.34 0 0
github.com/dappledger/AnnChain/eth/metrics/counter.go:110.33,110.34 0 0
github.com/dappledger/AnnChain/eth/metrics/counter.go:113.38,113.61 1 0
github.com/dappledger/AnnChain/eth/metrics/counter.go:122.35,124.2 1 1
github.com/dappledger/AnnChain/eth/metrics/counter.go:127.41,129.2 1 13
github.com/dappledger/AnnChain/eth/metrics/counter.go:132.40,134.2 1 2
github.com/dappledger/AnnChain/eth/metrics/counter.go:137.40,139.2 1 8
github.com/dappledger/AnnChain/eth/metrics/counter.go:142.46,144.2 1 1
github.com/dappledger/AnnChain/eth/metrics/debug.go:24.55,25.25 1 0
github.com/dappledger/AnnChain/eth/metrics/debug.go:25.25,27.3 1 0
github.com/dappledger/AnnChain/eth/metrics/debug.go:38.42,46.56 7 0
github.com/dappledger/AnnChain/eth/metrics/debug.go:50.2,50.67 1 0
github.com/dappledger/AnnChain/eth/metrics/debug.go:46.56,48.3 1 0
github.com/dappledger/AnnChain/eth/metrics/debug.go:56.39,70.2 10 0
github.com/dappledger/AnnChain/eth/metrics/debug.go:74.13,76.2 1 1
