mode: atomic
github.com/dappledger/AnnChain/gemmill/modules/go-flowrate/flowrate/flowrate.go:62.57,63.58 1 2
github.com/dappledger/AnnChain/gemmill/modules/go-flowrate/flowrate/flowrate.go:66.2,66.21 1 2
github.com/dappledger/AnnChain/gemmill/modules/go-flowrate/flowrate/flowrate.go:69.2,77.3 2 2
github.com/dappledger/AnnChain/gemmill/modules/go-flowrate/flowrate/flowrate.go:63.58,65.3 1 2
github.com/dappledger/AnnChain/gemmill/modules/go-flowrate/flowrate/flowrate.go:66.21,68.3 1 2
github.com/dappledger/AnnChain/gemmill/modules/go-flowrate/flowrate/flowrate.go:82.37,87.2 4 7
github.com/dappledger/AnnChain/gemmill/modules/go-flowrate/flowrate/flowrate.go:90.41,95.2 4 0
github.com/dappledger/AnnChain/gemmill/modules/go-flowrate/flowrate/flowrate.go:99.53,101.2 1 7
github.com/dappledger/AnnChain/gemmill/modules/go-flowrate/flowrate/flowrate.go:106.32,108.38 2 1
github.com/dappledger/AnnChain/gemmill/modules/go-flowrate/flowrate/flowrate.go:111.2,115.10 5 1
github.com/dappledger/AnnChain/gemmill/modules/go-flowrate/flowrate/flowrate.go:108.38,110.3 1 0
github.com/dappledger/AnnChain/gemmill/modules/go-flowrate/flowrate/flowrate.go:141.35,155.20 4 73
github.com/dappledger/AnnChain/gemmill/modules/go-flowrate/flowrate/flowrate.go:158.2,158.20 1 73
github.com/dappledger/AnnChain/gemmill/modules/go-flowrate/flowrate/flowrate.go:175.2,176.10 2 73
github.com/dappledger/AnnChain/gemmill/modules/go-flowrate/flowrate/flowrate.go:155.20,157.3 1 57
github.com/dappledger/AnnChain/gemmill/modules/go-flowrate/flowrate/flowrate.go:158.20,161.15 3 72
github.com/dappledger/AnnChain/gemmill/modules/go-flowrate/flowrate/flowrate.go:161.15,164.22 3 40
github.com/dappledger/AnnChain/gemmill/modules/go-flowrate/flowrate/flowrate.go:164.22,165.50 1 14
github.com/dappledger/AnnChain/gemmill/modules/go-flowrate/flowrate/flowrate.go:165.50,167.36 2 14
github.com/dappledger/AnnChain/gemmill/modules/go-flowrate/flowrate/flowrate.go:170.6,170.47 1 14
github.com/dappledger/AnnChain/gemmill/modules/go-flowrate/flowrate/flowrate.go:167.36,169.7 1 0
github.com/dappledger/AnnChain/gemmill/modules/go-flowrate/flowrate/flowrate.go:190.67,191.26 1 9
github.com/dappledger/AnnChain/gemmill/modules/go-flowrate/flowrate/flowrate.go:194.2,198.16 3 9
github.com/dappledger/AnnChain/gemmill/modules/go-flowrate/flowrate/flowrate.go:203.2,203.31 1 9
github.com/dappledger/AnnChain/gemmill/modules/go-flowrate/flowrate/flowrate.go:210.2,210.57 1 9
github.com/dappledger/AnnChain/gemmill/modules/go-flowrate/flowrate/flowrate.go:213.2,215.15 2 9
github.com/dappledger/AnnChain/gemmill/modules/go-flowrate/flowrate/flowrate.go:218.2,218.19 1 9
github.com/dappledger/AnnChain/gemmill/modules/go-flowrate/flowrate/flowrate.go:191.26,193.3 1 0
github.com/dappledger/AnnChain/gemmill/modules/go-flowrate/flowrate/flowrate.go:198.16,200.3 1 0
github.com/dappledger/AnnChain/gemmill/modules/go-flowrate/flowrate/flowrate.go:203.31,204.37 1 6
github.com/dappledger/AnnChain/gemmill/modules/go-flowrate/flowrate/flowrate.go:204.37,206.4 1 5
github.com/dappledger/AnnChain/gemmill/modules/go-flowrate/flowrate/flowrate.go:210.57,212.3 1 0
github.com/dappledger/AnnChain/gemmill/modules/go-flowrate/flowrate/flowrate.go:215.15,217.3 1 0
github.com/dappledger/AnnChain/gemmill/modules/go-flowrate/flowrate/flowrate.go:223.48,224.15 1 1
github.com/dappledger/AnnChain/gemmill/modules/go-flowrate/flowrate/flowrate.go:227.2,229.15 3 1
github.com/dappledger/AnnChain/gemmill/modules/go-flowrate/flowrate/flowrate.go:224.15,226.3 1 0
github.com/dappledger/AnnChain/gemmill/modules/go-flowrate/flowrate/flowrate.go:235.53,236.15 1 95
github.com/dappledger/AnnChain/gemmill/modules/go-flowrate/flowrate/flowrate.go:239.2,239.26 1 63
github.com/dappledger/AnnChain/gemmill/modules/go-flowrate/flowrate/flowrate.go:242.2,243.46 2 63
github.com/dappledger/AnnChain/gemmill/modules/go-flowrate/flowrate/flowrate.go:259.2,259.8 1 63
github.com/dappledger/AnnChain/gemmill/modules/go-flowrate/flowrate/flowrate.go:236.15,238.3 1 32
github.com/dappledger/AnnChain/gemmill/modules/go-flowrate/flowrate/flowrate.go:239.26,241.3 1 7
github.com/dappledger/AnnChain/gemmill/modules/go-flowrate/flowrate/flowrate.go:243.46,245.61 2 8
github.com/dappledger/AnnChain/gemmill/modules/go-flowrate/flowrate/flowrate.go:251.3,251.20 1 8
github.com/dappledger/AnnChain/gemmill/modules/go-flowrate/flowrate/flowrate.go:257.3,257.15 1 8
github.com/dappledger/AnnChain/gemmill/modules/go-flowrate/flowrate/flowrate.go:245.61,247.4 1 2
github.com/dappledger/AnnChain/gemmill/modules/go-flowrate/flowrate/flowrate.go:251.20,254.4 2 6
github.com/dappledger/AnnChain/gemmill/modules/go-flowrate/flowrate/flowrate.go:254.9,256.4 1 2
github.com/dappledger/AnnChain/gemmill/modules/go-flowrate/flowrate/flowrate.go:263.51,268.2 4 8
github.com/dappledger/AnnChain/gemmill/modules/go-flowrate/flowrate/flowrate.go:273.67,278.37 3 5
github.com/dappledger/AnnChain/gemmill/modules/go-flowrate/flowrate/flowrate.go:288.2,288.12 1 5
github.com/dappledger/AnnChain/gemmill/modules/go-flowrate/flowrate/flowrate.go:278.37,281.18 3 5
github.com/dappledger/AnnChain/gemmill/modules/go-flowrate/flowrate/flowrate.go:284.3,286.20 3 5
github.com/dappledger/AnnChain/gemmill/modules/go-flowrate/flowrate/flowrate.go:281.18,283.4 1 0
github.com/dappledger/AnnChain/gemmill/modules/go-flowrate/flowrate/io.go:51.50,53.2 1 1
github.com/dappledger/AnnChain/gemmill/modules/go-flowrate/flowrate/io.go:58.52,60.16 2 3
github.com/dappledger/AnnChain/gemmill/modules/go-flowrate/flowrate/io.go:63.2,63.8 1 3
github.com/dappledger/AnnChain/gemmill/modules/go-flowrate/flowrate/io.go:60.16,62.3 1 2
github.com/dappledger/AnnChain/gemmill/modules/go-flowrate/flowrate/io.go:68.50,71.2 2 0
github.com/dappledger/AnnChain/gemmill/modules/go-flowrate/flowrate/io.go:76.51,79.2 2 2
github.com/dappledger/AnnChain/gemmill/modules/go-flowrate/flowrate/io.go:82.32,84.39 2 0
github.com/dappledger/AnnChain/gemmill/modules/go-flowrate/flowrate/io.go:87.2,87.12 1 0
github.com/dappledger/AnnChain/gemmill/modules/go-flowrate/flowrate/io.go:84.39,86.3 1 0
github.com/dappledger/AnnChain/gemmill/modules/go-flowrate/flowrate/io.go:103.50,105.2 1 1
github.com/dappledger/AnnChain/gemmill/modules/go-flowrate/flowrate/io.go:110.53,112.31 2 2
github.com/dappledger/AnnChain/gemmill/modules/go-flowrate/flowrate/io.go:122.2,122.8 1 1
github.com/dappledger/AnnChain/gemmill/modules/go-flowrate/flowrate/io.go:112.31,114.17 2 6
github.com/dappledger/AnnChain/gemmill/modules/go-flowrate/flowrate/io.go:119.3,120.9 2 5
github.com/dappledger/AnnChain/gemmill/modules/go-flowrate/flowrate/io.go:114.17,116.4 1 5
github.com/dappledger/AnnChain/gemmill/modules/go-flowrate/flowrate/io.go:116.9,118.4 1 1
github.com/dappledger/AnnChain/gemmill/modules/go-flowrate/flowrate/io.go:127.50,130.2 2 0
github.com/dappledger/AnnChain/gemmill/modules/go-flowrate/flowrate/io.go:135.51,138.2 2 2
github.com/dappledger/AnnChain/gemmill/modules/go-flowrate/flowrate/io.go:141.32,143.39 2 0
github.com/dappledger/AnnChain/gemmill/modules/go-flowrate/flowrate/io.go:146.2,146.12 1 0
github.com/dappledger/AnnChain/gemmill/modules/go-flowrate/flowrate/io.go:143.39,145.3 1 0
github.com/dappledger/AnnChain/gemmill/modules/go-flowrate/flowrate/util.go:35.28,37.2 1 65
github.com/dappledger/AnnChain/gemmill/modules/go-flowrate/flowrate/util.go:40.45,42.2 1 73
github.com/dappledger/AnnChain/gemmill/modules/go-flowrate/flowrate/util.go:45.48,47.2 1 16
github.com/dappledger/AnnChain/gemmill/modules/go-flowrate/flowrate/util.go:50.29,51.42 1 249
github.com/dappledger/AnnChain/gemmill/modules/go-flowrate/flowrate/util.go:54.2,54.29 1 201
github.com/dappledger/AnnChain/gemmill/modules/go-flowrate/flowrate/util.go:51.42,53.3 1 48
github.com/dappledger/AnnChain/gemmill/modules/go-flowrate/flowrate/util.go:61.42,62.25 1 73
github.com/dappledger/AnnChain/gemmill/modules/go-flowrate/flowrate/util.go:67.2,67.32 1 0
github.com/dappledger/AnnChain/gemmill/modules/go-flowrate/flowrate/util.go:62.25,64.3 1 58
github.com/dappledger/AnnChain/gemmill/modules/go-flowrate/flowrate/util.go:64.8,64.61 1 15
github.com/dappledger/AnnChain/gemmill/modules/go-flowrate/flowrate/util.go:64.61,66.3 1 15
github.com/dappledger/AnnChain/gemmill/modules/go-flowrate/flowrate/util.go:70.34,72.2 1 0
github.com/dappledger/AnnChain/gemmill/modules/go-flowrate/flowrate/util.go:74.34,81.2 6 4
